#
# There is insufficient memory for the Java Runtime Environment to continue.
# Native memory allocation (malloc) failed to allocate 432016 bytes for Chunk::new
# Possible reasons:
#   The system is out of physical RAM or swap space
#   The process is running with CompressedOops enabled, and the Java Heap may be blocking the growth of the native heap
# Possible solutions:
#   Reduce memory load on the system
#   Increase physical memory or swap space
#   Check if swap backing store is full
#   Decrease Java heap size (-Xmx/-Xms)
#   Decrease number of Java threads
#   Decrease Java thread stack sizes (-Xss)
#   Set larger code cache with -XX:ReservedCodeCacheSize=
#   JVM is running with Unscaled Compressed Oops mode in which the Java heap is
#     placed in the first 4GB address space. The Java Heap base address is the
#     maximum limit for the native heap growth. Please use -XX:HeapBaseMinAddress
#     to set the Java Heap base and to place the Java Heap above 4GB virtual address.
# This output file may be truncated or incomplete.
#
#  Out of Memory Error (t:/workspace/open/src/hotspot/share/memory/arena.cpp:197), pid=11800, tid=18940
#
# JRE version: Java(TM) SE Runtime Environment (11.0.5+10) (build 11.0.5+10-LTS)
# Java VM: Java HotSpot(TM) 64-Bit Server VM (11.0.5+10-LTS, mixed mode, tiered, compressed oops, parallel gc, windows-amd64)
# No core dump will be written. Minidumps are not enabled by default on client versions of Windows
#

---------------  S U M M A R Y ------------

Command Line: --add-modules=ALL-SYSTEM --add-opens=java.base/java.util=ALL-UNNAMED --add-opens=java.base/java.lang=ALL-UNNAMED -Declipse.application=org.eclipse.jdt.ls.core.id1 -Dosgi.bundles.defaultStartLevel=4 -Declipse.product=org.eclipse.jdt.ls.core.product -Dfile.encoding=utf8 -DwatchParentProcess=false -XX:+UseParallelGC -XX:GCTimeRatio=4 -XX:AdaptiveSizePolicyWeight=90 -Dsun.zip.disableMemoryMapping=true -Xmx1G -Xms100m -Xverify:none c:\Users\DongXiaDesktop\.vscode\extensions\redhat.java-0.60.0\server\plugins\org.eclipse.equinox.launcher_1.5.700.v20200207-2156.jar -configuration c:\Users\DongXiaDesktop\AppData\Roaming\Code\User\globalStorage\redhat.java\0.60.0\config_win -data c:\Users\DongXiaDesktop\AppData\Roaming\Code\User\workspaceStorage\28777a970998e4ad265be334d67d6e6c\redhat.java\jdt_ws

Host: AMD Ryzen 3 2200G with Radeon Vega Graphics    , 4 cores, 13G,  Windows 10 , 64 bit Build 18362 (10.0.18362.778)
Time: Fri Apr 24 15:59:19 2020 Hora oficial do Brasil elapsed time: 5 seconds (0d 0h 0m 5s)

---------------  T H R E A D  ---------------

Current thread (0x000001f7fc858800):  JavaThread "C2 CompilerThread0" daemon [_thread_in_native, id=18940, stack(0x0000007288600000,0x0000007288700000)]


Current CompileTask:
C2:   5132 3224   !   4       sun.nio.cs.StreamDecoder::read (196 bytes)

Stack: [0x0000007288600000,0x0000007288700000]
Native frames: (J=compiled Java code, j=interpreted, Vv=VM code, C=native code)
V  [jvm.dll+0x63611a]
V  [jvm.dll+0x77426f]
V  [jvm.dll+0x77591a]
V  [jvm.dll+0x775fd3]
V  [jvm.dll+0x25e608]
V  [jvm.dll+0xc1f31]
V  [jvm.dll+0xc24bc]
V  [jvm.dll+0x36db27]
V  [jvm.dll+0x33ab93]
V  [jvm.dll+0x339f6a]
V  [jvm.dll+0x218485]
V  [jvm.dll+0x21762a]
V  [jvm.dll+0x1941bc]
V  [jvm.dll+0x226684]
V  [jvm.dll+0x224c78]
V  [jvm.dll+0x7396cd]
V  [jvm.dll+0x6351c2]
C  [ucrtbase.dll+0x20e72]
C  [KERNEL32.DLL+0x17bd4]
C  [ntdll.dll+0x6ce51]


---------------  P R O C E S S  ---------------

Threads class SMR info:
_java_thread_list=0x000001f7ff868d90, length=19, elements={
0x000001f7f1b37000, 0x000001f7f1c02800, 0x000001f7fc83f800, 0x000001f7f1c0e800,
0x000001f7fda12800, 0x000001f7fc858800, 0x000001f7fc85a000, 0x000001f7fc89a000,
0x000001f7fdb43000, 0x000001f7fdc49000, 0x000001f7fe728800, 0x000001f7fe37b800,
0x000001f7fe382800, 0x000001f7fef6d800, 0x000001f7ff172800, 0x000001f7ff0dd800,
0x000001f7ff12f800, 0x000001f7ff246800, 0x000001f78fcec000
}

Java Threads: ( => current thread )
  0x000001f7f1b37000 JavaThread "main" [_thread_blocked, id=19116, stack(0x0000007287f00000,0x0000007288000000)]
  0x000001f7f1c02800 JavaThread "Reference Handler" daemon [_thread_blocked, id=14920, stack(0x0000007288200000,0x0000007288300000)]
  0x000001f7fc83f800 JavaThread "Finalizer" daemon [_thread_blocked, id=15548, stack(0x0000007288300000,0x0000007288400000)]
  0x000001f7f1c0e800 JavaThread "Signal Dispatcher" daemon [_thread_blocked, id=8372, stack(0x0000007288400000,0x0000007288500000)]
  0x000001f7fda12800 JavaThread "Attach Listener" daemon [_thread_blocked, id=11312, stack(0x0000007288500000,0x0000007288600000)]
=>0x000001f7fc858800 JavaThread "C2 CompilerThread0" daemon [_thread_in_native, id=18940, stack(0x0000007288600000,0x0000007288700000)]
  0x000001f7fc85a000 JavaThread "C1 CompilerThread0" daemon [_thread_in_vm, id=11368, stack(0x0000007288700000,0x0000007288800000)]
  0x000001f7fc89a000 JavaThread "Sweeper thread" daemon [_thread_blocked, id=16060, stack(0x0000007288800000,0x0000007288900000)]
  0x000001f7fdb43000 JavaThread "Common-Cleaner" daemon [_thread_blocked, id=18896, stack(0x0000007288900000,0x0000007288a00000)]
  0x000001f7fdc49000 JavaThread "Service Thread" daemon [_thread_blocked, id=17236, stack(0x0000007288a00000,0x0000007288b00000)]
  0x000001f7fe728800 JavaThread "Active Thread: Equinox Container: b80985a0-b38b-4eb1-bdbd-d29f76e86304" [_thread_blocked, id=956, stack(0x0000007288d00000,0x0000007288e00000)]
  0x000001f7fe37b800 JavaThread "Framework Event Dispatcher: Equinox Container: b80985a0-b38b-4eb1-bdbd-d29f76e86304" daemon [_thread_blocked, id=6972, stack(0x0000007288e00000,0x0000007288f00000)]
  0x000001f7fe382800 JavaThread "Start Level: Equinox Container: b80985a0-b38b-4eb1-bdbd-d29f76e86304" daemon [_thread_in_Java, id=7764, stack(0x0000007288f00000,0x0000007289000000)]
  0x000001f7fef6d800 JavaThread "Bundle File Closer" daemon [_thread_blocked, id=3044, stack(0x0000007288c00000,0x0000007288d00000)]
  0x000001f7ff172800 JavaThread "Worker-JM" [_thread_blocked, id=12156, stack(0x0000007289300000,0x0000007289400000)]
  0x000001f7ff0dd800 JavaThread "Worker-0" [_thread_blocked, id=14980, stack(0x0000007289400000,0x0000007289500000)]
  0x000001f7ff12f800 JavaThread "Worker-1" [_thread_blocked, id=14500, stack(0x0000007289500000,0x0000007289600000)]
  0x000001f7ff246800 JavaThread "Java indexing" daemon [_thread_blocked, id=2868, stack(0x0000007289600000,0x0000007289700000)]
  0x000001f78fcec000 JavaThread "C2 CompilerThread1" daemon [_thread_in_native, id=4512, stack(0x0000007289700000,0x0000007289800000)]

Other Threads:
  0x000001f7f1bfd800 VMThread "VM Thread" [stack: 0x0000007288100000,0x0000007288200000] [id=9056]
  0x000001f7fdc50000 WatcherThread [stack: 0x0000007288b00000,0x0000007288c00000] [id=3132]
  0x000001f7f1b4c800 GCTaskThread "ParGC Thread#0" [stack: 0x0000007288000000,0x0000007288100000] [id=2496]
  0x000001f7fe3d4000 GCTaskThread "ParGC Thread#1" [stack: 0x0000007289000000,0x0000007289100000] [id=836]
  0x000001f7fe150800 GCTaskThread "ParGC Thread#2" [stack: 0x0000007289100000,0x0000007289200000] [id=14152]
  0x000001f7fe151000 GCTaskThread "ParGC Thread#3" [stack: 0x0000007289200000,0x0000007289300000] [id=12536]

Threads with active compile tasks:
C2 CompilerThread03224   !   4       sun.nio.cs.StreamDecoder::read (196 bytes)
C2 CompilerThread13227       4       sun.nio.cs.StreamDecoder::implRead (243 bytes)

VM state:not at safepoint (normal execution)

VM Mutex/Monitor currently owned by a thread: None

Heap address: 0x00000000c0000000, size: 1024 MB, Compressed Oops mode: 32-bit
Narrow klass base: 0x0000000000000000, Narrow klass shift: 3
Compressed class space size: 1073741824 Address: 0x0000000100000000

Heap:
 PSYoungGen      total 29696K, used 17431K [0x00000000eab00000, 0x00000000ecc00000, 0x0000000100000000)
  eden space 25600K, 53% used [0x00000000eab00000,0x00000000eb85f2b8,0x00000000ec400000)
  from space 4096K, 91% used [0x00000000ec800000,0x00000000ecba6bc8,0x00000000ecc00000)
  to   space 4096K, 0% used [0x00000000ec400000,0x00000000ec400000,0x00000000ec800000)
 ParOldGen       total 68608K, used 9105K [0x00000000c0000000, 0x00000000c4300000, 0x00000000eab00000)
  object space 68608K, 13% used [0x00000000c0000000,0x00000000c08e47b0,0x00000000c4300000)
 Metaspace       used 31389K, capacity 32886K, committed 33152K, reserved 1079296K
  class space    used 3142K, capacity 3663K, committed 3712K, reserved 1048576K

Card table byte_map: [0x000001f7f1520000,0x000001f7f1730000] _byte_map_base: 0x000001f7f0f20000

Marking Bits: (ParMarkBitMap*) 0x00007fff09e2ed10
 Begin Bits: [0x000001f7f9ea0000, 0x000001f7faea0000)
 End Bits:   [0x000001f7faea0000, 0x000001f7fbea0000)

Polling page: 0x000001f7f1310000

Metaspace:

Usage:
  Non-class:     28.54 MB capacity,    27.59 MB ( 97%) used,   921.12 KB (  3%) free+waste,    54.38 KB ( <1%) overhead. 
      Class:      3.58 MB capacity,     3.07 MB ( 86%) used,   496.68 KB ( 14%) free+waste,    25.25 KB ( <1%) overhead. 
       Both:     32.12 MB capacity,    30.65 MB ( 95%) used,     1.38 MB (  4%) free+waste,    79.63 KB ( <1%) overhead. 

Virtual space:
  Non-class space:       30.00 MB reserved,      28.75 MB ( 96%) committed 
      Class space:        1.00 GB reserved,       3.63 MB ( <1%) committed 
             Both:        1.03 GB reserved,      32.38 MB (  3%) committed 

Chunk freelists:
   Non-Class:  3.13 KB
       Class:  1.88 KB
        Both:  5.00 KB

CodeHeap 'non-profiled nmethods': size=120064Kb used=1241Kb max_used=1241Kb free=118822Kb
 bounds [0x000001f787ac0000, 0x000001f787d30000, 0x000001f78f000000]
CodeHeap 'profiled nmethods': size=120000Kb used=6892Kb max_used=6892Kb free=113107Kb
 bounds [0x000001f780590000, 0x000001f780c50000, 0x000001f787ac0000]
CodeHeap 'non-nmethods': size=5696Kb used=1177Kb max_used=1206Kb free=4519Kb
 bounds [0x000001f780000000, 0x000001f780270000, 0x000001f780590000]
 total_blobs=4494 nmethods=3104 adapters=436
 compilation: enabled
              stopped_count=0, restarted_count=0
 full_count=0

Compilation events (10 events):
Event: 5.124 Thread 0x000001f7fc85a000 nmethod 3233 0x000001f780c40d10 code [0x000001f780c40ee0, 0x000001f780c41230]
Event: 5.126 Thread 0x000001f7fc85a000 3234       3       org.eclipse.sisu.plexus.PlexusXmlScanner::parseRequirement (228 bytes)
Event: 5.127 Thread 0x000001f7fc85a000 nmethod 3234 0x000001f780c41310 code [0x000001f780c417c0, 0x000001f780c435c0]
Event: 5.128 Thread 0x000001f7fc85a000 3235       3       org.eclipse.sisu.plexus.PlexusXmlMetadata::addIfMissing (40 bytes)
Event: 5.128 Thread 0x000001f7fc85a000 nmethod 3235 0x000001f780c44190 code [0x000001f780c443a0, 0x000001f780c44a20]
Event: 5.129 Thread 0x000001f7fc85a000 3237       3       org.codehaus.plexus.classworlds.realm.ClassRealm::loadClass (7 bytes)
Event: 5.129 Thread 0x000001f7fc85a000 nmethod 3237 0x000001f780c44c90 code [0x000001f780c44e80, 0x000001f780c45220]
Event: 5.129 Thread 0x000001f7fc85a000 3238       3       org.codehaus.plexus.classworlds.realm.ClassRealm::getClassLoadingLock (38 bytes)
Event: 5.129 Thread 0x000001f7fc85a000 nmethod 3238 0x000001f780c45390 code [0x000001f780c45560, 0x000001f780c458b0]
Event: 5.131 Thread 0x000001f7fc85a000 3239       3       java.util.Arrays$ArrayList::indexOf (62 bytes)

GC Heap History (10 events):
Event: 1.780 GC heap before
{Heap before GC invocations=1 (full 0):
 PSYoungGen      total 29696K, used 25600K [0x00000000eab00000, 0x00000000ecc00000, 0x0000000100000000)
  eden space 25600K, 100% used [0x00000000eab00000,0x00000000ec400000,0x00000000ec400000)
  from space 4096K, 0% used [0x00000000ec800000,0x00000000ec800000,0x00000000ecc00000)
  to   space 4096K, 0% used [0x00000000ec400000,0x00000000ec400000,0x00000000ec800000)
 ParOldGen       total 68608K, used 0K [0x00000000c0000000, 0x00000000c4300000, 0x00000000eab00000)
  object space 68608K, 0% used [0x00000000c0000000,0x00000000c0000000,0x00000000c4300000)
 Metaspace       used 13591K, capacity 13925K, committed 14208K, reserved 1062912K
  class space    used 1257K, capacity 1357K, committed 1408K, reserved 1048576K
}
Event: 1.794 GC heap after
{Heap after GC invocations=1 (full 0):
 PSYoungGen      total 29696K, used 4091K [0x00000000eab00000, 0x00000000ecc00000, 0x0000000100000000)
  eden space 25600K, 0% used [0x00000000eab00000,0x00000000eab00000,0x00000000ec400000)
  from space 4096K, 99% used [0x00000000ec400000,0x00000000ec7fec00,0x00000000ec800000)
  to   space 4096K, 0% used [0x00000000ec800000,0x00000000ec800000,0x00000000ecc00000)
 ParOldGen       total 68608K, used 288K [0x00000000c0000000, 0x00000000c4300000, 0x00000000eab00000)
  object space 68608K, 0% used [0x00000000c0000000,0x00000000c0048010,0x00000000c4300000)
 Metaspace       used 13591K, capacity 13925K, committed 14208K, reserved 1062912K
  class space    used 1257K, capacity 1357K, committed 1408K, reserved 1048576K
}
Event: 3.080 GC heap before
{Heap before GC invocations=2 (full 0):
 PSYoungGen      total 29696K, used 27109K [0x00000000eab00000, 0x00000000ecc00000, 0x0000000100000000)
  eden space 25600K, 89% used [0x00000000eab00000,0x00000000ec17ab18,0x00000000ec400000)
  from space 4096K, 99% used [0x00000000ec400000,0x00000000ec7fec00,0x00000000ec800000)
  to   space 4096K, 0% used [0x00000000ec800000,0x00000000ec800000,0x00000000ecc00000)
 ParOldGen       total 68608K, used 288K [0x00000000c0000000, 0x00000000c4300000, 0x00000000eab00000)
  object space 68608K, 0% used [0x00000000c0000000,0x00000000c0048010,0x00000000c4300000)
 Metaspace       used 20145K, capacity 21116K, committed 21248K, reserved 1069056K
  class space    used 1866K, capacity 2204K, committed 2304K, reserved 1048576K
}
Event: 3.088 GC heap after
{Heap after GC invocations=2 (full 0):
 PSYoungGen      total 29696K, used 4070K [0x00000000eab00000, 0x00000000ecc00000, 0x0000000100000000)
  eden space 25600K, 0% used [0x00000000eab00000,0x00000000eab00000,0x00000000ec400000)
  from space 4096K, 99% used [0x00000000ec800000,0x00000000ecbf99e8,0x00000000ecc00000)
  to   space 4096K, 0% used [0x00000000ec400000,0x00000000ec400000,0x00000000ec800000)
 ParOldGen       total 68608K, used 5180K [0x00000000c0000000, 0x00000000c4300000, 0x00000000eab00000)
  object space 68608K, 7% used [0x00000000c0000000,0x00000000c050f1c8,0x00000000c4300000)
 Metaspace       used 20145K, capacity 21116K, committed 21248K, reserved 1069056K
  class space    used 1866K, capacity 2204K, committed 2304K, reserved 1048576K
}
Event: 3.088 GC heap before
{Heap before GC invocations=3 (full 1):
 PSYoungGen      total 29696K, used 4070K [0x00000000eab00000, 0x00000000ecc00000, 0x0000000100000000)
  eden space 25600K, 0% used [0x00000000eab00000,0x00000000eab00000,0x00000000ec400000)
  from space 4096K, 99% used [0x00000000ec800000,0x00000000ecbf99e8,0x00000000ecc00000)
  to   space 4096K, 0% used [0x00000000ec400000,0x00000000ec400000,0x00000000ec800000)
 ParOldGen       total 68608K, used 5180K [0x00000000c0000000, 0x00000000c4300000, 0x00000000eab00000)
  object space 68608K, 7% used [0x00000000c0000000,0x00000000c050f1c8,0x00000000c4300000)
 Metaspace       used 20145K, capacity 21116K, committed 21248K, reserved 1069056K
  class space    used 1866K, capacity 2204K, committed 2304K, reserved 1048576K
}
Event: 3.141 GC heap after
{Heap after GC invocations=3 (full 1):
 PSYoungGen      total 29696K, used 0K [0x00000000eab00000, 0x00000000ecc00000, 0x0000000100000000)
  eden space 25600K, 0% used [0x00000000eab00000,0x00000000eab00000,0x00000000ec400000)
  from space 4096K, 0% used [0x00000000ec800000,0x00000000ec800000,0x00000000ecc00000)
  to   space 4096K, 0% used [0x00000000ec400000,0x00000000ec400000,0x00000000ec800000)
 ParOldGen       total 68608K, used 9081K [0x00000000c0000000, 0x00000000c4300000, 0x00000000eab00000)
  object space 68608K, 13% used [0x00000000c0000000,0x00000000c08de798,0x00000000c4300000)
 Metaspace       used 20145K, capacity 21116K, committed 21248K, reserved 1069056K
  class space    used 1866K, capacity 2204K, committed 2304K, reserved 1048576K
}
Event: 3.984 GC heap before
{Heap before GC invocations=4 (full 1):
 PSYoungGen      total 29696K, used 25600K [0x00000000eab00000, 0x00000000ecc00000, 0x0000000100000000)
  eden space 25600K, 100% used [0x00000000eab00000,0x00000000ec400000,0x00000000ec400000)
  from space 4096K, 0% used [0x00000000ec800000,0x00000000ec800000,0x00000000ecc00000)
  to   space 4096K, 0% used [0x00000000ec400000,0x00000000ec400000,0x00000000ec800000)
 ParOldGen       total 68608K, used 9081K [0x00000000c0000000, 0x00000000c4300000, 0x00000000eab00000)
  object space 68608K, 13% used [0x00000000c0000000,0x00000000c08de798,0x00000000c4300000)
 Metaspace       used 25889K, capacity 27296K, committed 27520K, reserved 1073152K
  class space    used 2415K, capacity 2894K, committed 2944K, reserved 1048576K
}
Event: 3.988 GC heap after
{Heap after GC invocations=4 (full 1):
 PSYoungGen      total 29696K, used 2490K [0x00000000eab00000, 0x00000000ecc00000, 0x0000000100000000)
  eden space 25600K, 0% used [0x00000000eab00000,0x00000000eab00000,0x00000000ec400000)
  from space 4096K, 60% used [0x00000000ec400000,0x00000000ec66ebc8,0x00000000ec800000)
  to   space 4096K, 0% used [0x00000000ec800000,0x00000000ec800000,0x00000000ecc00000)
 ParOldGen       total 68608K, used 9097K [0x00000000c0000000, 0x00000000c4300000, 0x00000000eab00000)
  object space 68608K, 13% used [0x00000000c0000000,0x00000000c08e27b0,0x00000000c4300000)
 Metaspace       used 25889K, capacity 27296K, committed 27520K, reserved 1073152K
  class space    used 2415K, capacity 2894K, committed 2944K, reserved 1048576K
}
Event: 4.576 GC heap before
{Heap before GC invocations=5 (full 1):
 PSYoungGen      total 29696K, used 28090K [0x00000000eab00000, 0x00000000ecc00000, 0x0000000100000000)
  eden space 25600K, 100% used [0x00000000eab00000,0x00000000ec400000,0x00000000ec400000)
  from space 4096K, 60% used [0x00000000ec400000,0x00000000ec66ebc8,0x00000000ec800000)
  to   space 4096K, 0% used [0x00000000ec800000,0x00000000ec800000,0x00000000ecc00000)
 ParOldGen       total 68608K, used 9097K [0x00000000c0000000, 0x00000000c4300000, 0x00000000eab00000)
  object space 68608K, 13% used [0x00000000c0000000,0x00000000c08e27b0,0x00000000c4300000)
 Metaspace       used 30204K, capacity 31726K, committed 32000K, reserved 1077248K
  class space    used 2977K, capacity 3492K, committed 3584K, reserved 1048576K
}
Event: 4.578 GC heap after
{Heap after GC invocations=5 (full 1):
 PSYoungGen      total 29696K, used 3738K [0x00000000eab00000, 0x00000000ecc00000, 0x0000000100000000)
  eden space 25600K, 0% used [0x00000000eab00000,0x00000000eab00000,0x00000000ec400000)
  from space 4096K, 91% used [0x00000000ec800000,0x00000000ecba6bc8,0x00000000ecc00000)
  to   space 4096K, 0% used [0x00000000ec400000,0x00000000ec400000,0x00000000ec800000)
 ParOldGen       total 68608K, used 9105K [0x00000000c0000000, 0x00000000c4300000, 0x00000000eab00000)
  object space 68608K, 13% used [0x00000000c0000000,0x00000000c08e47b0,0x00000000c4300000)
 Metaspace       used 30204K, capacity 31726K, committed 32000K, reserved 1077248K
  class space    used 2977K, capacity 3492K, committed 3584K, reserved 1048576K
}

Deoptimization events (10 events):
Event: 4.116 Thread 0x000001f7fe382800 Uncommon trap: reason=unstable_if action=reinterpret pc=0x000001f787bbeb68 method=org.codehaus.plexus.util.xml.pull.MXParser.nextImpl()I @ 241 c2
Event: 4.117 Thread 0x000001f7fe382800 Uncommon trap: reason=unstable_if action=reinterpret pc=0x000001f787bb6274 method=java.io.Reader.read()I @ 12 c2
Event: 4.122 Thread 0x000001f7fe382800 Uncommon trap: reason=unstable_if action=reinterpret pc=0x000001f787bbde0c method=org.codehaus.plexus.util.xml.pull.MXParser.isS(C)Z @ 15 c2
Event: 4.130 Thread 0x000001f7fe382800 Uncommon trap: reason=unstable_if action=reinterpret pc=0x000001f787bbac68 method=sun.nio.cs.StreamDecoder.implRead([CII)I @ 197 c2
Event: 4.137 Thread 0x000001f7fe382800 Uncommon trap: reason=unstable_if action=reinterpret pc=0x000001f787bc3c44 method=sun.nio.cs.StreamDecoder.read0()I @ 39 c2
Event: 4.163 Thread 0x000001f7fe382800 Uncommon trap: reason=unstable_if action=reinterpret pc=0x000001f787b1f2f8 method=java.util.HashMap.getNode(ILjava/lang/Object;)Ljava/util/HashMap$Node; @ 129 c2
Event: 4.465 Thread 0x000001f7fe382800 Uncommon trap: reason=speculate_class_check action=maybe_recompile pc=0x000001f787bd7444 method=java.lang.reflect.Executable.declaredAnnotations()Ljava/util/Map; @ 23 c2
Event: 4.466 Thread 0x000001f7fe382800 Uncommon trap: reason=speculate_class_check action=maybe_recompile pc=0x000001f787bd7444 method=java.lang.reflect.Executable.declaredAnnotations()Ljava/util/Map; @ 23 c2
Event: 4.466 Thread 0x000001f7fe382800 Uncommon trap: reason=speculate_class_check action=maybe_recompile pc=0x000001f787bd7444 method=java.lang.reflect.Executable.declaredAnnotations()Ljava/util/Map; @ 23 c2
Event: 4.467 Thread 0x000001f7fe382800 Uncommon trap: reason=speculate_class_check action=maybe_recompile pc=0x000001f787bd7444 method=java.lang.reflect.Executable.declaredAnnotations()Ljava/util/Map; @ 23 c2

Classes redefined (0 events):
No events

Internal exceptions (10 events):
Event: 3.043 Thread 0x000001f7fe382800 Exception <a 'sun/nio/fs/WindowsException'{0x00000000ec035ec8}> (0x00000000ec035ec8) thrown at [t:/workspace/open/src/hotspot/share/prims/jni.cpp, line 615]
Event: 3.048 Thread 0x000001f7fe382800 Exception <a 'java/io/FileNotFoundException'{0x00000000ec054808}> (0x00000000ec054808) thrown at [t:/workspace/open/src/hotspot/share/prims/jni.cpp, line 615]
Event: 3.345 Thread 0x000001f7fe382800 Exception <a 'java/lang/ClassNotFoundException'{0x00000000eb84ec58}: com/sun/org/apache/xerces/internal/impl/msg/spi/DOMMessagesProvider> (0x00000000eb84ec58) thrown at [t:/workspace/open/src/hotspot/share/classfile/systemDictionary.cpp, line 231]
Event: 3.347 Thread 0x000001f7fe382800 Exception <a 'java/lang/ClassNotFoundException'{0x00000000eb863578}: com/sun/org/apache/xerces/internal/impl/msg/spi/XMLSerializerMessagesProvider> (0x00000000eb863578) thrown at [t:/workspace/open/src/hotspot/share/classfile/systemDictionary.cpp, line 23
Event: 3.347 Thread 0x000001f7fe382800 Exception <a 'java/lang/ClassNotFoundException'{0x00000000eb86ea58}: com/sun/org/apache/xerces/internal/impl/msg/spi/XMLMessagesProvider> (0x00000000eb86ea58) thrown at [t:/workspace/open/src/hotspot/share/classfile/systemDictionary.cpp, line 231]
Event: 3.464 Thread 0x000001f7fe382800 Exception <a 'java/lang/ClassNotFoundException'{0x00000000eba335c8}: com/sun/org/apache/xml/internal/serializer/spi/XMLEntitiesProvider> (0x00000000eba335c8) thrown at [t:/workspace/open/src/hotspot/share/classfile/systemDictionary.cpp, line 231]
Event: 3.609 Thread 0x000001f7fe382800 Exception <a 'java/io/FileNotFoundException'{0x00000000ebd22938}> (0x00000000ebd22938) thrown at [t:/workspace/open/src/hotspot/share/prims/jni.cpp, line 615]
Event: 3.613 Thread 0x000001f7fe382800 Exception <a 'java/lang/NoClassDefFoundError'{0x00000000ebd44278}: org/slf4j/impl/StaticLoggerBinder> (0x00000000ebd44278) thrown at [t:/workspace/open/src/hotspot/share/classfile/systemDictionary.cpp, line 220]
Event: 4.061 Thread 0x000001f7fe382800 Implicit null exception at 0x000001f787b5d37c to 0x000001f787b5d63a
Event: 4.100 Thread 0x000001f7fe382800 Implicit null exception at 0x000001f787b41776 to 0x000001f787b419f6

Events (10 events):
Event: 4.613 Executing VM operation: Deoptimize
Event: 4.614 Executing VM operation: Deoptimize done
Event: 4.647 loading class sun/reflect/generics/scope/MethodScope
Event: 4.647 loading class sun/reflect/generics/scope/MethodScope done
Event: 4.647 loading class sun/reflect/generics/repository/MethodRepository
Event: 4.647 loading class sun/reflect/generics/repository/MethodRepository done
Event: 4.675 Executing VM operation: Deoptimize
Event: 4.675 Executing VM operation: Deoptimize done
Event: 4.963 Thread 0x000001f7ff506000 Thread exited: 0x000001f7ff506000
Event: 5.119 Thread 0x000001f78fcec000 Thread added: 0x000001f78fcec000


Dynamic libraries:
0x00007ff6bf900000 - 0x00007ff6bf947000 	C:\Program Files\Java\jdk-11.0.5\bin\java.exe
0x00007fff40100000 - 0x00007fff402f0000 	C:\Windows\SYSTEM32\ntdll.dll
0x00007fff3e8e0000 - 0x00007fff3e992000 	C:\Windows\System32\KERNEL32.DLL
0x00007fff3d550000 - 0x00007fff3d7f3000 	C:\Windows\System32\KERNELBASE.dll
0x00007fff3e1b0000 - 0x00007fff3e253000 	C:\Windows\System32\ADVAPI32.dll
0x00007fff3edd0000 - 0x00007fff3ee6e000 	C:\Windows\System32\msvcrt.dll
0x00007fff3f840000 - 0x00007fff3f8d7000 	C:\Windows\System32\sechost.dll
0x00007fff3f5c0000 - 0x00007fff3f6e0000 	C:\Windows\System32\RPCRT4.dll
0x00007fff3fcb0000 - 0x00007fff3fe44000 	C:\Windows\System32\USER32.dll
0x00007fff3d250000 - 0x00007fff3d271000 	C:\Windows\System32\win32u.dll
0x00007fff3e770000 - 0x00007fff3e796000 	C:\Windows\System32\GDI32.dll
0x00007fff3d090000 - 0x00007fff3d224000 	C:\Windows\System32\gdi32full.dll
0x00007fff3d800000 - 0x00007fff3d89e000 	C:\Windows\System32\msvcp_win.dll
0x00007fff3d450000 - 0x00007fff3d54a000 	C:\Windows\System32\ucrtbase.dll
0x00007fff2c380000 - 0x00007fff2c605000 	C:\Windows\WinSxS\amd64_microsoft.windows.common-controls_6595b64144ccf1df_6.0.18362.778_none_e6c6b761130d4fb8\COMCTL32.dll
0x00007fff3f970000 - 0x00007fff3fca6000 	C:\Windows\System32\combase.dll
0x00007fff3d3d0000 - 0x00007fff3d450000 	C:\Windows\System32\bcryptPrimitives.dll
0x00007fff36df0000 - 0x00007fff36dfa000 	C:\Windows\SYSTEM32\VERSION.dll
0x00007fff3f940000 - 0x00007fff3f96e000 	C:\Windows\System32\IMM32.DLL
0x00007fff39aa0000 - 0x00007fff39ab6000 	C:\Program Files\Java\jdk-11.0.5\bin\vcruntime140.dll
0x00007fff27540000 - 0x00007fff275ea000 	C:\Program Files\Java\jdk-11.0.5\bin\msvcp140.dll
0x00007fff093c0000 - 0x00007fff09ee8000 	C:\Program Files\Java\jdk-11.0.5\bin\server\jvm.dll
0x00007fff3e260000 - 0x00007fff3e268000 	C:\Windows\System32\PSAPI.DLL
0x00007fff2b890000 - 0x00007fff2b899000 	C:\Windows\SYSTEM32\WSOCK32.dll
0x00007fff3f6e0000 - 0x00007fff3f74f000 	C:\Windows\System32\WS2_32.dll
0x00007fff3abd0000 - 0x00007fff3abf4000 	C:\Windows\SYSTEM32\WINMM.dll
0x00007fff3aac0000 - 0x00007fff3aaed000 	C:\Windows\SYSTEM32\WINMMBASE.dll
0x00007fff3d8a0000 - 0x00007fff3d8ea000 	C:\Windows\System32\cfgmgr32.dll
0x00007fff3d040000 - 0x00007fff3d051000 	C:\Windows\System32\kernel.appcore.dll
0x00007fff398f0000 - 0x00007fff39901000 	C:\Program Files\Java\jdk-11.0.5\bin\verify.dll
0x00007fff29c00000 - 0x00007fff29df4000 	C:\Windows\SYSTEM32\DBGHELP.DLL
0x00007fff29850000 - 0x00007fff2987a000 	C:\Windows\SYSTEM32\dbgcore.DLL
0x00007fff36ae0000 - 0x00007fff36b09000 	C:\Program Files\Java\jdk-11.0.5\bin\java.dll
0x00007fff36ac0000 - 0x00007fff36ad6000 	C:\Program Files\Java\jdk-11.0.5\bin\zip.dll
0x00007fff36ab0000 - 0x00007fff36aba000 	C:\Program Files\Java\jdk-11.0.5\bin\jimage.dll
0x00007fff3eed0000 - 0x00007fff3f5b5000 	C:\Windows\System32\SHELL32.dll
0x00007fff40000000 - 0x00007fff400a9000 	C:\Windows\System32\shcore.dll
0x00007fff3d980000 - 0x00007fff3e100000 	C:\Windows\System32\windows.storage.dll
0x00007fff3d060000 - 0x00007fff3d083000 	C:\Windows\System32\profapi.dll
0x00007fff3cfd0000 - 0x00007fff3d01a000 	C:\Windows\System32\powrprof.dll
0x00007fff3cfc0000 - 0x00007fff3cfd0000 	C:\Windows\System32\UMPDC.dll
0x00007fff3e290000 - 0x00007fff3e2e2000 	C:\Windows\System32\shlwapi.dll
0x00007fff3d230000 - 0x00007fff3d247000 	C:\Windows\System32\cryptsp.dll
0x00007fff2e0f0000 - 0x00007fff2e109000 	C:\Program Files\Java\jdk-11.0.5\bin\net.dll
0x00007fff36b10000 - 0x00007fff36c00000 	C:\Windows\SYSTEM32\WINHTTP.dll
0x00007fff3c7d0000 - 0x00007fff3c837000 	C:\Windows\system32\mswsock.dll
0x00007fff2e050000 - 0x00007fff2e063000 	C:\Program Files\Java\jdk-11.0.5\bin\nio.dll
0x00007fff3c340000 - 0x00007fff3c373000 	C:\Windows\system32\rsaenh.dll
0x00007fff3d8f0000 - 0x00007fff3d916000 	C:\Windows\System32\bcrypt.dll
0x00007fff3cee0000 - 0x00007fff3cf05000 	C:\Windows\SYSTEM32\USERENV.dll
0x00007fff3c9a0000 - 0x00007fff3c9ac000 	C:\Windows\SYSTEM32\CRYPTBASE.dll
0x00007fff3c4e0000 - 0x00007fff3c51a000 	C:\Windows\SYSTEM32\IPHLPAPI.DLL
0x00007fff3e2f0000 - 0x00007fff3e2f8000 	C:\Windows\System32\NSI.dll
0x00007fff32590000 - 0x00007fff325a6000 	C:\Windows\SYSTEM32\dhcpcsvc6.DLL
0x00007fff325d0000 - 0x00007fff325ec000 	C:\Windows\SYSTEM32\dhcpcsvc.DLL
0x00007fff3c520000 - 0x00007fff3c5ea000 	C:\Windows\SYSTEM32\DNSAPI.dll
0x00007fff2e170000 - 0x00007fff2e199000 	C:\Users\DongXiaDesktop\AppData\Roaming\Code\User\globalStorage\redhat.java\0.60.0\config_win\org.eclipse.equinox.launcher\org.eclipse.equinox.launcher.win32.win32.x86_64_1.1.1100.v20190907-0426\eclipse_1902.dll

dbghelp: loaded successfully - version: 4.0.5 - missing functions: none
symbol engine: initialized successfully - sym options: 0x614 - pdb path: (cannot be retrieved)

VM Arguments:
jvm_args: --add-modules=ALL-SYSTEM --add-opens=java.base/java.util=ALL-UNNAMED --add-opens=java.base/java.lang=ALL-UNNAMED -Declipse.application=org.eclipse.jdt.ls.core.id1 -Dosgi.bundles.defaultStartLevel=4 -Declipse.product=org.eclipse.jdt.ls.core.product -Dfile.encoding=utf8 -DwatchParentProcess=false -XX:+UseParallelGC -XX:GCTimeRatio=4 -XX:AdaptiveSizePolicyWeight=90 -Dsun.zip.disableMemoryMapping=true -Xmx1G -Xms100m -Xverify:none 
java_command: c:\Users\DongXiaDesktop\.vscode\extensions\redhat.java-0.60.0\server\plugins\org.eclipse.equinox.launcher_1.5.700.v20200207-2156.jar -configuration c:\Users\DongXiaDesktop\AppData\Roaming\Code\User\globalStorage\redhat.java\0.60.0\config_win -data c:\Users\DongXiaDesktop\AppData\Roaming\Code\User\workspaceStorage\28777a970998e4ad265be334d67d6e6c\redhat.java\jdt_ws
java_class_path (initial): c:\Users\DongXiaDesktop\.vscode\extensions\redhat.java-0.60.0\server\plugins\org.eclipse.equinox.launcher_1.5.700.v20200207-2156.jar
Launcher Type: SUN_STANDARD

[Global flags]
    uintx AdaptiveSizePolicyWeight                 = 90                                        {product} {command line}
     bool BytecodeVerificationLocal                = false                                     {product} {command line}
     bool BytecodeVerificationRemote               = false                                     {product} {command line}
     intx CICompilerCount                          = 3                                         {product} {ergonomic}
    uintx GCTimeRatio                              = 4                                         {product} {command line}
   size_t InitialHeapSize                          = 104857600                                 {product} {command line}
   size_t MaxHeapSize                              = 1073741824                                {product} {command line}
   size_t MaxNewSize                               = 357564416                                 {product} {ergonomic}
   size_t MinHeapDeltaBytes                        = 524288                                    {product} {ergonomic}
   size_t NewSize                                  = 34603008                                  {product} {ergonomic}
    uintx NonNMethodCodeHeapSize                   = 5830732                                {pd product} {ergonomic}
    uintx NonProfiledCodeHeapSize                  = 122913754                              {pd product} {ergonomic}
   size_t OldSize                                  = 70254592                                  {product} {ergonomic}
    uintx ProfiledCodeHeapSize                     = 122913754                              {pd product} {ergonomic}
    uintx ReservedCodeCacheSize                    = 251658240                              {pd product} {ergonomic}
     bool SegmentedCodeCache                       = true                                      {product} {ergonomic}
     bool UseCompressedClassPointers               = true                                 {lp64_product} {ergonomic}
     bool UseCompressedOops                        = true                                 {lp64_product} {ergonomic}
     bool UseLargePagesIndividualAllocation        = false                                  {pd product} {ergonomic}
     bool UseParallelGC                            = true                                      {product} {command line}

Logging:
Log output configuration:
 #0: stdout all=warning uptime,level,tags
 #1: stderr all=off uptime,level,tags

Environment Variables:
PATH=C:\ActiveTcl\bin;C:\Program Files (x86)\STMicroelectronics\st_toolset\asm;C:\Program Files (x86)\Common Files\Oracle\Java\javapath;C:\Windows\system32;C:\Windows;C:\Windows\System32\Wbem;C:\Windows\System32\WindowsPowerShell\v1.0\;C:\Windows\System32\OpenSSH\;C:\Program Files\MATLAB\R2017b\runtime\win64;C:\Program Files\MATLAB\R2017b\bin;C:\Program Files (x86)\COSMIC\FSE_Compilers\CXSTM8;C:\Program Files (x86)\COSMIC\FSE_Compilers\CXSTM32;C:\Program Files\Git\cmd;C:\Program Files\dotnet\;C:\Program Files\TortoiseSVN\bin;C:\Program Files\Java\jdk-11.0.5\bin;C:\Program Files (x86)\Wolfram Research\WolframScript\;C:\cadence\Cadence\Cadence_SPB_16.6-2015\openaccess\bin\win32\opt;C:\cadence\Cadence\Cadence_SPB_16.6-2015\tools\capture;C:\cadence\Cadence\Cadence_SPB_16.6-2015\tools\pspice;C:\cadence\Cadence\Cadence_SPB_16.6-2015\tools\specctra\bin;C:\cadence\Cadence\Cadence_SPB_16.6-2015\tools\fet\bin;C:\cadence\Cadence\Cadence_SPB_16.6-2015\tools\libutil\bin;C:\cadence\Cadence\Cadence_SPB_16.6-2015\tools\bin;C:\cadence\Cadence\Cadence_SPB_16.6-2015\tools\pcb\bin;C:\Users\DongXiaDesktop\AppData\Local\Microsoft\WindowsApps;;C:\Program Files\JetBrains\IntelliJ IDEA 2019.3.1\bin;;C:\Users\DongXiaDesktop\AppData\Local\Programs\Microsoft VS Code\bin;C:\Program Files\SDCC\bin;C:\Program Files\Java\jdk-11.0.5\bin
USERNAME=DongXiaDesktop
OS=Windows_NT
PROCESSOR_IDENTIFIER=AMD64 Family 23 Model 17 Stepping 0, AuthenticAMD



---------------  S Y S T E M  ---------------

OS: Windows 10 , 64 bit Build 18362 (10.0.18362.778)

CPU:total 4 (initial active 4) (4 cores per cpu, 1 threads per core) family 23 model 17 stepping 0, cmov, cx8, fxsr, mmx, sse, sse2, sse3, ssse3, sse4.1, sse4.2, popcnt, avx, avx2, aes, clmul, mmxext, 3dnowpref, lzcnt, sse4a, tsc, tscinvbit, tscinv, bmi1, bmi2, adx, sha, fma

Memory: 4k page, system-wide physical 14284M (2959M free)
TotalPageFile size 14284M (AvailPageFile size 5M)
current process WorkingSet (physical memory assigned to process): 131M, peak: 131M
current process commit charge ("private bytes"): 231M, peak: 231M

vm_info: Java HotSpot(TM) 64-Bit Server VM (11.0.5+10-LTS) for windows-amd64 JRE (11.0.5+10-LTS), built on Oct  6 2019 12:37:14 by "mach5one" with MS VC++ 15.5 (VS2017)

END.
