#
# There is insufficient memory for the Java Runtime Environment to continue.
# Native memory allocation (malloc) failed to allocate 1575216 bytes for Chunk::new
# Possible reasons:
#   The system is out of physical RAM or swap space
#   The process is running with CompressedOops enabled, and the Java Heap may be blocking the growth of the native heap
# Possible solutions:
#   Reduce memory load on the system
#   Increase physical memory or swap space
#   Check if swap backing store is full
#   Decrease Java heap size (-Xmx/-Xms)
#   Decrease number of Java threads
#   Decrease Java thread stack sizes (-Xss)
#   Set larger code cache with -XX:ReservedCodeCacheSize=
#   JVM is running with Zero Based Compressed Oops mode in which the Java heap is
#     placed in the first 32GB address space. The Java Heap base address is the
#     maximum limit for the native heap growth. Please use -XX:HeapBaseMinAddress
#     to set the Java Heap base and to place the Java Heap above 32GB virtual address.
# This output file may be truncated or incomplete.
#
#  Out of Memory Error (t:/workspace/open/src/hotspot/share/memory/arena.cpp:197), pid=11320, tid=7784
#
# JRE version: Java(TM) SE Runtime Environment (11.0.5+10) (build 11.0.5+10-LTS)
# Java VM: Java HotSpot(TM) 64-Bit Server VM (11.0.5+10-LTS, mixed mode, tiered, compressed oops, g1 gc, windows-amd64)
# No core dump will be written. Minidumps are not enabled by default on client versions of Windows
#

---------------  S U M M A R Y ------------

Command Line: -agentlib:jdwp=transport=dt_socket,server=n,suspend=y,address=localhost:63491 --module-path=C:\Program Files\Java\javafx-sdk-11.0.2\lib --add-modules=javafx.controls,javafx.fxml -Dfile.encoding=UTF-8 vehiclepanel.Main

Host: AMD Ryzen 3 2200G with Radeon Vega Graphics    , 4 cores, 13G,  Windows 10 , 64 bit Build 18362 (10.0.18362.329)
Time: Fri Mar 27 17:36:39 2020 Hora oficial do Brasil elapsed time: 2 seconds (0d 0h 0m 2s)

---------------  T H R E A D  ---------------

Current thread (0x000001c447527000):  JavaThread "C2 CompilerThread0" daemon [_thread_in_native, id=7784, stack(0x000000122c400000,0x000000122c500000)]


Current CompileTask:
C2:   2246 1985       4       jdk.internal.org.objectweb.asm.Frame::execute (2264 bytes)

Stack: [0x000000122c400000,0x000000122c500000]
Native frames: (J=compiled Java code, j=interpreted, Vv=VM code, C=native code)
V  [jvm.dll+0x63611a]
V  [jvm.dll+0x77426f]
V  [jvm.dll+0x77591a]
V  [jvm.dll+0x775fd3]
V  [jvm.dll+0x25e608]
V  [jvm.dll+0xc1f31]
V  [jvm.dll+0xc24bc]
V  [jvm.dll+0x36db27]
V  [jvm.dll+0x33ab93]
V  [jvm.dll+0x339f6a]
V  [jvm.dll+0x218485]
V  [jvm.dll+0x21762a]
V  [jvm.dll+0x1941bc]
V  [jvm.dll+0x226684]
V  [jvm.dll+0x224c78]
V  [jvm.dll+0x7396cd]
V  [jvm.dll+0x6351c2]
C  [ucrtbase.dll+0x20e72]
C  [KERNEL32.DLL+0x17bd4]
C  [ntdll.dll+0x6ced1]


---------------  P R O C E S S  ---------------

Threads class SMR info:
_java_thread_list=0x000001c4482e5e70, length=22, elements={
0x000001c424f48000, 0x000001c4474a1000, 0x000001c4474cd000, 0x000001c447524000,
0x000001c447525800, 0x000001c447527000, 0x000001c44758a000, 0x000001c44759e000,
0x000001c4476b8000, 0x000001c447706000, 0x000001c447eb8800, 0x000001c447de1800,
0x000001c44806a000, 0x000001c448424800, 0x000001c447fef800, 0x000001c4480c1800,
0x000001c4488de000, 0x000001c44849a800, 0x000001c448076800, 0x000001c44a58b800,
0x000001c448719000, 0x000001c4503fe800
}

Java Threads: ( => current thread )
  0x000001c424f48000 JavaThread "main" [_thread_blocked, id=9828, stack(0x000000122b900000,0x000000122ba00000)]
  0x000001c4474a1000 JavaThread "Reference Handler" daemon [_thread_blocked, id=14252, stack(0x000000122c000000,0x000000122c100000)]
  0x000001c4474cd000 JavaThread "Finalizer" daemon [_thread_blocked, id=15016, stack(0x000000122c100000,0x000000122c200000)]
  0x000001c447524000 JavaThread "Signal Dispatcher" daemon [_thread_blocked, id=10724, stack(0x000000122c200000,0x000000122c300000)]
  0x000001c447525800 JavaThread "Attach Listener" daemon [_thread_blocked, id=19220, stack(0x000000122c300000,0x000000122c400000)]
=>0x000001c447527000 JavaThread "C2 CompilerThread0" daemon [_thread_in_native, id=7784, stack(0x000000122c400000,0x000000122c500000)]
  0x000001c44758a000 JavaThread "C1 CompilerThread0" daemon [_thread_blocked, id=17452, stack(0x000000122c500000,0x000000122c600000)]
  0x000001c44759e000 JavaThread "Sweeper thread" daemon [_thread_blocked, id=4496, stack(0x000000122c600000,0x000000122c700000)]
  0x000001c4476b8000 JavaThread "Common-Cleaner" daemon [_thread_blocked, id=3284, stack(0x000000122c700000,0x000000122c800000)]
  0x000001c447706000 JavaThread "C2 CompilerThread1" daemon [_thread_in_native, id=2488, stack(0x000000122c800000,0x000000122c900000)]
  0x000001c447eb8800 JavaThread "JDWP Transport Listener: dt_socket" daemon [_thread_blocked, id=18140, stack(0x000000122c900000,0x000000122ca00000)]
  0x000001c447de1800 JavaThread "JDWP Event Helper Thread" daemon [_thread_blocked, id=12308, stack(0x000000122ca00000,0x000000122cb00000)]
  0x000001c44806a000 JavaThread "JDWP Command Reader" daemon [_thread_in_native, id=18904, stack(0x000000122cb00000,0x000000122cc00000)]
  0x000001c448424800 JavaThread "Service Thread" daemon [_thread_blocked, id=17920, stack(0x000000122cc00000,0x000000122cd00000)]
  0x000001c447fef800 JavaThread "QuantumRenderer-0" daemon [_thread_blocked, id=17428, stack(0x000000122ce00000,0x000000122cf00000)]
  0x000001c4480c1800 JavaThread "InvokeLaterDispatcher" daemon [_thread_in_native, id=16612, stack(0x000000122d100000,0x000000122d200000)]
  0x000001c4488de000 JavaThread "JavaFX Application Thread" [_thread_in_Java, id=19032, stack(0x000000122d200000,0x000000122d300000)]
  0x000001c44849a800 JavaThread "JavaFX-Launcher" [_thread_blocked, id=8764, stack(0x000000122dd00000,0x000000122de00000)]
  0x000001c448076800 JavaThread "Thread-2" daemon [_thread_in_native, id=7464, stack(0x000000122dc00000,0x000000122dd00000)]
  0x000001c44a58b800 JavaThread "Thread-3" daemon [_thread_in_Java, id=8980, stack(0x000000122de00000,0x000000122df00000)]
  0x000001c448719000 JavaThread "Thread-4" daemon [_thread_blocked, id=16096, stack(0x000000122df00000,0x000000122e000000)]
  0x000001c4503fe800 JavaThread "Prism Font Disposer" daemon [_thread_blocked, id=11520, stack(0x000000122e100000,0x000000122e200000)]

Other Threads:
  0x000001c44749e000 VMThread "VM Thread" [stack: 0x000000122bf00000,0x000000122c000000] [id=9536]
  0x000001c448357800 WatcherThread [stack: 0x000000122cd00000,0x000000122ce00000] [id=13920]
  0x000001c424f5e000 GCTaskThread "GC Thread#0" [stack: 0x000000122ba00000,0x000000122bb00000] [id=18348]
  0x000001c44910f800 GCTaskThread "GC Thread#1" [stack: 0x000000122d300000,0x000000122d400000] [id=16812]
  0x000001c44823e800 GCTaskThread "GC Thread#2" [stack: 0x000000122d400000,0x000000122d500000] [id=18644]
  0x000001c44823f000 GCTaskThread "GC Thread#3" [stack: 0x000000122d500000,0x000000122d600000] [id=964]
  0x000001c424faf800 ConcurrentGCThread "G1 Main Marker" [stack: 0x000000122bb00000,0x000000122bc00000] [id=9888]
  0x000001c424fb1000 ConcurrentGCThread "G1 Conc#0" [stack: 0x000000122bc00000,0x000000122bd00000] [id=7268]
  0x000001c42501e800 ConcurrentGCThread "G1 Refine#0" [stack: 0x000000122bd00000,0x000000122be00000] [id=6528]
  0x000001c446b00800 ConcurrentGCThread "G1 Young RemSet Sampling" [stack: 0x000000122be00000,0x000000122bf00000] [id=18080]

Threads with active compile tasks:
C2 CompilerThread01985       4       jdk.internal.org.objectweb.asm.Frame::execute (2264 bytes)
C2 CompilerThread12007       4       java.util.WeakHashMap::get (77 bytes)

VM state:not at safepoint (normal execution)

VM Mutex/Monitor currently owned by a thread: None

Heap address: 0x0000000720c00000, size: 3572 MB, Compressed Oops mode: Zero based, Oop shift amount: 3
Narrow klass base: 0x0000000800000000, Narrow klass shift: 0
Compressed class space size: 1073741824 Address: 0x0000000800000000

Heap:
 garbage-first heap   total 229376K, used 14806K [0x0000000720c00000, 0x0000000800000000)
  region size 1024K, 16 young (16384K), 7 survivors (7168K)
 Metaspace       used 22434K, capacity 23373K, committed 23600K, reserved 1069056K
  class space    used 2946K, capacity 3345K, committed 3456K, reserved 1048576K
Heap Regions: E=young(eden), S=young(survivor), O=old, HS=humongous(starts), HC=humongous(continues), CS=collection set, F=free, A=archive, TAMS=top-at-mark-start (previous, next)
|   0|0x0000000720c00000, 0x0000000720c00000, 0x0000000720d00000|  0%| F|  |TAMS 0x0000000720c00000, 0x0000000720c00000| Untracked 
|   1|0x0000000720d00000, 0x0000000720d00000, 0x0000000720e00000|  0%| F|  |TAMS 0x0000000720d00000, 0x0000000720d00000| Untracked 
|   2|0x0000000720e00000, 0x0000000720e00000, 0x0000000720f00000|  0%| F|  |TAMS 0x0000000720e00000, 0x0000000720e00000| Untracked 
|   3|0x0000000720f00000, 0x0000000720f00000, 0x0000000721000000|  0%| F|  |TAMS 0x0000000720f00000, 0x0000000720f00000| Untracked 
|   4|0x0000000721000000, 0x0000000721000000, 0x0000000721100000|  0%| F|  |TAMS 0x0000000721000000, 0x0000000721000000| Untracked 
|   5|0x0000000721100000, 0x0000000721100000, 0x0000000721200000|  0%| F|  |TAMS 0x0000000721100000, 0x0000000721100000| Untracked 
|   6|0x0000000721200000, 0x0000000721200000, 0x0000000721300000|  0%| F|  |TAMS 0x0000000721200000, 0x0000000721200000| Untracked 
|   7|0x0000000721300000, 0x0000000721300000, 0x0000000721400000|  0%| F|  |TAMS 0x0000000721300000, 0x0000000721300000| Untracked 
|   8|0x0000000721400000, 0x0000000721400000, 0x0000000721500000|  0%| F|  |TAMS 0x0000000721400000, 0x0000000721400000| Untracked 
|   9|0x0000000721500000, 0x0000000721500000, 0x0000000721600000|  0%| F|  |TAMS 0x0000000721500000, 0x0000000721500000| Untracked 
|  10|0x0000000721600000, 0x0000000721600000, 0x0000000721700000|  0%| F|  |TAMS 0x0000000721600000, 0x0000000721600000| Untracked 
|  11|0x0000000721700000, 0x0000000721700000, 0x0000000721800000|  0%| F|  |TAMS 0x0000000721700000, 0x0000000721700000| Untracked 
|  12|0x0000000721800000, 0x0000000721800000, 0x0000000721900000|  0%| F|  |TAMS 0x0000000721800000, 0x0000000721800000| Untracked 
|  13|0x0000000721900000, 0x0000000721900000, 0x0000000721a00000|  0%| F|  |TAMS 0x0000000721900000, 0x0000000721900000| Untracked 
|  14|0x0000000721a00000, 0x0000000721a00000, 0x0000000721b00000|  0%| F|  |TAMS 0x0000000721a00000, 0x0000000721a00000| Untracked 
|  15|0x0000000721b00000, 0x0000000721b00000, 0x0000000721c00000|  0%| F|  |TAMS 0x0000000721b00000, 0x0000000721b00000| Untracked 
|  16|0x0000000721c00000, 0x0000000721c00000, 0x0000000721d00000|  0%| F|  |TAMS 0x0000000721c00000, 0x0000000721c00000| Untracked 
|  17|0x0000000721d00000, 0x0000000721d00000, 0x0000000721e00000|  0%| F|  |TAMS 0x0000000721d00000, 0x0000000721d00000| Untracked 
|  18|0x0000000721e00000, 0x0000000721e00000, 0x0000000721f00000|  0%| F|  |TAMS 0x0000000721e00000, 0x0000000721e00000| Untracked 
|  19|0x0000000721f00000, 0x0000000721f00000, 0x0000000722000000|  0%| F|  |TAMS 0x0000000721f00000, 0x0000000721f00000| Untracked 
|  20|0x0000000722000000, 0x0000000722000000, 0x0000000722100000|  0%| F|  |TAMS 0x0000000722000000, 0x0000000722000000| Untracked 
|  21|0x0000000722100000, 0x0000000722100000, 0x0000000722200000|  0%| F|  |TAMS 0x0000000722100000, 0x0000000722100000| Untracked 
|  22|0x0000000722200000, 0x0000000722200000, 0x0000000722300000|  0%| F|  |TAMS 0x0000000722200000, 0x0000000722200000| Untracked 
|  23|0x0000000722300000, 0x0000000722300000, 0x0000000722400000|  0%| F|  |TAMS 0x0000000722300000, 0x0000000722300000| Untracked 
|  24|0x0000000722400000, 0x0000000722400000, 0x0000000722500000|  0%| F|  |TAMS 0x0000000722400000, 0x0000000722400000| Untracked 
|  25|0x0000000722500000, 0x0000000722500000, 0x0000000722600000|  0%| F|  |TAMS 0x0000000722500000, 0x0000000722500000| Untracked 
|  26|0x0000000722600000, 0x0000000722600000, 0x0000000722700000|  0%| F|  |TAMS 0x0000000722600000, 0x0000000722600000| Untracked 
|  27|0x0000000722700000, 0x0000000722700000, 0x0000000722800000|  0%| F|  |TAMS 0x0000000722700000, 0x0000000722700000| Untracked 
|  28|0x0000000722800000, 0x0000000722800000, 0x0000000722900000|  0%| F|  |TAMS 0x0000000722800000, 0x0000000722800000| Untracked 
|  29|0x0000000722900000, 0x0000000722900000, 0x0000000722a00000|  0%| F|  |TAMS 0x0000000722900000, 0x0000000722900000| Untracked 
|  30|0x0000000722a00000, 0x0000000722a00000, 0x0000000722b00000|  0%| F|  |TAMS 0x0000000722a00000, 0x0000000722a00000| Untracked 
|  31|0x0000000722b00000, 0x0000000722b00000, 0x0000000722c00000|  0%| F|  |TAMS 0x0000000722b00000, 0x0000000722b00000| Untracked 
|  32|0x0000000722c00000, 0x0000000722c00000, 0x0000000722d00000|  0%| F|  |TAMS 0x0000000722c00000, 0x0000000722c00000| Untracked 
|  33|0x0000000722d00000, 0x0000000722d00000, 0x0000000722e00000|  0%| F|  |TAMS 0x0000000722d00000, 0x0000000722d00000| Untracked 
|  34|0x0000000722e00000, 0x0000000722e00000, 0x0000000722f00000|  0%| F|  |TAMS 0x0000000722e00000, 0x0000000722e00000| Untracked 
|  35|0x0000000722f00000, 0x0000000722f00000, 0x0000000723000000|  0%| F|  |TAMS 0x0000000722f00000, 0x0000000722f00000| Untracked 
|  36|0x0000000723000000, 0x0000000723000000, 0x0000000723100000|  0%| F|  |TAMS 0x0000000723000000, 0x0000000723000000| Untracked 
|  37|0x0000000723100000, 0x0000000723100000, 0x0000000723200000|  0%| F|  |TAMS 0x0000000723100000, 0x0000000723100000| Untracked 
|  38|0x0000000723200000, 0x0000000723200000, 0x0000000723300000|  0%| F|  |TAMS 0x0000000723200000, 0x0000000723200000| Untracked 
|  39|0x0000000723300000, 0x0000000723300000, 0x0000000723400000|  0%| F|  |TAMS 0x0000000723300000, 0x0000000723300000| Untracked 
|  40|0x0000000723400000, 0x0000000723400000, 0x0000000723500000|  0%| F|  |TAMS 0x0000000723400000, 0x0000000723400000| Untracked 
|  41|0x0000000723500000, 0x0000000723500000, 0x0000000723600000|  0%| F|  |TAMS 0x0000000723500000, 0x0000000723500000| Untracked 
|  42|0x0000000723600000, 0x0000000723600000, 0x0000000723700000|  0%| F|  |TAMS 0x0000000723600000, 0x0000000723600000| Untracked 
|  43|0x0000000723700000, 0x0000000723700000, 0x0000000723800000|  0%| F|  |TAMS 0x0000000723700000, 0x0000000723700000| Untracked 
|  44|0x0000000723800000, 0x0000000723800000, 0x0000000723900000|  0%| F|  |TAMS 0x0000000723800000, 0x0000000723800000| Untracked 
|  45|0x0000000723900000, 0x0000000723900000, 0x0000000723a00000|  0%| F|  |TAMS 0x0000000723900000, 0x0000000723900000| Untracked 
|  46|0x0000000723a00000, 0x0000000723a00000, 0x0000000723b00000|  0%| F|  |TAMS 0x0000000723a00000, 0x0000000723a00000| Untracked 
|  47|0x0000000723b00000, 0x0000000723b00000, 0x0000000723c00000|  0%| F|  |TAMS 0x0000000723b00000, 0x0000000723b00000| Untracked 
|  48|0x0000000723c00000, 0x0000000723c00000, 0x0000000723d00000|  0%| F|  |TAMS 0x0000000723c00000, 0x0000000723c00000| Untracked 
|  49|0x0000000723d00000, 0x0000000723d00000, 0x0000000723e00000|  0%| F|  |TAMS 0x0000000723d00000, 0x0000000723d00000| Untracked 
|  50|0x0000000723e00000, 0x0000000723e00000, 0x0000000723f00000|  0%| F|  |TAMS 0x0000000723e00000, 0x0000000723e00000| Untracked 
|  51|0x0000000723f00000, 0x0000000723f00000, 0x0000000724000000|  0%| F|  |TAMS 0x0000000723f00000, 0x0000000723f00000| Untracked 
|  52|0x0000000724000000, 0x0000000724000000, 0x0000000724100000|  0%| F|  |TAMS 0x0000000724000000, 0x0000000724000000| Untracked 
|  53|0x0000000724100000, 0x0000000724100000, 0x0000000724200000|  0%| F|  |TAMS 0x0000000724100000, 0x0000000724100000| Untracked 
|  54|0x0000000724200000, 0x0000000724200000, 0x0000000724300000|  0%| F|  |TAMS 0x0000000724200000, 0x0000000724200000| Untracked 
|  55|0x0000000724300000, 0x0000000724300000, 0x0000000724400000|  0%| F|  |TAMS 0x0000000724300000, 0x0000000724300000| Untracked 
|  56|0x0000000724400000, 0x0000000724400000, 0x0000000724500000|  0%| F|  |TAMS 0x0000000724400000, 0x0000000724400000| Untracked 
|  57|0x0000000724500000, 0x0000000724500000, 0x0000000724600000|  0%| F|  |TAMS 0x0000000724500000, 0x0000000724500000| Untracked 
|  58|0x0000000724600000, 0x0000000724600000, 0x0000000724700000|  0%| F|  |TAMS 0x0000000724600000, 0x0000000724600000| Untracked 
|  59|0x0000000724700000, 0x0000000724700000, 0x0000000724800000|  0%| F|  |TAMS 0x0000000724700000, 0x0000000724700000| Untracked 
|  60|0x0000000724800000, 0x0000000724800000, 0x0000000724900000|  0%| F|  |TAMS 0x0000000724800000, 0x0000000724800000| Untracked 
|  61|0x0000000724900000, 0x0000000724900000, 0x0000000724a00000|  0%| F|  |TAMS 0x0000000724900000, 0x0000000724900000| Untracked 
|  62|0x0000000724a00000, 0x0000000724a00000, 0x0000000724b00000|  0%| F|  |TAMS 0x0000000724a00000, 0x0000000724a00000| Untracked 
|  63|0x0000000724b00000, 0x0000000724b00000, 0x0000000724c00000|  0%| F|  |TAMS 0x0000000724b00000, 0x0000000724b00000| Untracked 
|  64|0x0000000724c00000, 0x0000000724c00000, 0x0000000724d00000|  0%| F|  |TAMS 0x0000000724c00000, 0x0000000724c00000| Untracked 
|  65|0x0000000724d00000, 0x0000000724d00000, 0x0000000724e00000|  0%| F|  |TAMS 0x0000000724d00000, 0x0000000724d00000| Untracked 
|  66|0x0000000724e00000, 0x0000000724e00000, 0x0000000724f00000|  0%| F|  |TAMS 0x0000000724e00000, 0x0000000724e00000| Untracked 
|  67|0x0000000724f00000, 0x0000000724f00000, 0x0000000725000000|  0%| F|  |TAMS 0x0000000724f00000, 0x0000000724f00000| Untracked 
|  68|0x0000000725000000, 0x0000000725000000, 0x0000000725100000|  0%| F|  |TAMS 0x0000000725000000, 0x0000000725000000| Untracked 
|  69|0x0000000725100000, 0x0000000725100000, 0x0000000725200000|  0%| F|  |TAMS 0x0000000725100000, 0x0000000725100000| Untracked 
|  70|0x0000000725200000, 0x0000000725200000, 0x0000000725300000|  0%| F|  |TAMS 0x0000000725200000, 0x0000000725200000| Untracked 
|  71|0x0000000725300000, 0x0000000725300000, 0x0000000725400000|  0%| F|  |TAMS 0x0000000725300000, 0x0000000725300000| Untracked 
|  72|0x0000000725400000, 0x0000000725400000, 0x0000000725500000|  0%| F|  |TAMS 0x0000000725400000, 0x0000000725400000| Untracked 
|  73|0x0000000725500000, 0x0000000725500000, 0x0000000725600000|  0%| F|  |TAMS 0x0000000725500000, 0x0000000725500000| Untracked 
|  74|0x0000000725600000, 0x0000000725600000, 0x0000000725700000|  0%| F|  |TAMS 0x0000000725600000, 0x0000000725600000| Untracked 
|  75|0x0000000725700000, 0x0000000725700000, 0x0000000725800000|  0%| F|  |TAMS 0x0000000725700000, 0x0000000725700000| Untracked 
|  76|0x0000000725800000, 0x0000000725800000, 0x0000000725900000|  0%| F|  |TAMS 0x0000000725800000, 0x0000000725800000| Untracked 
|  77|0x0000000725900000, 0x0000000725900000, 0x0000000725a00000|  0%| F|  |TAMS 0x0000000725900000, 0x0000000725900000| Untracked 
|  78|0x0000000725a00000, 0x0000000725a00000, 0x0000000725b00000|  0%| F|  |TAMS 0x0000000725a00000, 0x0000000725a00000| Untracked 
|  79|0x0000000725b00000, 0x0000000725b00000, 0x0000000725c00000|  0%| F|  |TAMS 0x0000000725b00000, 0x0000000725b00000| Untracked 
|  80|0x0000000725c00000, 0x0000000725c00000, 0x0000000725d00000|  0%| F|  |TAMS 0x0000000725c00000, 0x0000000725c00000| Untracked 
|  81|0x0000000725d00000, 0x0000000725d00000, 0x0000000725e00000|  0%| F|  |TAMS 0x0000000725d00000, 0x0000000725d00000| Untracked 
|  82|0x0000000725e00000, 0x0000000725e00000, 0x0000000725f00000|  0%| F|  |TAMS 0x0000000725e00000, 0x0000000725e00000| Untracked 
|  83|0x0000000725f00000, 0x0000000725f00000, 0x0000000726000000|  0%| F|  |TAMS 0x0000000725f00000, 0x0000000725f00000| Untracked 
|  84|0x0000000726000000, 0x0000000726000000, 0x0000000726100000|  0%| F|  |TAMS 0x0000000726000000, 0x0000000726000000| Untracked 
|  85|0x0000000726100000, 0x0000000726100000, 0x0000000726200000|  0%| F|  |TAMS 0x0000000726100000, 0x0000000726100000| Untracked 
|  86|0x0000000726200000, 0x0000000726200000, 0x0000000726300000|  0%| F|  |TAMS 0x0000000726200000, 0x0000000726200000| Untracked 
|  87|0x0000000726300000, 0x0000000726300000, 0x0000000726400000|  0%| F|  |TAMS 0x0000000726300000, 0x0000000726300000| Untracked 
|  88|0x0000000726400000, 0x0000000726400000, 0x0000000726500000|  0%| F|  |TAMS 0x0000000726400000, 0x0000000726400000| Untracked 
|  89|0x0000000726500000, 0x0000000726500000, 0x0000000726600000|  0%| F|  |TAMS 0x0000000726500000, 0x0000000726500000| Untracked 
|  90|0x0000000726600000, 0x0000000726600000, 0x0000000726700000|  0%| F|  |TAMS 0x0000000726600000, 0x0000000726600000| Untracked 
|  91|0x0000000726700000, 0x0000000726700000, 0x0000000726800000|  0%| F|  |TAMS 0x0000000726700000, 0x0000000726700000| Untracked 
|  92|0x0000000726800000, 0x0000000726800000, 0x0000000726900000|  0%| F|  |TAMS 0x0000000726800000, 0x0000000726800000| Untracked 
|  93|0x0000000726900000, 0x0000000726900000, 0x0000000726a00000|  0%| F|  |TAMS 0x0000000726900000, 0x0000000726900000| Untracked 
|  94|0x0000000726a00000, 0x0000000726a00000, 0x0000000726b00000|  0%| F|  |TAMS 0x0000000726a00000, 0x0000000726a00000| Untracked 
|  95|0x0000000726b00000, 0x0000000726b00000, 0x0000000726c00000|  0%| F|  |TAMS 0x0000000726b00000, 0x0000000726b00000| Untracked 
|  96|0x0000000726c00000, 0x0000000726c00000, 0x0000000726d00000|  0%| F|  |TAMS 0x0000000726c00000, 0x0000000726c00000| Untracked 
|  97|0x0000000726d00000, 0x0000000726d00000, 0x0000000726e00000|  0%| F|  |TAMS 0x0000000726d00000, 0x0000000726d00000| Untracked 
|  98|0x0000000726e00000, 0x0000000726e00000, 0x0000000726f00000|  0%| F|  |TAMS 0x0000000726e00000, 0x0000000726e00000| Untracked 
|  99|0x0000000726f00000, 0x0000000726f00000, 0x0000000727000000|  0%| F|  |TAMS 0x0000000726f00000, 0x0000000726f00000| Untracked 
| 100|0x0000000727000000, 0x0000000727000000, 0x0000000727100000|  0%| F|  |TAMS 0x0000000727000000, 0x0000000727000000| Untracked 
| 101|0x0000000727100000, 0x0000000727100000, 0x0000000727200000|  0%| F|  |TAMS 0x0000000727100000, 0x0000000727100000| Untracked 
| 102|0x0000000727200000, 0x0000000727200000, 0x0000000727300000|  0%| F|  |TAMS 0x0000000727200000, 0x0000000727200000| Untracked 
| 103|0x0000000727300000, 0x0000000727300000, 0x0000000727400000|  0%| F|  |TAMS 0x0000000727300000, 0x0000000727300000| Untracked 
| 104|0x0000000727400000, 0x0000000727400000, 0x0000000727500000|  0%| F|  |TAMS 0x0000000727400000, 0x0000000727400000| Untracked 
| 105|0x0000000727500000, 0x0000000727500000, 0x0000000727600000|  0%| F|  |TAMS 0x0000000727500000, 0x0000000727500000| Untracked 
| 106|0x0000000727600000, 0x0000000727600000, 0x0000000727700000|  0%| F|  |TAMS 0x0000000727600000, 0x0000000727600000| Untracked 
| 107|0x0000000727700000, 0x0000000727700000, 0x0000000727800000|  0%| F|  |TAMS 0x0000000727700000, 0x0000000727700000| Untracked 
| 108|0x0000000727800000, 0x0000000727800000, 0x0000000727900000|  0%| F|  |TAMS 0x0000000727800000, 0x0000000727800000| Untracked 
| 109|0x0000000727900000, 0x0000000727900000, 0x0000000727a00000|  0%| F|  |TAMS 0x0000000727900000, 0x0000000727900000| Untracked 
| 110|0x0000000727a00000, 0x0000000727a00000, 0x0000000727b00000|  0%| F|  |TAMS 0x0000000727a00000, 0x0000000727a00000| Untracked 
| 111|0x0000000727b00000, 0x0000000727b00000, 0x0000000727c00000|  0%| F|  |TAMS 0x0000000727b00000, 0x0000000727b00000| Untracked 
| 112|0x0000000727c00000, 0x0000000727c00000, 0x0000000727d00000|  0%| F|  |TAMS 0x0000000727c00000, 0x0000000727c00000| Untracked 
| 113|0x0000000727d00000, 0x0000000727d00000, 0x0000000727e00000|  0%| F|  |TAMS 0x0000000727d00000, 0x0000000727d00000| Untracked 
| 114|0x0000000727e00000, 0x0000000727e00000, 0x0000000727f00000|  0%| F|  |TAMS 0x0000000727e00000, 0x0000000727e00000| Untracked 
| 115|0x0000000727f00000, 0x0000000727f00000, 0x0000000728000000|  0%| F|  |TAMS 0x0000000727f00000, 0x0000000727f00000| Untracked 
| 116|0x0000000728000000, 0x0000000728000000, 0x0000000728100000|  0%| F|  |TAMS 0x0000000728000000, 0x0000000728000000| Untracked 
| 117|0x0000000728100000, 0x0000000728100000, 0x0000000728200000|  0%| F|  |TAMS 0x0000000728100000, 0x0000000728100000| Untracked 
| 118|0x0000000728200000, 0x0000000728200000, 0x0000000728300000|  0%| F|  |TAMS 0x0000000728200000, 0x0000000728200000| Untracked 
| 119|0x0000000728300000, 0x0000000728300000, 0x0000000728400000|  0%| F|  |TAMS 0x0000000728300000, 0x0000000728300000| Untracked 
| 120|0x0000000728400000, 0x0000000728400000, 0x0000000728500000|  0%| F|  |TAMS 0x0000000728400000, 0x0000000728400000| Untracked 
| 121|0x0000000728500000, 0x0000000728500000, 0x0000000728600000|  0%| F|  |TAMS 0x0000000728500000, 0x0000000728500000| Untracked 
| 122|0x0000000728600000, 0x0000000728600000, 0x0000000728700000|  0%| F|  |TAMS 0x0000000728600000, 0x0000000728600000| Untracked 
| 123|0x0000000728700000, 0x0000000728700000, 0x0000000728800000|  0%| F|  |TAMS 0x0000000728700000, 0x0000000728700000| Untracked 
| 124|0x0000000728800000, 0x0000000728800000, 0x0000000728900000|  0%| F|  |TAMS 0x0000000728800000, 0x0000000728800000| Untracked 
| 125|0x0000000728900000, 0x0000000728900000, 0x0000000728a00000|  0%| F|  |TAMS 0x0000000728900000, 0x0000000728900000| Untracked 
| 126|0x0000000728a00000, 0x0000000728a00000, 0x0000000728b00000|  0%| F|  |TAMS 0x0000000728a00000, 0x0000000728a00000| Untracked 
| 127|0x0000000728b00000, 0x0000000728b00000, 0x0000000728c00000|  0%| F|  |TAMS 0x0000000728b00000, 0x0000000728b00000| Untracked 
| 128|0x0000000728c00000, 0x0000000728c00000, 0x0000000728d00000|  0%| F|  |TAMS 0x0000000728c00000, 0x0000000728c00000| Untracked 
| 129|0x0000000728d00000, 0x0000000728d00000, 0x0000000728e00000|  0%| F|  |TAMS 0x0000000728d00000, 0x0000000728d00000| Untracked 
| 130|0x0000000728e00000, 0x0000000728e00000, 0x0000000728f00000|  0%| F|  |TAMS 0x0000000728e00000, 0x0000000728e00000| Untracked 
| 131|0x0000000728f00000, 0x0000000728f00000, 0x0000000729000000|  0%| F|  |TAMS 0x0000000728f00000, 0x0000000728f00000| Untracked 
| 132|0x0000000729000000, 0x0000000729000000, 0x0000000729100000|  0%| F|  |TAMS 0x0000000729000000, 0x0000000729000000| Untracked 
| 133|0x0000000729100000, 0x0000000729100000, 0x0000000729200000|  0%| F|  |TAMS 0x0000000729100000, 0x0000000729100000| Untracked 
| 134|0x0000000729200000, 0x0000000729200000, 0x0000000729300000|  0%| F|  |TAMS 0x0000000729200000, 0x0000000729200000| Untracked 
| 135|0x0000000729300000, 0x0000000729300000, 0x0000000729400000|  0%| F|  |TAMS 0x0000000729300000, 0x0000000729300000| Untracked 
| 136|0x0000000729400000, 0x0000000729400000, 0x0000000729500000|  0%| F|  |TAMS 0x0000000729400000, 0x0000000729400000| Untracked 
| 137|0x0000000729500000, 0x0000000729500000, 0x0000000729600000|  0%| F|  |TAMS 0x0000000729500000, 0x0000000729500000| Untracked 
| 138|0x0000000729600000, 0x0000000729600000, 0x0000000729700000|  0%| F|  |TAMS 0x0000000729600000, 0x0000000729600000| Untracked 
| 139|0x0000000729700000, 0x0000000729700000, 0x0000000729800000|  0%| F|  |TAMS 0x0000000729700000, 0x0000000729700000| Untracked 
| 140|0x0000000729800000, 0x0000000729800000, 0x0000000729900000|  0%| F|  |TAMS 0x0000000729800000, 0x0000000729800000| Untracked 
| 141|0x0000000729900000, 0x0000000729900000, 0x0000000729a00000|  0%| F|  |TAMS 0x0000000729900000, 0x0000000729900000| Untracked 
| 142|0x0000000729a00000, 0x0000000729a00000, 0x0000000729b00000|  0%| F|  |TAMS 0x0000000729a00000, 0x0000000729a00000| Untracked 
| 143|0x0000000729b00000, 0x0000000729b00000, 0x0000000729c00000|  0%| F|  |TAMS 0x0000000729b00000, 0x0000000729b00000| Untracked 
| 144|0x0000000729c00000, 0x0000000729c00000, 0x0000000729d00000|  0%| F|  |TAMS 0x0000000729c00000, 0x0000000729c00000| Untracked 
| 145|0x0000000729d00000, 0x0000000729d00000, 0x0000000729e00000|  0%| F|  |TAMS 0x0000000729d00000, 0x0000000729d00000| Untracked 
| 146|0x0000000729e00000, 0x0000000729e00000, 0x0000000729f00000|  0%| F|  |TAMS 0x0000000729e00000, 0x0000000729e00000| Untracked 
| 147|0x0000000729f00000, 0x0000000729f00000, 0x000000072a000000|  0%| F|  |TAMS 0x0000000729f00000, 0x0000000729f00000| Untracked 
| 148|0x000000072a000000, 0x000000072a000000, 0x000000072a100000|  0%| F|  |TAMS 0x000000072a000000, 0x000000072a000000| Untracked 
| 149|0x000000072a100000, 0x000000072a100000, 0x000000072a200000|  0%| F|  |TAMS 0x000000072a100000, 0x000000072a100000| Untracked 
| 150|0x000000072a200000, 0x000000072a200000, 0x000000072a300000|  0%| F|  |TAMS 0x000000072a200000, 0x000000072a200000| Untracked 
| 151|0x000000072a300000, 0x000000072a300000, 0x000000072a400000|  0%| F|  |TAMS 0x000000072a300000, 0x000000072a300000| Untracked 
| 152|0x000000072a400000, 0x000000072a400000, 0x000000072a500000|  0%| F|  |TAMS 0x000000072a400000, 0x000000072a400000| Untracked 
| 153|0x000000072a500000, 0x000000072a500000, 0x000000072a600000|  0%| F|  |TAMS 0x000000072a500000, 0x000000072a500000| Untracked 
| 154|0x000000072a600000, 0x000000072a600000, 0x000000072a700000|  0%| F|  |TAMS 0x000000072a600000, 0x000000072a600000| Untracked 
| 155|0x000000072a700000, 0x000000072a700000, 0x000000072a800000|  0%| F|  |TAMS 0x000000072a700000, 0x000000072a700000| Untracked 
| 156|0x000000072a800000, 0x000000072a800000, 0x000000072a900000|  0%| F|  |TAMS 0x000000072a800000, 0x000000072a800000| Untracked 
| 157|0x000000072a900000, 0x000000072a900000, 0x000000072aa00000|  0%| F|  |TAMS 0x000000072a900000, 0x000000072a900000| Untracked 
| 158|0x000000072aa00000, 0x000000072aa00000, 0x000000072ab00000|  0%| F|  |TAMS 0x000000072aa00000, 0x000000072aa00000| Untracked 
| 159|0x000000072ab00000, 0x000000072ab00000, 0x000000072ac00000|  0%| F|  |TAMS 0x000000072ab00000, 0x000000072ab00000| Untracked 
| 160|0x000000072ac00000, 0x000000072ac00000, 0x000000072ad00000|  0%| F|  |TAMS 0x000000072ac00000, 0x000000072ac00000| Untracked 
| 161|0x000000072ad00000, 0x000000072ad00000, 0x000000072ae00000|  0%| F|  |TAMS 0x000000072ad00000, 0x000000072ad00000| Untracked 
| 162|0x000000072ae00000, 0x000000072ae00000, 0x000000072af00000|  0%| F|  |TAMS 0x000000072ae00000, 0x000000072ae00000| Untracked 
| 163|0x000000072af00000, 0x000000072af00000, 0x000000072b000000|  0%| F|  |TAMS 0x000000072af00000, 0x000000072af00000| Untracked 
| 164|0x000000072b000000, 0x000000072b000000, 0x000000072b100000|  0%| F|  |TAMS 0x000000072b000000, 0x000000072b000000| Untracked 
| 165|0x000000072b100000, 0x000000072b100000, 0x000000072b200000|  0%| F|  |TAMS 0x000000072b100000, 0x000000072b100000| Untracked 
| 166|0x000000072b200000, 0x000000072b200000, 0x000000072b300000|  0%| F|  |TAMS 0x000000072b200000, 0x000000072b200000| Untracked 
| 167|0x000000072b300000, 0x000000072b300000, 0x000000072b400000|  0%| F|  |TAMS 0x000000072b300000, 0x000000072b300000| Untracked 
| 168|0x000000072b400000, 0x000000072b400000, 0x000000072b500000|  0%| F|  |TAMS 0x000000072b400000, 0x000000072b400000| Untracked 
| 169|0x000000072b500000, 0x000000072b500000, 0x000000072b600000|  0%| F|  |TAMS 0x000000072b500000, 0x000000072b500000| Untracked 
| 170|0x000000072b600000, 0x000000072b600000, 0x000000072b700000|  0%| F|  |TAMS 0x000000072b600000, 0x000000072b600000| Untracked 
| 171|0x000000072b700000, 0x000000072b700000, 0x000000072b800000|  0%| F|  |TAMS 0x000000072b700000, 0x000000072b700000| Untracked 
| 172|0x000000072b800000, 0x000000072b800000, 0x000000072b900000|  0%| F|  |TAMS 0x000000072b800000, 0x000000072b800000| Untracked 
| 173|0x000000072b900000, 0x000000072b900000, 0x000000072ba00000|  0%| F|  |TAMS 0x000000072b900000, 0x000000072b900000| Untracked 
| 174|0x000000072ba00000, 0x000000072ba00000, 0x000000072bb00000|  0%| F|  |TAMS 0x000000072ba00000, 0x000000072ba00000| Untracked 
| 175|0x000000072bb00000, 0x000000072bb00000, 0x000000072bc00000|  0%| F|  |TAMS 0x000000072bb00000, 0x000000072bb00000| Untracked 
| 176|0x000000072bc00000, 0x000000072bc00000, 0x000000072bd00000|  0%| F|  |TAMS 0x000000072bc00000, 0x000000072bc00000| Untracked 
| 177|0x000000072bd00000, 0x000000072bd75898, 0x000000072be00000| 45%| S|CS|TAMS 0x000000072bd00000, 0x000000072bd00000| Complete 
| 178|0x000000072be00000, 0x000000072bf00000, 0x000000072bf00000|100%| S|CS|TAMS 0x000000072be00000, 0x000000072be00000| Complete 
| 179|0x000000072bf00000, 0x000000072c000000, 0x000000072c000000|100%| S|CS|TAMS 0x000000072bf00000, 0x000000072bf00000| Complete 
| 180|0x000000072c000000, 0x000000072c100000, 0x000000072c100000|100%| S|CS|TAMS 0x000000072c000000, 0x000000072c000000| Complete 
| 181|0x000000072c100000, 0x000000072c200000, 0x000000072c200000|100%| S|CS|TAMS 0x000000072c100000, 0x000000072c100000| Complete 
| 182|0x000000072c200000, 0x000000072c300000, 0x000000072c300000|100%| S|CS|TAMS 0x000000072c200000, 0x000000072c200000| Complete 
| 183|0x000000072c300000, 0x000000072c400000, 0x000000072c400000|100%| S|CS|TAMS 0x000000072c300000, 0x000000072c300000| Complete 
| 184|0x000000072c400000, 0x000000072c400000, 0x000000072c500000|  0%| F|  |TAMS 0x000000072c400000, 0x000000072c400000| Untracked 
| 185|0x000000072c500000, 0x000000072c500000, 0x000000072c600000|  0%| F|  |TAMS 0x000000072c500000, 0x000000072c500000| Untracked 
| 186|0x000000072c600000, 0x000000072c600000, 0x000000072c700000|  0%| F|  |TAMS 0x000000072c600000, 0x000000072c600000| Untracked 
| 187|0x000000072c700000, 0x000000072c700000, 0x000000072c800000|  0%| F|  |TAMS 0x000000072c700000, 0x000000072c700000| Untracked 
| 188|0x000000072c800000, 0x000000072c800000, 0x000000072c900000|  0%| F|  |TAMS 0x000000072c800000, 0x000000072c800000| Untracked 
| 189|0x000000072c900000, 0x000000072c900000, 0x000000072ca00000|  0%| F|  |TAMS 0x000000072c900000, 0x000000072c900000| Untracked 
| 190|0x000000072ca00000, 0x000000072ca00000, 0x000000072cb00000|  0%| F|  |TAMS 0x000000072ca00000, 0x000000072ca00000| Untracked 
| 191|0x000000072cb00000, 0x000000072cb00000, 0x000000072cc00000|  0%| F|  |TAMS 0x000000072cb00000, 0x000000072cb00000| Untracked 
| 192|0x000000072cc00000, 0x000000072cc00000, 0x000000072cd00000|  0%| F|  |TAMS 0x000000072cc00000, 0x000000072cc00000| Untracked 
| 193|0x000000072cd00000, 0x000000072cd00000, 0x000000072ce00000|  0%| F|  |TAMS 0x000000072cd00000, 0x000000072cd00000| Untracked 
| 194|0x000000072ce00000, 0x000000072ce00000, 0x000000072cf00000|  0%| F|  |TAMS 0x000000072ce00000, 0x000000072ce00000| Untracked 
| 195|0x000000072cf00000, 0x000000072cf00000, 0x000000072d000000|  0%| F|  |TAMS 0x000000072cf00000, 0x000000072cf00000| Untracked 
| 196|0x000000072d000000, 0x000000072d000000, 0x000000072d100000|  0%| F|  |TAMS 0x000000072d000000, 0x000000072d000000| Untracked 
| 197|0x000000072d100000, 0x000000072d100000, 0x000000072d200000|  0%| F|  |TAMS 0x000000072d100000, 0x000000072d100000| Untracked 
| 198|0x000000072d200000, 0x000000072d200000, 0x000000072d300000|  0%| F|  |TAMS 0x000000072d200000, 0x000000072d200000| Untracked 
| 199|0x000000072d300000, 0x000000072d300000, 0x000000072d400000|  0%| F|  |TAMS 0x000000072d300000, 0x000000072d300000| Untracked 
| 200|0x000000072d400000, 0x000000072d400000, 0x000000072d500000|  0%| F|  |TAMS 0x000000072d400000, 0x000000072d400000| Untracked 
| 201|0x000000072d500000, 0x000000072d500000, 0x000000072d600000|  0%| F|  |TAMS 0x000000072d500000, 0x000000072d500000| Untracked 
| 202|0x000000072d600000, 0x000000072d600000, 0x000000072d700000|  0%| F|  |TAMS 0x000000072d600000, 0x000000072d600000| Untracked 
| 203|0x000000072d700000, 0x000000072d700000, 0x000000072d800000|  0%| F|  |TAMS 0x000000072d700000, 0x000000072d700000| Untracked 
| 204|0x000000072d800000, 0x000000072d800000, 0x000000072d900000|  0%| F|  |TAMS 0x000000072d800000, 0x000000072d800000| Untracked 
| 205|0x000000072d900000, 0x000000072d900000, 0x000000072da00000|  0%| F|  |TAMS 0x000000072d900000, 0x000000072d900000| Untracked 
| 206|0x000000072da00000, 0x000000072da00000, 0x000000072db00000|  0%| F|  |TAMS 0x000000072da00000, 0x000000072da00000| Untracked 
| 207|0x000000072db00000, 0x000000072db00000, 0x000000072dc00000|  0%| F|  |TAMS 0x000000072db00000, 0x000000072db00000| Untracked 
| 208|0x000000072dc00000, 0x000000072dc00000, 0x000000072dd00000|  0%| F|  |TAMS 0x000000072dc00000, 0x000000072dc00000| Untracked 
| 209|0x000000072dd00000, 0x000000072dd00000, 0x000000072de00000|  0%| F|  |TAMS 0x000000072dd00000, 0x000000072dd00000| Untracked 
| 210|0x000000072de00000, 0x000000072de00000, 0x000000072df00000|  0%| F|  |TAMS 0x000000072de00000, 0x000000072de00000| Untracked 
| 211|0x000000072df00000, 0x000000072df00000, 0x000000072e000000|  0%| F|  |TAMS 0x000000072df00000, 0x000000072df00000| Untracked 
| 212|0x000000072e000000, 0x000000072e000000, 0x000000072e100000|  0%| F|  |TAMS 0x000000072e000000, 0x000000072e000000| Untracked 
| 213|0x000000072e100000, 0x000000072e100000, 0x000000072e200000|  0%| F|  |TAMS 0x000000072e100000, 0x000000072e100000| Untracked 
| 214|0x000000072e200000, 0x000000072e200000, 0x000000072e300000|  0%| F|  |TAMS 0x000000072e200000, 0x000000072e200000| Untracked 
| 215|0x000000072e300000, 0x000000072e400000, 0x000000072e400000|100%| E|  |TAMS 0x000000072e300000, 0x000000072e300000| Complete 
| 216|0x000000072e400000, 0x000000072e500000, 0x000000072e500000|100%| E|CS|TAMS 0x000000072e400000, 0x000000072e400000| Complete 
| 217|0x000000072e500000, 0x000000072e600000, 0x000000072e600000|100%| E|CS|TAMS 0x000000072e500000, 0x000000072e500000| Complete 
| 218|0x000000072e600000, 0x000000072e700000, 0x000000072e700000|100%| E|CS|TAMS 0x000000072e600000, 0x000000072e600000| Complete 
| 219|0x000000072e700000, 0x000000072e800000, 0x000000072e800000|100%| E|CS|TAMS 0x000000072e700000, 0x000000072e700000| Complete 
| 220|0x000000072e800000, 0x000000072e900000, 0x000000072e900000|100%| E|CS|TAMS 0x000000072e800000, 0x000000072e800000| Complete 
| 221|0x000000072e900000, 0x000000072ea00000, 0x000000072ea00000|100%| E|CS|TAMS 0x000000072e900000, 0x000000072e900000| Complete 
| 222|0x000000072ea00000, 0x000000072eb00000, 0x000000072eb00000|100%| E|CS|TAMS 0x000000072ea00000, 0x000000072ea00000| Complete 
| 223|0x000000072eb00000, 0x000000072ec00000, 0x000000072ec00000|100%| E|CS|TAMS 0x000000072eb00000, 0x000000072eb00000| Complete 

Card table byte_map: [0x000001c43c9b0000,0x000001c43d0b0000] _byte_map_base: 0x000001c4390aa000

Marking Bits (Prev, Next): (CMBitMap*) 0x000001c424fa0fd0, (CMBitMap*) 0x000001c424fa0f98
 Prev Bits: [0x000001c440f80000, 0x000001c444750000)
 Next Bits: [0x000001c43d7b0000, 0x000001c440f80000)

Polling page: 0x000001c422f20000

Metaspace:

Usage:
  Non-class:     19.62 MB capacity,    19.06 MB ( 97%) used,   461.46 KB (  2%) free+waste,   112.25 KB ( <1%) overhead. 
      Class:      3.27 MB capacity,     2.88 MB ( 88%) used,   339.09 KB ( 10%) free+waste,    56.63 KB (  2%) overhead. 
       Both:     22.89 MB capacity,    21.94 MB ( 96%) used,   800.55 KB (  3%) free+waste,   168.88 KB ( <1%) overhead. 

Virtual space:
  Non-class space:       20.00 MB reserved,      19.67 MB ( 98%) committed 
      Class space:        1.00 GB reserved,       3.38 MB ( <1%) committed 
             Both:        1.02 GB reserved,      23.05 MB (  2%) committed 

Chunk freelists:
   Non-Class:  6.38 KB
       Class:  0 bytes
        Both:  6.38 KB

CodeHeap 'non-profiled nmethods': size=120064Kb used=1123Kb max_used=1123Kb free=118940Kb
 bounds [0x000001c434d70000, 0x000001c434fe0000, 0x000001c43c2b0000]
CodeHeap 'profiled nmethods': size=120000Kb used=4440Kb max_used=4440Kb free=115559Kb
 bounds [0x000001c42d840000, 0x000001c42dca0000, 0x000001c434d70000]
CodeHeap 'non-nmethods': size=5696Kb used=1365Kb max_used=1470Kb free=4330Kb
 bounds [0x000001c42d2b0000, 0x000001c42d520000, 0x000001c42d840000]
 total_blobs=3281 nmethods=2172 adapters=591
 compilation: enabled
              stopped_count=0, restarted_count=0
 full_count=0

Compilation events (10 events):
Event: 2.213 Thread 0x000001c44758a000 nmethod 2056 0x000001c42dc63c10 code [0x000001c42dc63e00, 0x000001c42dc64210]
Event: 2.215 Thread 0x000001c44758a000 2060       3       jdk.internal.reflect.ClassFileAssembler::emitShort (24 bytes)
Event: 2.215 Thread 0x000001c44758a000 nmethod 2060 0x000001c42dc64390 code [0x000001c42dc64580, 0x000001c42dc64900]
Event: 2.215 Thread 0x000001c44758a000 2061       3       jdk.internal.reflect.ByteVectorImpl::getLength (7 bytes)
Event: 2.216 Thread 0x000001c44758a000 nmethod 2061 0x000001c42dc64a90 code [0x000001c42dc64c40, 0x000001c42dc64d98]
Event: 2.216 Thread 0x000001c44758a000 2062       3       javafx.beans.property.DoublePropertyBase::get (29 bytes)
Event: 2.216 Thread 0x000001c44758a000 nmethod 2062 0x000001c42dc64e10 code [0x000001c42dc64fe0, 0x000001c42dc65270]
Event: 2.216 Thread 0x000001c44758a000 2063       1       javafx.scene.layout.Region::isSnapToPixel (5 bytes)
Event: 2.216 Thread 0x000001c44758a000 nmethod 2063 0x000001c434e77610 code [0x000001c434e777c0, 0x000001c434e778d8]
Event: 2.217 Thread 0x000001c44758a000 2064       3       javafx.beans.property.DoublePropertyBase::<init> (30 bytes)

GC Heap History (4 events):
Event: 0.817 GC heap before
{Heap before GC invocations=0 (full 0):
 garbage-first heap   total 229376K, used 14336K [0x0000000720c00000, 0x0000000800000000)
  region size 1024K, 14 young (14336K), 0 survivors (0K)
 Metaspace       used 9204K, capacity 9501K, committed 9856K, reserved 1058816K
  class space    used 917K, capacity 1043K, committed 1152K, reserved 1048576K
}
Event: 0.821 GC heap after
{Heap after GC invocations=1 (full 0):
 garbage-first heap   total 229376K, used 1855K [0x0000000720c00000, 0x0000000800000000)
  region size 1024K, 2 young (2048K), 2 survivors (2048K)
 Metaspace       used 9204K, capacity 9501K, committed 9856K, reserved 1058816K
  class space    used 917K, capacity 1043K, committed 1152K, reserved 1048576K
}
Event: 2.024 GC heap before
{Heap before GC invocations=1 (full 0):
 garbage-first heap   total 229376K, used 39743K [0x0000000720c00000, 0x0000000800000000)
  region size 1024K, 40 young (40960K), 2 survivors (2048K)
 Metaspace       used 20489K, capacity 21172K, committed 21296K, reserved 1067008K
  class space    used 2580K, capacity 2890K, committed 2944K, reserved 1048576K
}
Event: 2.034 GC heap after
{Heap after GC invocations=2 (full 0):
 garbage-first heap   total 229376K, used 6614K [0x0000000720c00000, 0x0000000800000000)
  region size 1024K, 7 young (7168K), 7 survivors (7168K)
 Metaspace       used 20489K, capacity 21172K, committed 21296K, reserved 1067008K
  class space    used 2580K, capacity 2890K, committed 2944K, reserved 1048576K
}

Deoptimization events (10 events):
Event: 1.915 Thread 0x000001c4488de000 Uncommon trap: reason=bimorphic_or_optimized_type_check action=maybe_recompile pc=0x000001c434de4798 method=java.util.concurrent.ConcurrentHashMap.get(Ljava/lang/Object;)Ljava/lang/Object; @ 149 c2
Event: 2.016 Thread 0x000001c4488de000 Uncommon trap: reason=array_check action=maybe_recompile pc=0x000001c434e33050 method=javafx.css.SimpleSelector.applies(Ljavafx/css/Styleable;[Ljava/util/Set;I)Z @ 37 c2
Event: 2.017 Thread 0x000001c4488de000 Uncommon trap: reason=array_check action=maybe_recompile pc=0x000001c434e33050 method=javafx.css.SimpleSelector.applies(Ljavafx/css/Styleable;[Ljava/util/Set;I)Z @ 37 c2
Event: 2.017 Thread 0x000001c4488de000 Uncommon trap: reason=array_check action=maybe_recompile pc=0x000001c434e33050 method=javafx.css.SimpleSelector.applies(Ljavafx/css/Styleable;[Ljava/util/Set;I)Z @ 37 c2
Event: 2.018 Thread 0x000001c4488de000 Uncommon trap: reason=array_check action=maybe_recompile pc=0x000001c434e33050 method=javafx.css.SimpleSelector.applies(Ljavafx/css/Styleable;[Ljava/util/Set;I)Z @ 37 c2
Event: 2.018 Thread 0x000001c4488de000 Uncommon trap: reason=array_check action=maybe_recompile pc=0x000001c434e5285c method=javafx.css.SimpleSelector.applies(Ljavafx/css/Styleable;[Ljava/util/Set;I)Z @ 37 c2
Event: 2.193 Thread 0x000001c4488de000 Uncommon trap: reason=bimorphic_or_optimized_type_check action=maybe_recompile pc=0x000001c434e6aef0 method=javafx.css.CompoundSelector.applies(Ljavafx/css/Styleable;I[Ljava/util/Set;I)Z @ 94 c2
Event: 2.193 Thread 0x000001c4488de000 Uncommon trap: reason=bimorphic_or_optimized_type_check action=maybe_recompile pc=0x000001c434e6aef0 method=javafx.css.CompoundSelector.applies(Ljavafx/css/Styleable;I[Ljava/util/Set;I)Z @ 94 c2
Event: 2.194 Thread 0x000001c4488de000 Uncommon trap: reason=bimorphic_or_optimized_type_check action=maybe_recompile pc=0x000001c434e6aef0 method=javafx.css.CompoundSelector.applies(Ljavafx/css/Styleable;I[Ljava/util/Set;I)Z @ 94 c2
Event: 2.194 Thread 0x000001c4488de000 Uncommon trap: reason=bimorphic_or_optimized_type_check action=maybe_recompile pc=0x000001c434e6aef0 method=javafx.css.CompoundSelector.applies(Ljavafx/css/Styleable;I[Ljava/util/Set;I)Z @ 94 c2

Classes redefined (0 events):
No events

Internal exceptions (10 events):
Event: 1.621 Thread 0x000001c4488de000 Implicit null exception at 0x000001c434e06d96 to 0x000001c434e073ce
Event: 1.621 Thread 0x000001c4488de000 Implicit null exception at 0x000001c434d92af8 to 0x000001c434d92b8a
Event: 1.816 Thread 0x000001c4488de000 Exception <a 'java/lang/NoSuchMethodError'{0x000000072caf12a0}: java.lang.invoke.Invokers$Holder.linkToTargetMethod(Ljava/lang/Object;ILjava/lang/Object;)Ljava/lang/Object;> (0x000000072caf12a0) thrown at [t:/workspace/open/src/hotspot/share/interpreter/l
Event: 1.871 Thread 0x000001c4488de000 Implicit null exception at 0x000001c434e1d415 to 0x000001c434e1d4c2
Event: 1.894 Thread 0x000001c4488de000 Exception <a 'java/lang/NoSuchMethodError'{0x000000072c899420}: java.lang.invoke.DirectMethodHandle$Holder.invokeInterface(Ljava/lang/Object;Ljava/lang/Object;Ljava/lang/Object;)Ljava/lang/Object;> (0x000000072c899420) thrown at [t:/workspace/open/src/hot
Event: 1.895 Thread 0x000001c4488de000 Exception <a 'java/lang/IncompatibleClassChangeError'{0x000000072c89c880}: Found class java.lang.Object, but interface was expected> (0x000000072c89c880) thrown at [t:/workspace/open/src/hotspot/share/interpreter/linkResolver.cpp, line 838]
Event: 1.947 Thread 0x000001c4488de000 Exception <a 'java/lang/ClassNotFoundException'{0x000000072c78c050}: com/sun/javafx/scene/control/skin/resources/controls> (0x000000072c78c050) thrown at [t:/workspace/open/src/hotspot/share/prims/jni.cpp, line 636]
Event: 1.949 Thread 0x000001c4488de000 Exception <a 'java/lang/ClassNotFoundException'{0x000000072c799ba0}: com/sun/javafx/scene/control/skin/resources/controls_pt> (0x000000072c799ba0) thrown at [t:/workspace/open/src/hotspot/share/prims/jni.cpp, line 636]
Event: 1.950 Thread 0x000001c4488de000 Exception <a 'java/lang/ClassNotFoundException'{0x000000072c79c078}: com/sun/javafx/scene/control/skin/resources/controls_pt_BR> (0x000000072c79c078) thrown at [t:/workspace/open/src/hotspot/share/prims/jni.cpp, line 636]
Event: 2.159 Thread 0x000001c4488de000 Exception <a 'java/lang/NoSuchMethodError'{0x000000072e65c890}: java.lang.invoke.DirectMethodHandle$Holder.invokeSpecial(Ljava/lang/Object;Ljava/lang/Object;Ljava/lang/Object;Ljava/lang/Object;Ljava/lang/Object;Ljava/lang/Object;)V> (0x000000072e65c890) t

Events (10 events):
Event: 2.212 loading class sun/text/normalizer/Trie2$1
Event: 2.212 loading class sun/text/normalizer/Trie2$ValueMapper
Event: 2.212 loading class sun/text/normalizer/Trie2$ValueMapper done
Event: 2.212 loading class sun/text/normalizer/Trie2$1 done
Event: 2.212 loading class sun/text/normalizer/Trie2$UTrie2Header
Event: 2.212 loading class sun/text/normalizer/Trie2$UTrie2Header done
Event: 2.214 loading class sun/text/normalizer/UTF16
Event: 2.214 loading class sun/text/normalizer/UTF16 done
Event: 2.214 loading class sun/text/bidi/BidiLine
Event: 2.214 loading class sun/text/bidi/BidiLine done


Dynamic libraries:
0x00007ff742240000 - 0x00007ff742287000 	C:\Program Files\Java\jdk-11.0.5\bin\java.exe
0x00007ffd73000000 - 0x00007ffd731f0000 	C:\Windows\SYSTEM32\ntdll.dll
0x00007ffd71250000 - 0x00007ffd71302000 	C:\Windows\System32\KERNEL32.DLL
0x00007ffd703c0000 - 0x00007ffd70663000 	C:\Windows\System32\KERNELBASE.dll
0x00007ffd719f0000 - 0x00007ffd71a93000 	C:\Windows\System32\ADVAPI32.dll
0x00007ffd72cd0000 - 0x00007ffd72d6e000 	C:\Windows\System32\msvcrt.dll
0x00007ffd71b10000 - 0x00007ffd71ba7000 	C:\Windows\System32\sechost.dll
0x00007ffd72220000 - 0x00007ffd72340000 	C:\Windows\System32\RPCRT4.dll
0x00007ffd723c0000 - 0x00007ffd72554000 	C:\Windows\System32\USER32.dll
0x00007ffd70010000 - 0x00007ffd70031000 	C:\Windows\System32\win32u.dll
0x00007ffd714c0000 - 0x00007ffd714e6000 	C:\Windows\System32\GDI32.dll
0x00007ffd70f10000 - 0x00007ffd710a4000 	C:\Windows\System32\gdi32full.dll
0x00007ffd70e70000 - 0x00007ffd70f0e000 	C:\Windows\System32\msvcp_win.dll
0x00007ffd702c0000 - 0x00007ffd703ba000 	C:\Windows\System32\ucrtbase.dll
0x00007ffd5f190000 - 0x00007ffd5f415000 	C:\Windows\WinSxS\amd64_microsoft.windows.common-controls_6595b64144ccf1df_6.0.18362.720_none_e6beb5c51314836b\COMCTL32.dll
0x00007ffd69cf0000 - 0x00007ffd69cfa000 	C:\Windows\SYSTEM32\VERSION.dll
0x00007ffd71600000 - 0x00007ffd71936000 	C:\Windows\System32\combase.dll
0x00007ffd6ff90000 - 0x00007ffd70010000 	C:\Windows\System32\bcryptPrimitives.dll
0x00007ffd71c10000 - 0x00007ffd71c3e000 	C:\Windows\System32\IMM32.DLL
0x00007ffd1d1b0000 - 0x00007ffd1d1c6000 	C:\Program Files\Java\jdk-11.0.5\bin\vcruntime140.dll
0x00007ffd098a0000 - 0x00007ffd0994a000 	C:\Program Files\Java\jdk-11.0.5\bin\msvcp140.dll
0x00007ffd08d70000 - 0x00007ffd09898000 	C:\Program Files\Java\jdk-11.0.5\bin\server\jvm.dll
0x00007ffd71310000 - 0x00007ffd71318000 	C:\Windows\System32\PSAPI.DLL
0x00007ffd5cfb0000 - 0x00007ffd5cfb9000 	C:\Windows\SYSTEM32\WSOCK32.dll
0x00007ffd71aa0000 - 0x00007ffd71b0f000 	C:\Windows\System32\WS2_32.dll
0x00007ffd6da70000 - 0x00007ffd6da94000 	C:\Windows\SYSTEM32\WINMM.dll
0x00007ffd6d9f0000 - 0x00007ffd6da1d000 	C:\Windows\SYSTEM32\WINMMBASE.dll
0x00007ffd70270000 - 0x00007ffd702ba000 	C:\Windows\System32\cfgmgr32.dll
0x00007ffd6ff20000 - 0x00007ffd6ff31000 	C:\Windows\System32\kernel.appcore.dll
0x00007ffd1d190000 - 0x00007ffd1d1a1000 	C:\Program Files\Java\jdk-11.0.5\bin\verify.dll
0x00007ffd5c850000 - 0x00007ffd5ca44000 	C:\Windows\SYSTEM32\DBGHELP.DLL
0x00007ffd5c820000 - 0x00007ffd5c84a000 	C:\Windows\SYSTEM32\dbgcore.DLL
0x00007ffd1caf0000 - 0x00007ffd1cb19000 	C:\Program Files\Java\jdk-11.0.5\bin\java.dll
0x00007ffd60fa0000 - 0x00007ffd60fd7000 	C:\Program Files\Java\jdk-11.0.5\bin\jdwp.dll
0x00007ffd1d170000 - 0x00007ffd1d186000 	C:\Program Files\Java\jdk-11.0.5\bin\zip.dll
0x00007ffd1cf10000 - 0x00007ffd1cf1a000 	C:\Program Files\Java\jdk-11.0.5\bin\jimage.dll
0x00007ffd725e0000 - 0x00007ffd72cc5000 	C:\Windows\System32\SHELL32.dll
0x00007ffd71940000 - 0x00007ffd719e9000 	C:\Windows\System32\shcore.dll
0x00007ffd70670000 - 0x00007ffd70df0000 	C:\Windows\System32\windows.storage.dll
0x00007ffd6ff60000 - 0x00007ffd6ff83000 	C:\Windows\System32\profapi.dll
0x00007ffd6fed0000 - 0x00007ffd6ff1a000 	C:\Windows\System32\powrprof.dll
0x00007ffd6fec0000 - 0x00007ffd6fed0000 	C:\Windows\System32\UMPDC.dll
0x00007ffd711f0000 - 0x00007ffd71242000 	C:\Windows\System32\shlwapi.dll
0x00007ffd70e50000 - 0x00007ffd70e67000 	C:\Windows\System32\cryptsp.dll
0x00007ffd1cad0000 - 0x00007ffd1cae9000 	C:\Program Files\Java\jdk-11.0.5\bin\net.dll
0x00007ffd69650000 - 0x00007ffd69741000 	C:\Windows\SYSTEM32\WINHTTP.dll
0x00007ffd6f6d0000 - 0x00007ffd6f737000 	C:\Windows\system32\mswsock.dll
0x00007ffd1cab0000 - 0x00007ffd1cac3000 	C:\Program Files\Java\jdk-11.0.5\bin\nio.dll
0x00007ffd610c0000 - 0x00007ffd610ca000 	C:\Program Files\Java\jdk-11.0.5\bin\dt_socket.dll
0x00007ffd6f420000 - 0x00007ffd6f4ea000 	C:\Windows\SYSTEM32\DNSAPI.dll
0x00007ffd72fb0000 - 0x00007ffd72fb8000 	C:\Windows\System32\NSI.dll
0x00007ffd6f3e0000 - 0x00007ffd6f41a000 	C:\Windows\SYSTEM32\IPHLPAPI.DLL
0x000000005cba0000 - 0x000000005cbaa000 	C:\Program Files\National Instruments\Shared\mDNS Responder\nimdnsNSP.dll
0x000000005cb90000 - 0x000000005cba0000 	C:\Windows\SYSTEM32\nimdnsResponder.dll
0x00007ffd664b0000 - 0x00007ffd66527000 	C:\Windows\System32\fwpuclnt.dll
0x00007ffd70040000 - 0x00007ffd70066000 	C:\Windows\System32\bcrypt.dll
0x00007ffd60b60000 - 0x00007ffd60b6a000 	C:\Windows\System32\rasadhlp.dll
0x000001c424ee0000 - 0x000001c424ee3000 	C:\Program Files\Java\javafx-sdk-11.0.2\bin\api-ms-win-core-console-l1-1-0.dll
0x000001c424ef0000 - 0x000001c424ef3000 	C:\Program Files\Java\javafx-sdk-11.0.2\bin\api-ms-win-core-datetime-l1-1-0.dll
0x000001c424f00000 - 0x000001c424f03000 	C:\Program Files\Java\javafx-sdk-11.0.2\bin\api-ms-win-core-debug-l1-1-0.dll
0x000001c424f10000 - 0x000001c424f13000 	C:\Program Files\Java\javafx-sdk-11.0.2\bin\api-ms-win-core-errorhandling-l1-1-0.dll
0x000001c449860000 - 0x000001c449864000 	C:\Program Files\Java\javafx-sdk-11.0.2\bin\api-ms-win-core-file-l1-1-0.dll
0x000001c449870000 - 0x000001c449873000 	C:\Program Files\Java\javafx-sdk-11.0.2\bin\api-ms-win-core-file-l1-2-0.dll
0x000001c449880000 - 0x000001c449883000 	C:\Program Files\Java\javafx-sdk-11.0.2\bin\api-ms-win-core-file-l2-1-0.dll
0x000001c449890000 - 0x000001c449893000 	C:\Program Files\Java\javafx-sdk-11.0.2\bin\api-ms-win-core-handle-l1-1-0.dll
0x000001c4498a0000 - 0x000001c4498a3000 	C:\Program Files\Java\javafx-sdk-11.0.2\bin\api-ms-win-core-heap-l1-1-0.dll
0x000001c4498b0000 - 0x000001c4498b3000 	C:\Program Files\Java\javafx-sdk-11.0.2\bin\api-ms-win-core-interlocked-l1-1-0.dll
0x000001c4498c0000 - 0x000001c4498c3000 	C:\Program Files\Java\javafx-sdk-11.0.2\bin\api-ms-win-core-libraryloader-l1-1-0.dll
0x000001c4498d0000 - 0x000001c4498d3000 	C:\Program Files\Java\javafx-sdk-11.0.2\bin\api-ms-win-core-localization-l1-2-0.dll
0x000001c4498e0000 - 0x000001c4498e3000 	C:\Program Files\Java\javafx-sdk-11.0.2\bin\api-ms-win-core-memory-l1-1-0.dll
0x000001c4498f0000 - 0x000001c4498f3000 	C:\Program Files\Java\javafx-sdk-11.0.2\bin\api-ms-win-core-namedpipe-l1-1-0.dll
0x000001c449900000 - 0x000001c449903000 	C:\Program Files\Java\javafx-sdk-11.0.2\bin\api-ms-win-core-processenvironment-l1-1-0.dll
0x000001c449910000 - 0x000001c449913000 	C:\Program Files\Java\javafx-sdk-11.0.2\bin\api-ms-win-core-processthreads-l1-1-0.dll
0x000001c449920000 - 0x000001c449923000 	C:\Program Files\Java\javafx-sdk-11.0.2\bin\api-ms-win-core-processthreads-l1-1-1.dll
0x000001c449930000 - 0x000001c449933000 	C:\Program Files\Java\javafx-sdk-11.0.2\bin\api-ms-win-core-profile-l1-1-0.dll
0x000001c449940000 - 0x000001c449943000 	C:\Program Files\Java\javafx-sdk-11.0.2\bin\api-ms-win-core-rtlsupport-l1-1-0.dll
0x000001c449950000 - 0x000001c449953000 	C:\Program Files\Java\javafx-sdk-11.0.2\bin\api-ms-win-core-string-l1-1-0.dll
0x000001c449960000 - 0x000001c449963000 	C:\Program Files\Java\javafx-sdk-11.0.2\bin\api-ms-win-core-synch-l1-1-0.dll
0x000001c449700000 - 0x000001c449703000 	C:\Program Files\Java\javafx-sdk-11.0.2\bin\api-ms-win-core-synch-l1-2-0.dll
0x000001c449710000 - 0x000001c449713000 	C:\Program Files\Java\javafx-sdk-11.0.2\bin\api-ms-win-core-sysinfo-l1-1-0.dll
0x000001c449720000 - 0x000001c449723000 	C:\Program Files\Java\javafx-sdk-11.0.2\bin\api-ms-win-core-timezone-l1-1-0.dll
0x000001c449730000 - 0x000001c449733000 	C:\Program Files\Java\javafx-sdk-11.0.2\bin\api-ms-win-core-util-l1-1-0.dll
0x000001c449740000 - 0x000001c449743000 	C:\Program Files\Java\javafx-sdk-11.0.2\bin\api-ms-win-crt-conio-l1-1-0.dll
0x000001c449750000 - 0x000001c449754000 	C:\Program Files\Java\javafx-sdk-11.0.2\bin\api-ms-win-crt-convert-l1-1-0.dll
0x000001c449760000 - 0x000001c449763000 	C:\Program Files\Java\javafx-sdk-11.0.2\bin\api-ms-win-crt-environment-l1-1-0.dll
0x000001c449770000 - 0x000001c449773000 	C:\Program Files\Java\javafx-sdk-11.0.2\bin\api-ms-win-crt-filesystem-l1-1-0.dll
0x000001c449780000 - 0x000001c449783000 	C:\Program Files\Java\javafx-sdk-11.0.2\bin\api-ms-win-crt-heap-l1-1-0.dll
0x000001c449790000 - 0x000001c449793000 	C:\Program Files\Java\javafx-sdk-11.0.2\bin\api-ms-win-crt-locale-l1-1-0.dll
0x000001c4497a0000 - 0x000001c4497a5000 	C:\Program Files\Java\javafx-sdk-11.0.2\bin\api-ms-win-crt-math-l1-1-0.dll
0x000001c4497b0000 - 0x000001c4497b5000 	C:\Program Files\Java\javafx-sdk-11.0.2\bin\api-ms-win-crt-multibyte-l1-1-0.dll
0x000001c4497c0000 - 0x000001c4497d0000 	C:\Program Files\Java\javafx-sdk-11.0.2\bin\api-ms-win-crt-private-l1-1-0.dll
0x000001c4497d0000 - 0x000001c4497d3000 	C:\Program Files\Java\javafx-sdk-11.0.2\bin\api-ms-win-crt-process-l1-1-0.dll
0x000001c4497e0000 - 0x000001c4497e4000 	C:\Program Files\Java\javafx-sdk-11.0.2\bin\api-ms-win-crt-runtime-l1-1-0.dll
0x000001c4497f0000 - 0x000001c4497f4000 	C:\Program Files\Java\javafx-sdk-11.0.2\bin\api-ms-win-crt-stdio-l1-1-0.dll
0x000001c449800000 - 0x000001c449804000 	C:\Program Files\Java\javafx-sdk-11.0.2\bin\api-ms-win-crt-string-l1-1-0.dll
0x000001c449810000 - 0x000001c449813000 	C:\Program Files\Java\javafx-sdk-11.0.2\bin\api-ms-win-crt-time-l1-1-0.dll
0x000001c449820000 - 0x000001c449823000 	C:\Program Files\Java\javafx-sdk-11.0.2\bin\api-ms-win-crt-utility-l1-1-0.dll
0x00007ffd53650000 - 0x00007ffd5374a000 	C:\Program Files\Java\javafx-sdk-11.0.2\bin\ucrtbase.dll
0x00007ffd60f80000 - 0x00007ffd60f96000 	C:\Program Files\Java\javafx-sdk-11.0.2\bin\vcruntime140.dll
0x00007ffd47b20000 - 0x00007ffd47bc6000 	C:\Program Files\Java\javafx-sdk-11.0.2\bin\msvcp140.dll
0x00007ffd5a1a0000 - 0x00007ffd5a1f1000 	C:\Program Files\Java\javafx-sdk-11.0.2\bin\concrt140.dll
0x00007ffd5e950000 - 0x00007ffd5e973000 	C:\Program Files\Java\javafx-sdk-11.0.2\bin\prism_d3d.dll
0x00007ffd4a230000 - 0x00007ffd4a3f7000 	C:\Windows\system32\d3d9.dll
0x00007ffd6e830000 - 0x00007ffd6e85d000 	C:\Windows\SYSTEM32\dwmapi.dll
0x00007ffd6eb30000 - 0x00007ffd6eb50000 	C:\Windows\SYSTEM32\dxcore.dll
0x00007ffd6e240000 - 0x00007ffd6e2d9000 	C:\Windows\system32\uxtheme.dll
0x00007ffd69d00000 - 0x00007ffd69edd000 	C:\Windows\System32\DriverStore\FileRepository\c0345858.inf_amd64_c8e05a72fb90b7ab\B345344\aticfx64.dll
0x00007ffd4a660000 - 0x00007ffd4a690000 	C:\Windows\System32\DriverStore\FileRepository\c0345858.inf_amd64_c8e05a72fb90b7ab\B345344\atiu9p64.dll
0x00007ffd49440000 - 0x00007ffd4a10b000 	C:\Windows\System32\DriverStore\FileRepository\c0345858.inf_amd64_c8e05a72fb90b7ab\B345344\atiumd64.dll
0x00007ffd71c40000 - 0x00007ffd71d97000 	C:\Windows\System32\ole32.dll
0x000000005be00000 - 0x000000005cb83000 	C:\Windows\System32\DriverStore\FileRepository\c0345858.inf_amd64_c8e05a72fb90b7ab\B345344\atiumd6a.dll
0x00007ffd69990000 - 0x00007ffd699bb000 	C:\Windows\SYSTEM32\amdihk64.dll
0x00007ffd5cad0000 - 0x00007ffd5cb15000 	C:\Program Files\Java\javafx-sdk-11.0.2\bin\glass.dll
0x00007ffd713f0000 - 0x00007ffd714c0000 	C:\Windows\System32\COMDLG32.dll
0x00007ffd71320000 - 0x00007ffd713e4000 	C:\Windows\System32\OLEAUT32.dll
0x00007ffd710b0000 - 0x00007ffd711e6000 	C:\Windows\System32\MSCTF.dll
0x00007ffd5d500000 - 0x00007ffd5d514000 	C:\Program Files\Java\javafx-sdk-11.0.2\bin\javafx_font.dll
0x00007ffd56b00000 - 0x00007ffd56dfe000 	C:\Windows\SYSTEM32\dwrite.dll
0x00007ffd71550000 - 0x00007ffd715f2000 	C:\Windows\System32\clbcatq.dll
0x00007ffd6bad0000 - 0x00007ffd6bc7f000 	C:\Windows\SYSTEM32\WindowsCodecs.dll
0x00007ffd614b0000 - 0x00007ffd614ea000 	C:\Windows\system32\dataexchange.dll
0x00007ffd6d150000 - 0x00007ffd6d3ab000 	C:\Windows\system32\d3d11.dll
0x00007ffd6d810000 - 0x00007ffd6d9eb000 	C:\Windows\system32\dcomp.dll
0x00007ffd6ebc0000 - 0x00007ffd6ecab000 	C:\Windows\system32\dxgi.dll
0x00007ffd6e300000 - 0x00007ffd6e55a000 	C:\Windows\system32\twinapi.appcore.dll
0x00007ffd6e660000 - 0x00007ffd6e689000 	C:\Windows\system32\RMCLIENT.dll
0x00007ffd5ca50000 - 0x00007ffd5ca83000 	C:\Program Files\Common Files\Microsoft Shared\Ink\rtscom.dll
0x00007ffd58e30000 - 0x00007ffd58ece000 	C:\Windows\System32\TextInputFramework.dll

dbghelp: loaded successfully - version: 4.0.5 - missing functions: none
symbol engine: initialized successfully - sym options: 0x614 - pdb path: .;C:\Program Files\Java\jdk-11.0.5\bin;C:\Windows\SYSTEM32;C:\Windows\WinSxS\amd64_microsoft.windows.common-controls_6595b64144ccf1df_6.0.18362.720_none_e6beb5c51314836b;C:\Program Files\Java\jdk-11.0.5\bin\server;C:\Program Files\National Instruments\Shared\mDNS Responder;C:\Program Files\Java\javafx-sdk-11.0.2\bin;C:\Windows\System32\DriverStore\FileRepository\c0345858.inf_amd64_c8e05a72fb90b7ab\B345344;C:\Program Files\Common Files\Microsoft Shared\Ink

VM Arguments:
jvm_args: -agentlib:jdwp=transport=dt_socket,server=n,suspend=y,address=localhost:63491 --module-path=C:\Program Files\Java\javafx-sdk-11.0.2\lib --add-modules=javafx.controls,javafx.fxml -Dfile.encoding=UTF-8 
java_command: vehiclepanel.Main
java_class_path (initial): C:\Users\DongXiaDesktop\AppData\Roaming\Code\User\workspaceStorage\cb5088ac7a6bb521216ff81949636139\redhat.java\jdt_ws\VehiclePanelControl_2cfac632\bin;C:\Program Files\Java\javafx-sdk-11.0.2\lib\javafx.controls.jar;C:\Program Files\Java\javafx-sdk-11.0.2\lib\javafx-swt.jar;C:\Program Files\Java\javafx-sdk-11.0.2\lib\javafx.swing.jar;C:\Program Files\Java\javafx-sdk-11.0.2\lib\javafx.fxml.jar;C:\Program Files\Java\javafx-sdk-11.0.2\lib\javafx.media.jar;C:\Program Files\Java\javafx-sdk-11.0.2\lib\javafx.graphics.jar;C:\Users\DongXiaDesktop\Desktop\VehiclePanelControl\src\lib\jSerialComm-2.6.0.jar;C:\Program Files\Java\javafx-sdk-11.0.2\lib\javafx.web.jar;C:\Program Files\Java\javafx-sdk-11.0.2\lib\javafx.base.jar
Launcher Type: SUN_STANDARD

[Global flags]
     intx CICompilerCount                          = 3                                         {product} {ergonomic}
     uint ConcGCThreads                            = 1                                         {product} {ergonomic}
     uint G1ConcRefinementThreads                  = 4                                         {product} {ergonomic}
   size_t G1HeapRegionSize                         = 1048576                                   {product} {ergonomic}
    uintx GCDrainStackTargetSize                   = 64                                        {product} {ergonomic}
   size_t InitialHeapSize                          = 234881024                                 {product} {ergonomic}
   size_t MarkStackSize                            = 4194304                                   {product} {ergonomic}
   size_t MaxHeapSize                              = 3745513472                                {product} {ergonomic}
   size_t MaxNewSize                               = 2247098368                                {product} {ergonomic}
   size_t MinHeapDeltaBytes                        = 1048576                                   {product} {ergonomic}
    uintx NonNMethodCodeHeapSize                   = 5830732                                {pd product} {ergonomic}
    uintx NonProfiledCodeHeapSize                  = 122913754                              {pd product} {ergonomic}
    uintx ProfiledCodeHeapSize                     = 122913754                              {pd product} {ergonomic}
    uintx ReservedCodeCacheSize                    = 251658240                              {pd product} {ergonomic}
     bool SegmentedCodeCache                       = true                                      {product} {ergonomic}
     bool UseCompressedClassPointers               = true                                 {lp64_product} {ergonomic}
     bool UseCompressedOops                        = true                                 {lp64_product} {ergonomic}
     bool UseG1GC                                  = true                                      {product} {ergonomic}
     bool UseLargePagesIndividualAllocation        = false                                  {pd product} {ergonomic}

Logging:
Log output configuration:
 #0: stdout all=warning uptime,level,tags
 #1: stderr all=off uptime,level,tags

Environment Variables:
PATH=C:\ActiveTcl\bin;C:\Program Files (x86)\STMicroelectronics\st_toolset\asm;C:\Program Files (x86)\Common Files\Oracle\Java\javapath;C:\Windows\system32;C:\Windows;C:\Windows\System32\Wbem;C:\Windows\System32\WindowsPowerShell\v1.0\;C:\Windows\System32\OpenSSH\;C:\Program Files\MATLAB\R2017b\runtime\win64;C:\Program Files\MATLAB\R2017b\bin;C:\Program Files (x86)\COSMIC\FSE_Compilers\CXSTM8;C:\Program Files (x86)\COSMIC\FSE_Compilers\CXSTM32;C:\Program Files\Git\cmd;C:\Program Files\dotnet\;C:\Program Files (x86)\Wolfram Research\WolframScript\;C:\Program Files\TortoiseSVN\bin;C:\cadence\Cadence\Cadence_SPB_16.6-2015\openaccess\bin\win32\opt;C:\cadence\Cadence\Cadence_SPB_16.6-2015\tools\capture;C:\cadence\Cadence\Cadence_SPB_16.6-2015\tools\pspice;C:\cadence\Cadence\Cadence_SPB_16.6-2015\tools\specctra\bin;C:\cadence\Cadence\Cadence_SPB_16.6-2015\tools\fet\bin;C:\cadence\Cadence\Cadence_SPB_16.6-2015\tools\libutil\bin;C:\cadence\Cadence\Cadence_SPB_16.6-2015\tools\bin;C:\cadence\Cadence\Cadence_SPB_16.6-2015\tools\pcb\bin;C:\Users\DongXiaDesktop\AppData\Local\Microsoft\WindowsApps;;C:\Program Files\JetBrains\IntelliJ IDEA 2019.3.1\bin;;C:\Users\DongXiaDesktop\AppData\Local\Programs\Microsoft VS Code\bin;C:\Program Files\SDCC\bin
USERNAME=DongXiaDesktop
OS=Windows_NT
PROCESSOR_IDENTIFIER=AMD64 Family 23 Model 17 Stepping 0, AuthenticAMD



---------------  S Y S T E M  ---------------

OS: Windows 10 , 64 bit Build 18362 (10.0.18362.329)

CPU:total 4 (initial active 4) (4 cores per cpu, 1 threads per core) family 23 model 17 stepping 0, cmov, cx8, fxsr, mmx, sse, sse2, sse3, ssse3, sse4.1, sse4.2, popcnt, avx, avx2, aes, clmul, mmxext, 3dnowpref, lzcnt, sse4a, tsc, tscinvbit, tscinv, bmi1, bmi2, adx, sha, fma

Memory: 4k page, system-wide physical 14284M (2391M free)
TotalPageFile size 14284M (AvailPageFile size 4M)
current process WorkingSet (physical memory assigned to process): 186M, peak: 186M
current process commit charge ("private bytes"): 396M, peak: 397M

vm_info: Java HotSpot(TM) 64-Bit Server VM (11.0.5+10-LTS) for windows-amd64 JRE (11.0.5+10-LTS), built on Oct  6 2019 12:37:14 by "mach5one" with MS VC++ 15.5 (VS2017)

END.
