#
# There is insufficient memory for the Java Runtime Environment to continue.
# Native memory allocation (malloc) failed to allocate 32784 bytes for Chunk::new
# Possible reasons:
#   The system is out of physical RAM or swap space
#   The process is running with CompressedOops enabled, and the Java Heap may be blocking the growth of the native heap
# Possible solutions:
#   Reduce memory load on the system
#   Increase physical memory or swap space
#   Check if swap backing store is full
#   Decrease Java heap size (-Xmx/-Xms)
#   Decrease number of Java threads
#   Decrease Java thread stack sizes (-Xss)
#   Set larger code cache with -XX:ReservedCodeCacheSize=
#   JVM is running with Unscaled Compressed Oops mode in which the Java heap is
#     placed in the first 4GB address space. The Java Heap base address is the
#     maximum limit for the native heap growth. Please use -XX:HeapBaseMinAddress
#     to set the Java Heap base and to place the Java Heap above 4GB virtual address.
# This output file may be truncated or incomplete.
#
#  Out of Memory Error (t:/workspace/open/src/hotspot/share/memory/arena.cpp:197), pid=11428, tid=6456
#
# JRE version: Java(TM) SE Runtime Environment (11.0.5+10) (build 11.0.5+10-LTS)
# Java VM: Java HotSpot(TM) 64-Bit Server VM (11.0.5+10-LTS, mixed mode, tiered, compressed oops, parallel gc, windows-amd64)
# No core dump will be written. Minidumps are not enabled by default on client versions of Windows
#

---------------  S U M M A R Y ------------

Command Line: --add-modules=ALL-SYSTEM --add-opens=java.base/java.util=ALL-UNNAMED --add-opens=java.base/java.lang=ALL-UNNAMED -Declipse.application=org.eclipse.jdt.ls.core.id1 -Dosgi.bundles.defaultStartLevel=4 -Declipse.product=org.eclipse.jdt.ls.core.product -Dfile.encoding=utf8 -DwatchParentProcess=false -XX:+UseParallelGC -XX:GCTimeRatio=4 -XX:AdaptiveSizePolicyWeight=90 -Dsun.zip.disableMemoryMapping=true -Xmx1G -Xms100m -Xverify:none c:\Users\DongXiaDesktop\.vscode\extensions\redhat.java-0.60.0\server\plugins\org.eclipse.equinox.launcher_1.5.700.v20200207-2156.jar -configuration c:\Users\DongXiaDesktop\AppData\Roaming\Code\User\globalStorage\redhat.java\0.60.0\config_ss_win -data c:\Users\DongXiaDesktop\AppData\Roaming\Code\User\workspaceStorage\28777a970998e4ad265be334d67d6e6c\redhat.java\ss_ws

Host: AMD Ryzen 3 2200G with Radeon Vega Graphics    , 4 cores, 13G,  Windows 10 , 64 bit Build 18362 (10.0.18362.778)
Time: Fri Apr 24 15:59:19 2020 Hora oficial do Brasil elapsed time: 5 seconds (0d 0h 0m 5s)

---------------  T H R E A D  ---------------

Current thread (0x0000027250a1a800):  JavaThread "C2 CompilerThread0" daemon [_thread_in_native, id=6456, stack(0x0000008549600000,0x0000008549700000)]


Current CompileTask:
C2:   5097 3323       4       org.eclipse.jdt.internal.compiler.parser.Parser::consumeToken (2159 bytes)

Stack: [0x0000008549600000,0x0000008549700000]
Native frames: (J=compiled Java code, j=interpreted, Vv=VM code, C=native code)
V  [jvm.dll+0x63611a]
V  [jvm.dll+0x77426f]
V  [jvm.dll+0x77591a]
V  [jvm.dll+0x775fd3]
V  [jvm.dll+0x25e608]
V  [jvm.dll+0xc1f31]
V  [jvm.dll+0xc24bc]
V  [jvm.dll+0xc2010]
V  [jvm.dll+0x66388f]
V  [jvm.dll+0x33b996]
V  [jvm.dll+0x33cf6d]
V  [jvm.dll+0x33a983]
V  [jvm.dll+0x339f6a]
V  [jvm.dll+0x218485]
V  [jvm.dll+0x21762a]
V  [jvm.dll+0x1941bc]
V  [jvm.dll+0x226684]
V  [jvm.dll+0x224c78]
V  [jvm.dll+0x7396cd]
V  [jvm.dll+0x6351c2]
C  [ucrtbase.dll+0x20e72]
C  [KERNEL32.DLL+0x17bd4]
C  [ntdll.dll+0x6ce51]


---------------  P R O C E S S  ---------------

Threads class SMR info:
_java_thread_list=0x000002725346f870, length=22, elements={
0x0000027234da7000, 0x0000027234e72000, 0x0000027250a01800, 0x0000027234e7e800,
0x0000027251bb2800, 0x0000027250a1a800, 0x0000027250a1e000, 0x0000027251bd5000,
0x0000027251cd2000, 0x0000027251d6a000, 0x0000027252bc1000, 0x00000272522b8000,
0x00000272522b9000, 0x0000027252469800, 0x00000272531ba800, 0x00000272531bb800,
0x0000027252e5a000, 0x000002725326a000, 0x000002725350d800, 0x00000272534af000,
0x0000027253859800, 0x0000027253853000
}

Java Threads: ( => current thread )
  0x0000027234da7000 JavaThread "main" [_thread_blocked, id=16128, stack(0x0000008548e00000,0x0000008548f00000)]
  0x0000027234e72000 JavaThread "Reference Handler" daemon [_thread_blocked, id=15916, stack(0x0000008549200000,0x0000008549300000)]
  0x0000027250a01800 JavaThread "Finalizer" daemon [_thread_blocked, id=18740, stack(0x0000008549300000,0x0000008549400000)]
  0x0000027234e7e800 JavaThread "Signal Dispatcher" daemon [_thread_blocked, id=14408, stack(0x0000008549400000,0x0000008549500000)]
  0x0000027251bb2800 JavaThread "Attach Listener" daemon [_thread_blocked, id=7756, stack(0x0000008549500000,0x0000008549600000)]
=>0x0000027250a1a800 JavaThread "C2 CompilerThread0" daemon [_thread_in_native, id=6456, stack(0x0000008549600000,0x0000008549700000)]
  0x0000027250a1e000 JavaThread "C1 CompilerThread0" daemon [_thread_blocked, id=7424, stack(0x0000008549700000,0x0000008549800000)]
  0x0000027251bd5000 JavaThread "Sweeper thread" daemon [_thread_blocked, id=4352, stack(0x0000008549800000,0x0000008549900000)]
  0x0000027251cd2000 JavaThread "Common-Cleaner" daemon [_thread_blocked, id=13920, stack(0x0000008549900000,0x0000008549a00000)]
  0x0000027251d6a000 JavaThread "Service Thread" daemon [_thread_blocked, id=12800, stack(0x0000008549a00000,0x0000008549b00000)]
  0x0000027252bc1000 JavaThread "Active Thread: Equinox Container: fb46cd60-5516-410a-a6c6-bb0ee7d421a8" [_thread_blocked, id=14904, stack(0x0000008549d00000,0x0000008549e00000)]
  0x00000272522b8000 JavaThread "Framework Event Dispatcher: Equinox Container: fb46cd60-5516-410a-a6c6-bb0ee7d421a8" daemon [_thread_blocked, id=1872, stack(0x0000008549e00000,0x0000008549f00000)]
  0x00000272522b9000 JavaThread "Start Level: Equinox Container: fb46cd60-5516-410a-a6c6-bb0ee7d421a8" daemon [_thread_blocked, id=9160, stack(0x0000008549f00000,0x000000854a000000)]
  0x0000027252469800 JavaThread "Worker-JM" [_thread_blocked, id=4268, stack(0x000000854a300000,0x000000854a400000)]
  0x00000272531ba800 JavaThread "Worker-0: Validate documents" [_thread_in_vm, id=14988, stack(0x000000854a400000,0x000000854a500000)]
  0x00000272531bb800 JavaThread "Worker-1" [_thread_blocked, id=13388, stack(0x000000854a500000,0x000000854a600000)]
  0x0000027252e5a000 JavaThread "Worker-2: Refreshing workspace" [_thread_blocked, id=16688, stack(0x000000854a600000,0x000000854a700000)]
  0x000002725326a000 JavaThread "C2 CompilerThread1" daemon [_thread_in_native, id=9864, stack(0x0000008549c00000,0x0000008549d00000)]
  0x000002725350d800 JavaThread "pool-1-thread-1" [_thread_in_native, id=15388, stack(0x000000854a700000,0x000000854a800000)]
  0x00000272534af000 JavaThread "ForkJoinPool.commonPool-worker-3" daemon [_thread_blocked, id=17000, stack(0x000000854a800000,0x000000854a900000)]
  0x0000027253859800 JavaThread "ForkJoinPool.commonPool-worker-5" daemon [_thread_blocked, id=18152, stack(0x000000854a900000,0x000000854aa00000)]
  0x0000027253853000 JavaThread "ForkJoinPool.commonPool-worker-7" daemon [_thread_blocked, id=16648, stack(0x000000854aa00000,0x000000854ab00000)]

Other Threads:
  0x0000027234e6d800 VMThread "VM Thread" [stack: 0x0000008549100000,0x0000008549200000] [id=14624]
  0x0000027251d6d000 WatcherThread [stack: 0x0000008549b00000,0x0000008549c00000] [id=3620]
  0x0000027234dbc800 GCTaskThread "ParGC Thread#0" [stack: 0x0000008549000000,0x0000008549100000] [id=17124]
  0x000002725274b800 GCTaskThread "ParGC Thread#1" [stack: 0x000000854a000000,0x000000854a100000] [id=15260]
  0x000002725274c000 GCTaskThread "ParGC Thread#2" [stack: 0x000000854a100000,0x000000854a200000] [id=19088]
  0x0000027252769000 GCTaskThread "ParGC Thread#3" [stack: 0x000000854a200000,0x000000854a300000] [id=11340]

Threads with active compile tasks:
C2 CompilerThread03323       4       org.eclipse.jdt.internal.compiler.parser.Parser::consumeToken (2159 bytes)
C2 CompilerThread13612       4       org.eclipse.jdt.internal.core.JavaElement::getElementInfo (27 bytes)

VM state:not at safepoint (normal execution)

VM Mutex/Monitor currently owned by a thread: None

Heap address: 0x00000000c0000000, size: 1024 MB, Compressed Oops mode: 32-bit
Narrow klass base: 0x0000000000000000, Narrow klass shift: 3
Compressed class space size: 1073741824 Address: 0x0000000100000000

Heap:
 PSYoungGen      total 25600K, used 8347K [0x00000000eab00000, 0x00000000eca00000, 0x0000000100000000)
  eden space 22016K, 23% used [0x00000000eab00000,0x00000000eb023628,0x00000000ec080000)
  from space 3584K, 86% used [0x00000000ec680000,0x00000000ec983630,0x00000000eca00000)
  to   space 4096K, 0% used [0x00000000ec200000,0x00000000ec200000,0x00000000ec600000)
 ParOldGen       total 68608K, used 23940K [0x00000000c0000000, 0x00000000c4300000, 0x00000000eab00000)
  object space 68608K, 34% used [0x00000000c0000000,0x00000000c1761228,0x00000000c4300000)
 Metaspace       used 36200K, capacity 37828K, committed 37936K, reserved 1083392K
  class space    used 3340K, capacity 3860K, committed 3968K, reserved 1048576K

Card table byte_map: [0x000002724daf0000,0x000002724dd00000] _byte_map_base: 0x000002724d4f0000

Marking Bits: (ParMarkBitMap*) 0x00007fff09e2ed10
 Begin Bits: [0x000002724de60000, 0x000002724ee60000)
 End Bits:   [0x000002724ee60000, 0x000002724fe60000)

Polling page: 0x0000027234c20000

Metaspace:

Usage:
  Non-class:     33.17 MB capacity,    32.09 MB ( 97%) used,     1.02 MB (  3%) free+waste,    67.44 KB ( <1%) overhead. 
      Class:      3.77 MB capacity,     3.26 MB ( 87%) used,   490.43 KB ( 13%) free+waste,    29.56 KB ( <1%) overhead. 
       Both:     36.94 MB capacity,    35.35 MB ( 96%) used,     1.49 MB (  4%) free+waste,    97.00 KB ( <1%) overhead. 

Virtual space:
  Non-class space:       34.00 MB reserved,      33.17 MB ( 98%) committed 
      Class space:        1.00 GB reserved,       3.88 MB ( <1%) committed 
             Both:        1.03 GB reserved,      37.05 MB (  4%) committed 

Chunk freelists:
   Non-Class:  0 bytes
       Class:  1.50 KB
        Both:  1.50 KB

CodeHeap 'non-profiled nmethods': size=120064Kb used=1689Kb max_used=1689Kb free=118375Kb
 bounds [0x00000272463d0000, 0x0000027246640000, 0x000002724d910000]
CodeHeap 'profiled nmethods': size=120000Kb used=9199Kb max_used=9199Kb free=110800Kb
 bounds [0x000002723eea0000, 0x000002723f7b0000, 0x00000272463d0000]
CodeHeap 'non-nmethods': size=5696Kb used=1205Kb max_used=1238Kb free=4490Kb
 bounds [0x000002723e910000, 0x000002723eb80000, 0x000002723eea0000]
 total_blobs=5188 nmethods=3580 adapters=480
 compilation: enabled
              stopped_count=0, restarted_count=0
 full_count=0

Compilation events (10 events):
Event: 5.094 Thread 0x0000027250a1e000 nmethod 3823 0x000002723f789090 code [0x000002723f789240, 0x000002723f789430]
Event: 5.094 Thread 0x0000027250a1e000 3821       2       org.eclipse.jdt.internal.compiler.lookup.TypeSystem::getArrayType (7 bytes)
Event: 5.094 Thread 0x0000027250a1e000 nmethod 3821 0x000002723f789510 code [0x000002723f7896c0, 0x000002723f789850]
Event: 5.094 Thread 0x0000027250a1e000 3816       3       org.eclipse.jdt.internal.compiler.lookup.ParameterizedTypeBinding::enclosingType (44 bytes)
Event: 5.095 Thread 0x0000027250a1e000 nmethod 3816 0x000002723f789910 code [0x000002723f789b20, 0x000002723f78a250]
Event: 5.095 Thread 0x0000027250a1e000 3826       2       org.eclipse.jdt.internal.compiler.lookup.Scope::substitute (9 bytes)
Event: 5.095 Thread 0x0000027250a1e000 nmethod 3826 0x000002723f78a490 code [0x000002723f78a640, 0x000002723f78a7b0]
Event: 5.095 Thread 0x0000027250a1e000 3827       2       org.eclipse.jdt.internal.core.SearchableEnvironment::findType (71 bytes)
Event: 5.095 Thread 0x0000027250a1e000 nmethod 3827 0x000002723f78a890 code [0x000002723f78aaa0, 0x000002723f78aea0]
Event: 5.095 Thread 0x0000027250a1e000 3828       2       org.eclipse.jdt.internal.compiler.lookup.ParameterizedTypeBinding::substitute (120 bytes)

GC Heap History (10 events):
Event: 3.893 GC heap before
{Heap before GC invocations=10 (full 1):
 PSYoungGen      total 30720K, used 30514K [0x00000000eab00000, 0x00000000ed280000, 0x0000000100000000)
  eden space 23552K, 100% used [0x00000000eab00000,0x00000000ec200000,0x00000000ec200000)
  from space 7168K, 97% used [0x00000000ecb80000,0x00000000ed24cb38,0x00000000ed280000)
  to   space 7680K, 0% used [0x00000000ec380000,0x00000000ec380000,0x00000000ecb00000)
 ParOldGen       total 68608K, used 12150K [0x00000000c0000000, 0x00000000c4300000, 0x00000000eab00000)
  object space 68608K, 17% used [0x00000000c0000000,0x00000000c0bdda10,0x00000000c4300000)
 Metaspace       used 28765K, capacity 30257K, committed 30384K, reserved 1077248K
  class space    used 2729K, capacity 3215K, committed 3328K, reserved 1048576K
}
Event: 3.898 GC heap after
{Heap after GC invocations=10 (full 1):
 PSYoungGen      total 29696K, used 6304K [0x00000000eab00000, 0x00000000ece80000, 0x0000000100000000)
  eden space 23040K, 0% used [0x00000000eab00000,0x00000000eab00000,0x00000000ec180000)
  from space 6656K, 94% used [0x00000000ec380000,0x00000000ec9a8020,0x00000000eca00000)
  to   space 4608K, 0% used [0x00000000eca00000,0x00000000eca00000,0x00000000ece80000)
 ParOldGen       total 68608K, used 14701K [0x00000000c0000000, 0x00000000c4300000, 0x00000000eab00000)
  object space 68608K, 21% used [0x00000000c0000000,0x00000000c0e5b700,0x00000000c4300000)
 Metaspace       used 28765K, capacity 30257K, committed 30384K, reserved 1077248K
  class space    used 2729K, capacity 3215K, committed 3328K, reserved 1048576K
}
Event: 4.400 GC heap before
{Heap before GC invocations=11 (full 1):
 PSYoungGen      total 29696K, used 29344K [0x00000000eab00000, 0x00000000ece80000, 0x0000000100000000)
  eden space 23040K, 100% used [0x00000000eab00000,0x00000000ec180000,0x00000000ec180000)
  from space 6656K, 94% used [0x00000000ec380000,0x00000000ec9a8020,0x00000000eca00000)
  to   space 4608K, 0% used [0x00000000eca00000,0x00000000eca00000,0x00000000ece80000)
 ParOldGen       total 68608K, used 14701K [0x00000000c0000000, 0x00000000c4300000, 0x00000000eab00000)
  object space 68608K, 21% used [0x00000000c0000000,0x00000000c0e5b700,0x00000000c4300000)
 Metaspace       used 32662K, capacity 34334K, committed 34480K, reserved 1081344K
  class space    used 3069K, capacity 3549K, committed 3584K, reserved 1048576K
}
Event: 4.408 GC heap after
{Heap after GC invocations=11 (full 1):
 PSYoungGen      total 26624K, used 4604K [0x00000000eab00000, 0x00000000ed400000, 0x0000000100000000)
  eden space 22016K, 0% used [0x00000000eab00000,0x00000000eab00000,0x00000000ec080000)
  from space 4608K, 99% used [0x00000000eca00000,0x00000000ece7f2c8,0x00000000ece80000)
  to   space 9728K, 0% used [0x00000000ec080000,0x00000000ec080000,0x00000000eca00000)
 ParOldGen       total 68608K, used 19285K [0x00000000c0000000, 0x00000000c4300000, 0x00000000eab00000)
  object space 68608K, 28% used [0x00000000c0000000,0x00000000c12d5650,0x00000000c4300000)
 Metaspace       used 32662K, capacity 34334K, committed 34480K, reserved 1081344K
  class space    used 3069K, capacity 3549K, committed 3584K, reserved 1048576K
}
Event: 4.500 GC heap before
{Heap before GC invocations=12 (full 1):
 PSYoungGen      total 26624K, used 7582K [0x00000000eab00000, 0x00000000ed400000, 0x0000000100000000)
  eden space 22016K, 13% used [0x00000000eab00000,0x00000000eade88c0,0x00000000ec080000)
  from space 4608K, 99% used [0x00000000eca00000,0x00000000ece7f2c8,0x00000000ece80000)
  to   space 9728K, 0% used [0x00000000ec080000,0x00000000ec080000,0x00000000eca00000)
 ParOldGen       total 68608K, used 19285K [0x00000000c0000000, 0x00000000c4300000, 0x00000000eab00000)
  object space 68608K, 28% used [0x00000000c0000000,0x00000000c12d5650,0x00000000c4300000)
 Metaspace       used 33629K, capacity 35321K, committed 35376K, reserved 1081344K
  class space    used 3157K, capacity 3666K, committed 3712K, reserved 1048576K
}
Event: 4.518 GC heap after
{Heap after GC invocations=12 (full 1):
 PSYoungGen      total 22528K, used 512K [0x00000000eab00000, 0x00000000eca80000, 0x0000000100000000)
  eden space 22016K, 0% used [0x00000000eab00000,0x00000000eab00000,0x00000000ec080000)
  from space 512K, 100% used [0x00000000ec080000,0x00000000ec100000,0x00000000ec100000)
  to   space 4096K, 0% used [0x00000000ec680000,0x00000000ec680000,0x00000000eca80000)
 ParOldGen       total 68608K, used 23789K [0x00000000c0000000, 0x00000000c4300000, 0x00000000eab00000)
  object space 68608K, 34% used [0x00000000c0000000,0x00000000c173b5e0,0x00000000c4300000)
 Metaspace       used 33629K, capacity 35321K, committed 35376K, reserved 1081344K
  class space    used 3157K, capacity 3666K, committed 3712K, reserved 1048576K
}
Event: 4.518 GC heap before
{Heap before GC invocations=13 (full 2):
 PSYoungGen      total 22528K, used 512K [0x00000000eab00000, 0x00000000eca80000, 0x0000000100000000)
  eden space 22016K, 0% used [0x00000000eab00000,0x00000000eab00000,0x00000000ec080000)
  from space 512K, 100% used [0x00000000ec080000,0x00000000ec100000,0x00000000ec100000)
  to   space 4096K, 0% used [0x00000000ec680000,0x00000000ec680000,0x00000000eca80000)
 ParOldGen       total 68608K, used 23789K [0x00000000c0000000, 0x00000000c4300000, 0x00000000eab00000)
  object space 68608K, 34% used [0x00000000c0000000,0x00000000c173b5e0,0x00000000c4300000)
 Metaspace       used 33629K, capacity 35321K, committed 35376K, reserved 1081344K
  class space    used 3157K, capacity 3666K, committed 3712K, reserved 1048576K
}
Event: 4.655 GC heap after
{Heap after GC invocations=13 (full 2):
 PSYoungGen      total 22528K, used 0K [0x00000000eab00000, 0x00000000eca80000, 0x0000000100000000)
  eden space 22016K, 0% used [0x00000000eab00000,0x00000000eab00000,0x00000000ec080000)
  from space 512K, 0% used [0x00000000ec080000,0x00000000ec080000,0x00000000ec100000)
  to   space 4096K, 0% used [0x00000000ec680000,0x00000000ec680000,0x00000000eca80000)
 ParOldGen       total 68608K, used 23932K [0x00000000c0000000, 0x00000000c4300000, 0x00000000eab00000)
  object space 68608K, 34% used [0x00000000c0000000,0x00000000c175f228,0x00000000c4300000)
 Metaspace       used 33629K, capacity 35321K, committed 35376K, reserved 1081344K
  class space    used 3157K, capacity 3666K, committed 3712K, reserved 1048576K
}
Event: 4.990 GC heap before
{Heap before GC invocations=14 (full 2):
 PSYoungGen      total 22528K, used 22016K [0x00000000eab00000, 0x00000000eca80000, 0x0000000100000000)
  eden space 22016K, 100% used [0x00000000eab00000,0x00000000ec080000,0x00000000ec080000)
  from space 512K, 0% used [0x00000000ec080000,0x00000000ec080000,0x00000000ec100000)
  to   space 4096K, 0% used [0x00000000ec680000,0x00000000ec680000,0x00000000eca80000)
 ParOldGen       total 68608K, used 23932K [0x00000000c0000000, 0x00000000c4300000, 0x00000000eab00000)
  object space 68608K, 34% used [0x00000000c0000000,0x00000000c175f228,0x00000000c4300000)
 Metaspace       used 35652K, capacity 37343K, committed 37552K, reserved 1083392K
  class space    used 3308K, capacity 3827K, committed 3840K, reserved 1048576K
}
Event: 4.995 GC heap after
{Heap after GC invocations=14 (full 2):
 PSYoungGen      total 25600K, used 3085K [0x00000000eab00000, 0x00000000eca00000, 0x0000000100000000)
  eden space 22016K, 0% used [0x00000000eab00000,0x00000000eab00000,0x00000000ec080000)
  from space 3584K, 86% used [0x00000000ec680000,0x00000000ec983630,0x00000000eca00000)
  to   space 4096K, 0% used [0x00000000ec200000,0x00000000ec200000,0x00000000ec600000)
 ParOldGen       total 68608K, used 23940K [0x00000000c0000000, 0x00000000c4300000, 0x00000000eab00000)
  object space 68608K, 34% used [0x00000000c0000000,0x00000000c1761228,0x00000000c4300000)
 Metaspace       used 35652K, capacity 37343K, committed 37552K, reserved 1083392K
  class space    used 3308K, capacity 3827K, committed 3840K, reserved 1048576K
}

Deoptimization events (10 events):
Event: 4.757 Thread 0x00000272534af000 Uncommon trap: reason=unstable_if action=reinterpret pc=0x000002724652b868 method=org.eclipse.jdt.core.compiler.CharOperation.equals([C[C)Z @ 8 c2
Event: 4.766 Thread 0x00000272534af000 Uncommon trap: reason=unstable_if action=reinterpret pc=0x0000027246501768 method=org.eclipse.jdt.internal.compiler.parser.Scanner.scanIdentifierOrKeyword()I @ 27 c2
Event: 4.785 Thread 0x00000272534af000 Uncommon trap: reason=unstable_if action=reinterpret pc=0x00000272464ffba4 method=sun.nio.cs.UTF_8$Decoder.decodeArrayLoop(Ljava/nio/ByteBuffer;Ljava/nio/CharBuffer;)Ljava/nio/charset/CoderResult; @ 84 c2
Event: 4.795 Thread 0x00000272534af000 Uncommon trap: reason=unstable_if action=reinterpret pc=0x00000272464f8080 method=sun.nio.cs.UTF_8$Decoder.decodeArrayLoop(Ljava/nio/ByteBuffer;Ljava/nio/CharBuffer;)Ljava/nio/charset/CoderResult; @ 84 c2
Event: 4.797 Thread 0x00000272534af000 Uncommon trap: reason=unstable_if action=reinterpret pc=0x000002724651c1dc method=org.eclipse.jdt.internal.compiler.parser.Scanner.internalScanIdentifierOrKeyword(II[C)I @ 3 c2
Event: 4.840 Thread 0x00000272534af000 Uncommon trap: reason=class_check action=maybe_recompile pc=0x0000027246545f10 method=org.eclipse.jdt.internal.compiler.parser.Parser.consumeRule(I)V @ 4893 c2
Event: 4.840 Thread 0x00000272534af000 Uncommon trap: reason=class_check action=maybe_recompile pc=0x0000027246545ecc method=org.eclipse.jdt.internal.compiler.parser.Parser.consumeRule(I)V @ 4865 c2
Event: 4.841 Thread 0x00000272534af000 Uncommon trap: reason=class_check action=maybe_recompile pc=0x0000027246545f10 method=org.eclipse.jdt.internal.compiler.parser.Parser.consumeRule(I)V @ 4893 c2
Event: 4.841 Thread 0x00000272534af000 Uncommon trap: reason=class_check action=maybe_recompile pc=0x0000027246545ecc method=org.eclipse.jdt.internal.compiler.parser.Parser.consumeRule(I)V @ 4865 c2
Event: 4.971 Thread 0x00000272531ba800 Uncommon trap: reason=unstable_if action=reinterpret pc=0x0000027246564308 method=org.eclipse.jdt.internal.compiler.parser.Parser.consumeRule(I)V @ 1 c2

Classes redefined (0 events):
No events

Internal exceptions (10 events):
Event: 4.491 Thread 0x00000272534af000 Exception <a 'java/lang/NoSuchMethodError'{0x00000000ead86b28}: java.lang.invoke.DirectMethodHandle$Holder.invokeVirtual(Ljava/lang/Object;Ljava/lang/Object;Ljava/lang/Object;)I> (0x00000000ead86b28) thrown at [t:/workspace/open/src/hotspot/share/interpre
Event: 4.734 Thread 0x00000272531ba800 Exception <a 'java/lang/ArrayIndexOutOfBoundsException'{0x00000000eb02ea20}> (0x00000000eb02ea20) thrown at [t:/workspace/open/src/hotspot/share/runtime/sharedRuntime.cpp, line 584]
Event: 4.743 Thread 0x00000272534af000 Exception <a 'java/lang/ArrayIndexOutOfBoundsException'{0x00000000eafda270}> (0x00000000eafda270) thrown at [t:/workspace/open/src/hotspot/share/runtime/sharedRuntime.cpp, line 584]
Event: 4.757 Thread 0x00000272534af000 Implicit null exception at 0x000002724652b735 to 0x000002724652b852
Event: 4.766 Thread 0x00000272534af000 Exception <a 'java/lang/ArrayIndexOutOfBoundsException'{0x00000000eb2406a0}> (0x00000000eb2406a0) thrown at [t:/workspace/open/src/hotspot/share/runtime/sharedRuntime.cpp, line 584]
Event: 4.766 Thread 0x00000272534af000 Exception <a 'java/lang/ArrayIndexOutOfBoundsException'{0x00000000eb242c08}> (0x00000000eb242c08) thrown at [t:/workspace/open/src/hotspot/share/runtime/sharedRuntime.cpp, line 584]
Event: 4.782 Thread 0x00000272534af000 Exception <a 'java/lang/ArrayIndexOutOfBoundsException'{0x00000000eb2a4c58}> (0x00000000eb2a4c58) thrown at [t:/workspace/open/src/hotspot/share/runtime/sharedRuntime.cpp, line 584]
Event: 4.787 Thread 0x00000272534af000 Exception <a 'java/lang/ArrayIndexOutOfBoundsException'{0x00000000eb306ed8}> (0x00000000eb306ed8) thrown at [t:/workspace/open/src/hotspot/share/runtime/sharedRuntime.cpp, line 584]
Event: 4.791 Thread 0x00000272534af000 Exception <a 'java/lang/ArrayIndexOutOfBoundsException'{0x00000000eb331288}> (0x00000000eb331288) thrown at [t:/workspace/open/src/hotspot/share/runtime/sharedRuntime.cpp, line 584]
Event: 4.797 Thread 0x00000272534af000 Exception <a 'java/lang/ArrayIndexOutOfBoundsException'{0x00000000eb37ffd0}> (0x00000000eb37ffd0) thrown at [t:/workspace/open/src/hotspot/share/runtime/sharedRuntime.cpp, line 584]

Events (10 events):
Event: 5.029 Executing VM operation: RevokeBias
Event: 5.029 Executing VM operation: RevokeBias done
Event: 5.029 Executing VM operation: RevokeBias
Event: 5.029 Executing VM operation: RevokeBias done
Event: 5.029 Executing VM operation: RevokeBias
Event: 5.029 Executing VM operation: RevokeBias done
Event: 5.029 Executing VM operation: RevokeBias
Event: 5.030 Executing VM operation: RevokeBias done
Event: 5.030 Executing VM operation: RevokeBias
Event: 5.030 Executing VM operation: RevokeBias done


Dynamic libraries:
0x00007ff6bf900000 - 0x00007ff6bf947000 	C:\Program Files\Java\jdk-11.0.5\bin\java.exe
0x00007fff40100000 - 0x00007fff402f0000 	C:\Windows\SYSTEM32\ntdll.dll
0x00007fff3e8e0000 - 0x00007fff3e992000 	C:\Windows\System32\KERNEL32.DLL
0x00007fff3d550000 - 0x00007fff3d7f3000 	C:\Windows\System32\KERNELBASE.dll
0x00007fff3e1b0000 - 0x00007fff3e253000 	C:\Windows\System32\ADVAPI32.dll
0x00007fff3edd0000 - 0x00007fff3ee6e000 	C:\Windows\System32\msvcrt.dll
0x00007fff3f840000 - 0x00007fff3f8d7000 	C:\Windows\System32\sechost.dll
0x00007fff3f5c0000 - 0x00007fff3f6e0000 	C:\Windows\System32\RPCRT4.dll
0x00007fff3fcb0000 - 0x00007fff3fe44000 	C:\Windows\System32\USER32.dll
0x00007fff3d250000 - 0x00007fff3d271000 	C:\Windows\System32\win32u.dll
0x00007fff3e770000 - 0x00007fff3e796000 	C:\Windows\System32\GDI32.dll
0x00007fff3d090000 - 0x00007fff3d224000 	C:\Windows\System32\gdi32full.dll
0x00007fff3d800000 - 0x00007fff3d89e000 	C:\Windows\System32\msvcp_win.dll
0x00007fff3d450000 - 0x00007fff3d54a000 	C:\Windows\System32\ucrtbase.dll
0x00007fff2c380000 - 0x00007fff2c605000 	C:\Windows\WinSxS\amd64_microsoft.windows.common-controls_6595b64144ccf1df_6.0.18362.778_none_e6c6b761130d4fb8\COMCTL32.dll
0x00007fff3f970000 - 0x00007fff3fca6000 	C:\Windows\System32\combase.dll
0x00007fff3d3d0000 - 0x00007fff3d450000 	C:\Windows\System32\bcryptPrimitives.dll
0x00007fff36df0000 - 0x00007fff36dfa000 	C:\Windows\SYSTEM32\VERSION.dll
0x00007fff3f940000 - 0x00007fff3f96e000 	C:\Windows\System32\IMM32.DLL
0x00007fff39aa0000 - 0x00007fff39ab6000 	C:\Program Files\Java\jdk-11.0.5\bin\vcruntime140.dll
0x00007fff27540000 - 0x00007fff275ea000 	C:\Program Files\Java\jdk-11.0.5\bin\msvcp140.dll
0x00007fff093c0000 - 0x00007fff09ee8000 	C:\Program Files\Java\jdk-11.0.5\bin\server\jvm.dll
0x00007fff3e260000 - 0x00007fff3e268000 	C:\Windows\System32\PSAPI.DLL
0x00007fff2b890000 - 0x00007fff2b899000 	C:\Windows\SYSTEM32\WSOCK32.dll
0x00007fff3f6e0000 - 0x00007fff3f74f000 	C:\Windows\System32\WS2_32.dll
0x00007fff3abd0000 - 0x00007fff3abf4000 	C:\Windows\SYSTEM32\WINMM.dll
0x00007fff3aac0000 - 0x00007fff3aaed000 	C:\Windows\SYSTEM32\WINMMBASE.dll
0x00007fff3d8a0000 - 0x00007fff3d8ea000 	C:\Windows\System32\cfgmgr32.dll
0x00007fff3d040000 - 0x00007fff3d051000 	C:\Windows\System32\kernel.appcore.dll
0x00007fff398f0000 - 0x00007fff39901000 	C:\Program Files\Java\jdk-11.0.5\bin\verify.dll
0x00007fff29c00000 - 0x00007fff29df4000 	C:\Windows\SYSTEM32\DBGHELP.DLL
0x00007fff29850000 - 0x00007fff2987a000 	C:\Windows\SYSTEM32\dbgcore.DLL
0x00007fff36ae0000 - 0x00007fff36b09000 	C:\Program Files\Java\jdk-11.0.5\bin\java.dll
0x00007fff36ac0000 - 0x00007fff36ad6000 	C:\Program Files\Java\jdk-11.0.5\bin\zip.dll
0x00007fff36ab0000 - 0x00007fff36aba000 	C:\Program Files\Java\jdk-11.0.5\bin\jimage.dll
0x00007fff3eed0000 - 0x00007fff3f5b5000 	C:\Windows\System32\SHELL32.dll
0x00007fff40000000 - 0x00007fff400a9000 	C:\Windows\System32\shcore.dll
0x00007fff3d980000 - 0x00007fff3e100000 	C:\Windows\System32\windows.storage.dll
0x00007fff3d060000 - 0x00007fff3d083000 	C:\Windows\System32\profapi.dll
0x00007fff3cfd0000 - 0x00007fff3d01a000 	C:\Windows\System32\powrprof.dll
0x00007fff3cfc0000 - 0x00007fff3cfd0000 	C:\Windows\System32\UMPDC.dll
0x00007fff3e290000 - 0x00007fff3e2e2000 	C:\Windows\System32\shlwapi.dll
0x00007fff3d230000 - 0x00007fff3d247000 	C:\Windows\System32\cryptsp.dll
0x00007fff2e0f0000 - 0x00007fff2e109000 	C:\Program Files\Java\jdk-11.0.5\bin\net.dll
0x00007fff36b10000 - 0x00007fff36c00000 	C:\Windows\SYSTEM32\WINHTTP.dll
0x00007fff3c7d0000 - 0x00007fff3c837000 	C:\Windows\system32\mswsock.dll
0x00007fff2e050000 - 0x00007fff2e063000 	C:\Program Files\Java\jdk-11.0.5\bin\nio.dll
0x00007fff3c340000 - 0x00007fff3c373000 	C:\Windows\system32\rsaenh.dll
0x00007fff3d8f0000 - 0x00007fff3d916000 	C:\Windows\System32\bcrypt.dll
0x00007fff3cee0000 - 0x00007fff3cf05000 	C:\Windows\SYSTEM32\USERENV.dll
0x00007fff3c9a0000 - 0x00007fff3c9ac000 	C:\Windows\SYSTEM32\CRYPTBASE.dll
0x00007fff3c4e0000 - 0x00007fff3c51a000 	C:\Windows\SYSTEM32\IPHLPAPI.DLL
0x00007fff3e2f0000 - 0x00007fff3e2f8000 	C:\Windows\System32\NSI.dll
0x00007fff32590000 - 0x00007fff325a6000 	C:\Windows\SYSTEM32\dhcpcsvc6.DLL
0x00007fff325d0000 - 0x00007fff325ec000 	C:\Windows\SYSTEM32\dhcpcsvc.DLL
0x00007fff3c520000 - 0x00007fff3c5ea000 	C:\Windows\SYSTEM32\DNSAPI.dll
0x00007fff26f90000 - 0x00007fff26fb9000 	C:\Users\DongXiaDesktop\AppData\Roaming\Code\User\globalStorage\redhat.java\0.60.0\config_ss_win\org.eclipse.equinox.launcher\org.eclipse.equinox.launcher.win32.win32.x86_64_1.1.1100.v20190907-0426\eclipse_1902.dll

dbghelp: loaded successfully - version: 4.0.5 - missing functions: none
symbol engine: initialized successfully - sym options: 0x614 - pdb path: .;C:\Program Files\Java\jdk-11.0.5\bin;C:\Windows\SYSTEM32;C:\Windows\WinSxS\amd64_microsoft.windows.common-controls_6595b64144ccf1df_6.0.18362.778_none_e6c6b761130d4fb8;C:\Program Files\Java\jdk-11.0.5\bin\server;C:\Users\DongXiaDesktop\AppData\Roaming\Code\User\globalStorage\redhat.java\0.60.0\config_ss_win\org.eclipse.equinox.launcher\org.eclipse.equinox.launcher.win32.win32.x86_64_1.1.1100.v20190907-0426

VM Arguments:
jvm_args: --add-modules=ALL-SYSTEM --add-opens=java.base/java.util=ALL-UNNAMED --add-opens=java.base/java.lang=ALL-UNNAMED -Declipse.application=org.eclipse.jdt.ls.core.id1 -Dosgi.bundles.defaultStartLevel=4 -Declipse.product=org.eclipse.jdt.ls.core.product -Dfile.encoding=utf8 -DwatchParentProcess=false -XX:+UseParallelGC -XX:GCTimeRatio=4 -XX:AdaptiveSizePolicyWeight=90 -Dsun.zip.disableMemoryMapping=true -Xmx1G -Xms100m -Xverify:none 
java_command: c:\Users\DongXiaDesktop\.vscode\extensions\redhat.java-0.60.0\server\plugins\org.eclipse.equinox.launcher_1.5.700.v20200207-2156.jar -configuration c:\Users\DongXiaDesktop\AppData\Roaming\Code\User\globalStorage\redhat.java\0.60.0\config_ss_win -data c:\Users\DongXiaDesktop\AppData\Roaming\Code\User\workspaceStorage\28777a970998e4ad265be334d67d6e6c\redhat.java\ss_ws
java_class_path (initial): c:\Users\DongXiaDesktop\.vscode\extensions\redhat.java-0.60.0\server\plugins\org.eclipse.equinox.launcher_1.5.700.v20200207-2156.jar
Launcher Type: SUN_STANDARD

[Global flags]
    uintx AdaptiveSizePolicyWeight                 = 90                                        {product} {command line}
     bool BytecodeVerificationLocal                = false                                     {product} {command line}
     bool BytecodeVerificationRemote               = false                                     {product} {command line}
     intx CICompilerCount                          = 3                                         {product} {ergonomic}
    uintx GCTimeRatio                              = 4                                         {product} {command line}
   size_t InitialHeapSize                          = 104857600                                 {product} {command line}
   size_t MaxHeapSize                              = 1073741824                                {product} {command line}
   size_t MaxNewSize                               = 357564416                                 {product} {ergonomic}
   size_t MinHeapDeltaBytes                        = 524288                                    {product} {ergonomic}
   size_t NewSize                                  = 34603008                                  {product} {ergonomic}
    uintx NonNMethodCodeHeapSize                   = 5830732                                {pd product} {ergonomic}
    uintx NonProfiledCodeHeapSize                  = 122913754                              {pd product} {ergonomic}
   size_t OldSize                                  = 70254592                                  {product} {ergonomic}
    uintx ProfiledCodeHeapSize                     = 122913754                              {pd product} {ergonomic}
    uintx ReservedCodeCacheSize                    = 251658240                              {pd product} {ergonomic}
     bool SegmentedCodeCache                       = true                                      {product} {ergonomic}
     bool UseCompressedClassPointers               = true                                 {lp64_product} {ergonomic}
     bool UseCompressedOops                        = true                                 {lp64_product} {ergonomic}
     bool UseLargePagesIndividualAllocation        = false                                  {pd product} {ergonomic}
     bool UseParallelGC                            = true                                      {product} {command line}

Logging:
Log output configuration:
 #0: stdout all=warning uptime,level,tags
 #1: stderr all=off uptime,level,tags

Environment Variables:
PATH=C:\ActiveTcl\bin;C:\Program Files (x86)\STMicroelectronics\st_toolset\asm;C:\Program Files (x86)\Common Files\Oracle\Java\javapath;C:\Windows\system32;C:\Windows;C:\Windows\System32\Wbem;C:\Windows\System32\WindowsPowerShell\v1.0\;C:\Windows\System32\OpenSSH\;C:\Program Files\MATLAB\R2017b\runtime\win64;C:\Program Files\MATLAB\R2017b\bin;C:\Program Files (x86)\COSMIC\FSE_Compilers\CXSTM8;C:\Program Files (x86)\COSMIC\FSE_Compilers\CXSTM32;C:\Program Files\Git\cmd;C:\Program Files\dotnet\;C:\Program Files\TortoiseSVN\bin;C:\Program Files\Java\jdk-11.0.5\bin;C:\Program Files (x86)\Wolfram Research\WolframScript\;C:\cadence\Cadence\Cadence_SPB_16.6-2015\openaccess\bin\win32\opt;C:\cadence\Cadence\Cadence_SPB_16.6-2015\tools\capture;C:\cadence\Cadence\Cadence_SPB_16.6-2015\tools\pspice;C:\cadence\Cadence\Cadence_SPB_16.6-2015\tools\specctra\bin;C:\cadence\Cadence\Cadence_SPB_16.6-2015\tools\fet\bin;C:\cadence\Cadence\Cadence_SPB_16.6-2015\tools\libutil\bin;C:\cadence\Cadence\Cadence_SPB_16.6-2015\tools\bin;C:\cadence\Cadence\Cadence_SPB_16.6-2015\tools\pcb\bin;C:\Users\DongXiaDesktop\AppData\Local\Microsoft\WindowsApps;;C:\Program Files\JetBrains\IntelliJ IDEA 2019.3.1\bin;;C:\Users\DongXiaDesktop\AppData\Local\Programs\Microsoft VS Code\bin;C:\Program Files\SDCC\bin;C:\Program Files\Java\jdk-11.0.5\bin
USERNAME=DongXiaDesktop
OS=Windows_NT
PROCESSOR_IDENTIFIER=AMD64 Family 23 Model 17 Stepping 0, AuthenticAMD



---------------  S Y S T E M  ---------------

OS: Windows 10 , 64 bit Build 18362 (10.0.18362.778)

CPU:total 4 (initial active 4) (4 cores per cpu, 1 threads per core) family 23 model 17 stepping 0, cmov, cx8, fxsr, mmx, sse, sse2, sse3, ssse3, sse4.1, sse4.2, popcnt, avx, avx2, aes, clmul, mmxext, 3dnowpref, lzcnt, sse4a, tsc, tscinvbit, tscinv, bmi1, bmi2, adx, sha, fma

Memory: 4k page, system-wide physical 14284M (2963M free)
TotalPageFile size 14284M (AvailPageFile size 4M)
current process WorkingSet (physical memory assigned to process): 186M, peak: 186M
current process commit charge ("private bytes"): 268M, peak: 269M

vm_info: Java HotSpot(TM) 64-Bit Server VM (11.0.5+10-LTS) for windows-amd64 JRE (11.0.5+10-LTS), built on Oct  6 2019 12:37:14 by "mach5one" with MS VC++ 15.5 (VS2017)

END.
