#
# There is insufficient memory for the Java Runtime Environment to continue.
# Native memory allocation (mmap) failed to map 234881024 bytes for Failed to commit area from 0x0000000720c00000 to 0x000000072ec00000 of length 234881024.
# Possible reasons:
#   The system is out of physical RAM or swap space
#   The process is running with CompressedOops enabled, and the Java Heap may be blocking the growth of the native heap
# Possible solutions:
#   Reduce memory load on the system
#   Increase physical memory or swap space
#   Check if swap backing store is full
#   Decrease Java heap size (-Xmx/-Xms)
#   Decrease number of Java threads
#   Decrease Java thread stack sizes (-Xss)
#   Set larger code cache with -XX:ReservedCodeCacheSize=
# This output file may be truncated or incomplete.
#
#  Out of Memory Error (t:/workspace/open/src/hotspot/os/windows/os_windows.cpp:3274), pid=16720, tid=15644
#
# JRE version:  (11.0.5+10) (build )
# Java VM: Java HotSpot(TM) 64-Bit Server VM (11.0.5+10-LTS, mixed mode, aot, sharing, tiered, compressed oops, g1 gc, windows-amd64)
# No core dump will be written. Minidumps are not enabled by default on client versions of Windows
#

---------------  S U M M A R Y ------------

Command Line: -agentlib:jdwp=transport=dt_socket,server=n,suspend=y,address=localhost:55109 --module-path=C:\Program Files\Java\javafx-sdk-11.0.2\lib --add-modules=javafx.controls,javafx.fxml -Dfile.encoding=UTF-8 vehiclepanel.Main

Host: AMD Ryzen 3 2200G with Radeon Vega Graphics    , 4 cores, 13G,  Windows 10 , 64 bit Build 18362 (10.0.18362.329)
Time: Thu Apr  2 19:01:54 2020 Hora oficial do Brasil elapsed time: 0 seconds (0d 0h 0m 0s)

---------------  T H R E A D  ---------------

Current thread (0x00000133a5cb6000):  JavaThread "Unknown thread" [_thread_in_vm, id=15644, stack(0x0000000c30400000,0x0000000c30500000)]

Stack: [0x0000000c30400000,0x0000000c30500000]
Native frames: (J=compiled Java code, j=interpreted, Vv=VM code, C=native code)
V  [jvm.dll+0x63611a]
V  [jvm.dll+0x77426f]
V  [jvm.dll+0x77591a]
V  [jvm.dll+0x775fd3]
V  [jvm.dll+0x25e608]
V  [jvm.dll+0x6335ca]
V  [jvm.dll+0x627f85]
V  [jvm.dll+0x314ecc]
V  [jvm.dll+0x314d52]
V  [jvm.dll+0x31a5c6]
V  [jvm.dll+0x3666bf]
V  [jvm.dll+0x3660e0]
V  [jvm.dll+0x2f1c48]
V  [jvm.dll+0x2f2db6]
V  [jvm.dll+0x74d437]
V  [jvm.dll+0x74ebaf]
V  [jvm.dll+0x3734f9]
V  [jvm.dll+0x733ae9]
V  [jvm.dll+0x3e2e1d]
V  [jvm.dll+0x3e51e1]
C  [java.exe+0x3607]
C  [java.exe+0x178dc]
C  [KERNEL32.DLL+0x17bd4]
C  [ntdll.dll+0x6ced1]


---------------  P R O C E S S  ---------------

Threads class SMR info:
_java_thread_list=0x00000133a3b26080, length=0, elements={
}

Java Threads: ( => current thread )

Other Threads:
  0x00000133a5ccd800 GCTaskThread "GC Thread#0" [stack: 0x0000000c30500000,0x0000000c30600000] [id=4656]
  0x00000133a5d20000 ConcurrentGCThread "G1 Main Marker" [stack: 0x0000000c30600000,0x0000000c30700000] [id=708]
  0x00000133a5d21800 ConcurrentGCThread "G1 Conc#0" [stack: 0x0000000c30700000,0x0000000c30800000] [id=7420]

[error occurred during error reporting (printing all threads), id 0xc0000005, EXCEPTION_ACCESS_VIOLATION (0xc0000005) at pc=0x00007ff95bef0617]

VM state:not at safepoint (not fully initialized)

VM Mutex/Monitor currently owned by a thread:  ([mutex/lock_event])
[0x00000133a5cb4d20] Heap_lock - owner thread: 0x00000133a5cb6000

Heap address: 0x0000000720c00000, size: 3572 MB, Compressed Oops mode: Non-zero based: 0x0000000720c00000
Narrow klass base: 0x0000000000000000, Narrow klass shift: 0

GC Heap History (0 events):
No events

Deoptimization events (0 events):
No events

Classes redefined (0 events):
No events

Internal exceptions (0 events):
No events

Events (0 events):
No events


Dynamic libraries:
0x00007ff707860000 - 0x00007ff7078a7000 	C:\Program Files\Java\jdk-11.0.5\bin\java.exe
0x00007ff9b2520000 - 0x00007ff9b2710000 	C:\Windows\SYSTEM32\ntdll.dll
0x00007ff9b1250000 - 0x00007ff9b1302000 	C:\Windows\System32\KERNEL32.DLL
0x00007ff9af920000 - 0x00007ff9afbc3000 	C:\Windows\System32\KERNELBASE.dll
0x00007ff9b1130000 - 0x00007ff9b11d3000 	C:\Windows\System32\ADVAPI32.dll
0x00007ff9b1090000 - 0x00007ff9b112e000 	C:\Windows\System32\msvcrt.dll
0x00007ff9b13c0000 - 0x00007ff9b1457000 	C:\Windows\System32\sechost.dll
0x00007ff9b1d20000 - 0x00007ff9b1e40000 	C:\Windows\System32\RPCRT4.dll
0x00007ff9b2300000 - 0x00007ff9b2494000 	C:\Windows\System32\USER32.dll
0x00007ff9af600000 - 0x00007ff9af621000 	C:\Windows\System32\win32u.dll
0x00007ff9b24b0000 - 0x00007ff9b24d6000 	C:\Windows\System32\GDI32.dll
0x00007ff9af630000 - 0x00007ff9af7c4000 	C:\Windows\System32\gdi32full.dll
0x00007ff9af4b0000 - 0x00007ff9af54e000 	C:\Windows\System32\msvcp_win.dll
0x00007ff9afcf0000 - 0x00007ff9afdea000 	C:\Windows\System32\ucrtbase.dll
0x00007ff99dae0000 - 0x00007ff99dd65000 	C:\Windows\WinSxS\amd64_microsoft.windows.common-controls_6595b64144ccf1df_6.0.18362.720_none_e6beb5c51314836b\COMCTL32.dll
0x00007ff9b1e40000 - 0x00007ff9b2176000 	C:\Windows\System32\combase.dll
0x00007ff9a9210000 - 0x00007ff9a921a000 	C:\Windows\SYSTEM32\VERSION.dll
0x00007ff9afbd0000 - 0x00007ff9afc50000 	C:\Windows\System32\bcryptPrimitives.dll
0x00007ff9b1560000 - 0x00007ff9b158e000 	C:\Windows\System32\IMM32.DLL
0x00007ff99dff0000 - 0x00007ff99e006000 	C:\Program Files\Java\jdk-11.0.5\bin\vcruntime140.dll
0x00007ff97ca20000 - 0x00007ff97caca000 	C:\Program Files\Java\jdk-11.0.5\bin\msvcp140.dll
0x00007ff95bbf0000 - 0x00007ff95c718000 	C:\Program Files\Java\jdk-11.0.5\bin\server\jvm.dll
0x00007ff9b24a0000 - 0x00007ff9b24a8000 	C:\Windows\System32\PSAPI.DLL
0x00007ff99b6d0000 - 0x00007ff99b6d9000 	C:\Windows\SYSTEM32\WSOCK32.dll
0x00007ff9b1480000 - 0x00007ff9b14ef000 	C:\Windows\System32\WS2_32.dll
0x00007ff9acf20000 - 0x00007ff9acf44000 	C:\Windows\SYSTEM32\WINMM.dll
0x00007ff9acef0000 - 0x00007ff9acf1d000 	C:\Windows\SYSTEM32\WINMMBASE.dll
0x00007ff9afc50000 - 0x00007ff9afc9a000 	C:\Windows\System32\cfgmgr32.dll
0x00007ff9af3f0000 - 0x00007ff9af401000 	C:\Windows\System32\kernel.appcore.dll
0x00007ff99df30000 - 0x00007ff99df41000 	C:\Program Files\Java\jdk-11.0.5\bin\verify.dll
0x00007ff99ad40000 - 0x00007ff99af34000 	C:\Windows\SYSTEM32\DBGHELP.DLL
0x00007ff99ad10000 - 0x00007ff99ad3a000 	C:\Windows\SYSTEM32\dbgcore.DLL
0x00007ff991dc0000 - 0x00007ff991de9000 	C:\Program Files\Java\jdk-11.0.5\bin\java.dll
0x00007ff985fd0000 - 0x00007ff986007000 	C:\Program Files\Java\jdk-11.0.5\bin\jdwp.dll
0x00007ff998c10000 - 0x00007ff998c26000 	C:\Program Files\Java\jdk-11.0.5\bin\zip.dll
0x00007ff9abc70000 - 0x00007ff9abc7a000 	C:\Program Files\Java\jdk-11.0.5\bin\jimage.dll

dbghelp: loaded successfully - version: 4.0.5 - missing functions: none
symbol engine: initialized successfully - sym options: 0x614 - pdb path: .;C:\Program Files\Java\jdk-11.0.5\bin;C:\Windows\SYSTEM32;C:\Windows\WinSxS\amd64_microsoft.windows.common-controls_6595b64144ccf1df_6.0.18362.720_none_e6beb5c51314836b;C:\Program Files\Java\jdk-11.0.5\bin\server

VM Arguments:
jvm_args: -agentlib:jdwp=transport=dt_socket,server=n,suspend=y,address=localhost:55109 --module-path=C:\Program Files\Java\javafx-sdk-11.0.2\lib --add-modules=javafx.controls,javafx.fxml -Dfile.encoding=UTF-8 
java_command: vehiclepanel.Main
java_class_path (initial): C:\Users\DongXiaDesktop\AppData\Roaming\Code\User\workspaceStorage\cb5088ac7a6bb521216ff81949636139\redhat.java\jdt_ws\VehiclePanelControl_2cfac632\bin;C:\Program Files\Java\javafx-sdk-11.0.2\lib\javafx.controls.jar;C:\Program Files\Java\javafx-sdk-11.0.2\lib\javafx-swt.jar;C:\Program Files\Java\javafx-sdk-11.0.2\lib\javafx.swing.jar;C:\Program Files\Java\javafx-sdk-11.0.2\lib\javafx.fxml.jar;C:\Program Files\Java\javafx-sdk-11.0.2\lib\javafx.media.jar;C:\Program Files\Java\javafx-sdk-11.0.2\lib\javafx.graphics.jar;C:\Users\DongXiaDesktop\Desktop\VehiclePanelControl\src\lib\jSerialComm-2.6.0.jar;C:\Program Files\Java\javafx-sdk-11.0.2\lib\javafx.web.jar;C:\Program Files\Java\javafx-sdk-11.0.2\lib\javafx.base.jar
Launcher Type: SUN_STANDARD

[Global flags]
     intx CICompilerCount                          = 3                                         {product} {ergonomic}
     uint ConcGCThreads                            = 1                                         {product} {ergonomic}
     uint G1ConcRefinementThreads                  = 4                                         {product} {ergonomic}
   size_t G1HeapRegionSize                         = 1048576                                   {product} {ergonomic}
    uintx GCDrainStackTargetSize                   = 64                                        {product} {ergonomic}
   size_t InitialHeapSize                          = 234881024                                 {product} {ergonomic}
   size_t MarkStackSize                            = 4194304                                   {product} {ergonomic}
   size_t MaxHeapSize                              = 3745513472                                {product} {ergonomic}
   size_t MinHeapDeltaBytes                        = 1048576                                   {product} {ergonomic}
    uintx NonNMethodCodeHeapSize                   = 5830732                                {pd product} {ergonomic}
    uintx NonProfiledCodeHeapSize                  = 122913754                              {pd product} {ergonomic}
    uintx ProfiledCodeHeapSize                     = 122913754                              {pd product} {ergonomic}
    uintx ReservedCodeCacheSize                    = 251658240                              {pd product} {ergonomic}
     bool SegmentedCodeCache                       = true                                      {product} {ergonomic}
     bool UseCompressedClassPointers               = true                                 {lp64_product} {ergonomic}
     bool UseCompressedOops                        = true                                 {lp64_product} {ergonomic}
     bool UseG1GC                                  = true                                      {product} {ergonomic}
     bool UseLargePagesIndividualAllocation        = false                                  {pd product} {ergonomic}

Logging:
Log output configuration:
 #0: stdout all=warning uptime,level,tags
 #1: stderr all=off uptime,level,tags

Environment Variables:
PATH=C:\ti\ccsv7\ccs_base\emulation\analysis\bin\..\..\..\common\bin;C:\ti\ccsv7\ccs_base\emulation\analysis\bin\..\..\..\DebugServer\bin;C:\ti\ccsv7\ccs_base\emulation\analysis\bin\ofs;C:\ti\ccsv7\ccs_base\common\bin;C:\ti\ccsv7\ccs_base\common\uscif;C:\ActiveTcl\bin;C:\Program Files (x86)\STMicroelectronics\st_toolset\asm;C:\Program Files (x86)\Common Files\Oracle\Java\javapath;C:\Windows\system32;C:\Windows;C:\Windows\System32\Wbem;C:\Windows\System32\WindowsPowerShell\v1.0\;C:\Windows\System32\OpenSSH\;C:\Program Files\MATLAB\R2017b\runtime\win64;C:\Program Files\MATLAB\R2017b\bin;C:\Program Files (x86)\COSMIC\FSE_Compilers\CXSTM8;C:\Program Files (x86)\COSMIC\FSE_Compilers\CXSTM32;C:\Program Files\Git\cmd;C:\Program Files\dotnet\;C:\Program Files (x86)\Wolfram Research\WolframScript\;C:\Program Files\TortoiseSVN\bin;C:\cadence\Cadence\Cadence_SPB_16.6-2015\openaccess\bin\win32\opt;C:\cadence\Cadence\Cadence_SPB_16.6-2015\tools\capture;C:\cadence\Cadence\Cadence_SPB_16.6-2015\tools\pspice;C:\cadence\Cadence\Cadence_SPB_16.6-2015\tools\specctra\bin;C:\cadence\Cadence\Cadence_SPB_16.6-2015\tools\fet\bin;C:\cadence\Cadence\Cadence_SPB_16.6-2015\tools\libutil\bin;C:\cadence\Cadence\Cadence_SPB_16.6-2015\tools\bin;C:\cadence\Cadence\Cadence_SPB_16.6-2015\tools\pcb\bin;C:\Users\DongXiaDesktop\AppData\Local\Microsoft\WindowsApps;;C:\Program Files\JetBrains\IntelliJ IDEA 2019.3.1\bin;;C:\Users\DongXiaDesktop\AppData\Local\Programs\Microsoft VS Code\bin;C:\Program Files\SDCC\bin;C:\ti\ccsv7\ccs_base\emulation\analysis\bin\.;C:\ti\ccsv7\ccs_base\emulation\analysis\bin\../xmldb/aet_config;C:\ti\ccsv7\ccs_base\emulation\analysis\bin\../xmldb/trace_config/setup;C:\ti\ccsv7\ccs_base\emulation\analysis\bin\../xmldb/trace_config/devices;C:\ti\ccsv7\ccs_base\emulation\analysis\bin\../../../common/bin;C:\ti\ccsv7\ccs_base\emulation\analysis\bin\../../../common/uscif;C:\ti\ccsv7\ccs_base\emulation\analysis\bin\../../tpi;C:\ti\ccsv7\ccs_base\emulation\drivers
USERNAME=DongXiaDesktop
OS=Windows_NT
PROCESSOR_IDENTIFIER=AMD64 Family 23 Model 17 Stepping 0, AuthenticAMD



---------------  S Y S T E M  ---------------

OS: Windows 10 , 64 bit Build 18362 (10.0.18362.329)

CPU:total 4 (initial active 4) (4 cores per cpu, 1 threads per core) family 23 model 17 stepping 0, cmov, cx8, fxsr, mmx, sse, sse2, sse3, ssse3, sse4.1, sse4.2, popcnt, avx, avx2, aes, clmul, mmxext, 3dnowpref, lzcnt, sse4a, tsc, tscinvbit, tscinv, bmi1, bmi2, adx, sha, fma

Memory: 4k page, system-wide physical 14284M (2691M free)
TotalPageFile size 14284M (AvailPageFile size 170M)
current process WorkingSet (physical memory assigned to process): 10M, peak: 10M
current process commit charge ("private bytes"): 52M, peak: 276M

vm_info: Java HotSpot(TM) 64-Bit Server VM (11.0.5+10-LTS) for windows-amd64 JRE (11.0.5+10-LTS), built on Oct  6 2019 12:37:14 by "mach5one" with MS VC++ 15.5 (VS2017)

END.
