;===========Sensor = 1============
;===========Speed = 80============
804, 804, 804, 804, 804, 804, 804, 804, 804, 804, 
804, 804, 804, 804, 804, 804, 804, 804, 804, 804, 
804, 804, 804, 804, 804, 804, 804, 804, 804, 804, 
804, 804, 804, 804, 804, 804, 804, 804, 804, 804, 
804, 804, 804, 804, 720, 716, 711, 707, 702, 698, 
694, 689, 685, 680, 676, 671, 667, 662, 658, 653, 
649, 644, 640, 636, 631, 627, 622, 585, 564, 564, 
564, 564, 564, 564, 564, 564, 564, 564, 564, 564, 
564, 564, 564, 564, 564, 564, 564, 564, 564, 564, 
564, 564, 564, 564, 564, 564, 564, 564, 564, 564, 
;===========Speed = 50============
804, 804, 804, 804, 804, 804, 804, 804, 804, 804, 
804, 804, 804, 804, 804, 804, 804, 804, 804, 804, 
804, 804, 804, 804, 804, 804, 804, 804, 804, 804, 
804, 804, 804, 804, 804, 804, 804, 804, 804, 804, 
804, 804, 804, 804, 720, 716, 711, 707, 702, 698, 
694, 689, 685, 680, 676, 671, 667, 662, 658, 653, 
649, 644, 640, 636, 631, 627, 622, 585, 564, 564, 
564, 564, 564, 564, 564, 564, 564, 564, 564, 564, 
564, 564, 564, 564, 564, 564, 564, 564, 564, 564, 
564, 564, 564, 564, 564, 564, 564, 564, 564, 564, 
;===========Speed = 70============
804, 804, 804, 804, 804, 804, 804, 804, 804, 804, 
804, 804, 804, 804, 804, 804, 804, 804, 804, 804, 
804, 804, 804, 804, 804, 804, 804, 804, 804, 804, 
804, 804, 804, 804, 804, 804, 804, 804, 804, 804, 
804, 804, 804, 804, 720, 716, 711, 707, 702, 698, 
694, 689, 685, 680, 676, 671, 667, 662, 658, 653, 
649, 644, 640, 636, 631, 627, 622, 585, 564, 564, 
564, 564, 564, 564, 564, 564, 564, 564, 564, 564, 
564, 564, 564, 564, 564, 564, 564, 564, 564, 564, 
564, 564, 564, 564, 564, 564, 564, 564, 564, 564, 
;===========Speed = 40============
804, 804, 804, 804, 804, 804, 804, 804, 804, 804, 
804, 804, 804, 804, 804, 804, 804, 804, 804, 804, 
804, 804, 804, 804, 804, 804, 804, 804, 804, 804, 
804, 804, 804, 804, 804, 804, 804, 804, 804, 804, 
804, 804, 804, 804, 720, 716, 711, 707, 702, 698, 
694, 689, 685, 680, 676, 671, 667, 662, 658, 653, 
649, 644, 640, 636, 631, 627, 622, 585, 564, 564, 
564, 564, 564, 564, 564, 564, 564, 564, 564, 564, 
564, 564, 564, 564, 564, 564, 564, 564, 564, 564, 
564, 564, 564, 564, 564, 564, 564, 564, 564, 564, 
;===========Speed = 60============
804, 804, 804, 804, 804, 804, 804, 804, 804, 804, 
804, 804, 804, 804, 804, 804, 804, 804, 804, 804, 
804, 804, 804, 804, 804, 804, 804, 804, 804, 804, 
804, 804, 804, 804, 804, 804, 804, 804, 804, 804, 
804, 804, 804, 804, 720, 716, 711, 707, 702, 698, 
694, 689, 685, 680, 676, 671, 667, 662, 658, 653, 
649, 644, 640, 636, 631, 627, 622, 585, 564, 564, 
564, 564, 564, 564, 564, 564, 564, 564, 564, 564, 
564, 564, 564, 564, 564, 564, 564, 564, 564, 564, 
564, 564, 564, 564, 564, 564, 564, 564, 564, 564, 
;===========Sensor = 2============
;===========Speed = 80============
0, 0, 0, 0, 0, 0, 0, 0, 0, 0, 
0, 0, 0, 0, 0, 0, 0, 0, 0, 0, 
0, 0, 0, 0, 0, 0, 0, 0, 0, 0, 
0, 0, 0, 0, 0, 0, 0, 0, 0, 0, 
0, 0, 0, 0, 0, 0, 0, 0, 0, 0, 
0, 0, 0, 0, 0, 0, 0, 0, 0, 0, 
0, 0, 0, 0, 0, 0, 0, 0, 0, 0, 
0, 0, 0, 0, 0, 0, 0, 0, 0, 0, 
0, 0, 0, 0, 0, 0, 0, 0, 0, 0, 
0, 0, 0, 0, 0, 0, 0, 0, 0, 0, 
;===========Speed = 50============
0, 0, 0, 0, 0, 0, 0, 0, 0, 0, 
0, 0, 0, 0, 0, 0, 0, 0, 0, 0, 
0, 0, 0, 0, 0, 0, 0, 0, 0, 0, 
0, 0, 0, 0, 0, 0, 0, 0, 0, 0, 
0, 0, 0, 0, 0, 0, 0, 0, 0, 0, 
0, 0, 0, 0, 0, 0, 0, 0, 0, 0, 
0, 0, 0, 0, 0, 0, 0, 0, 0, 0, 
0, 0, 0, 0, 0, 0, 0, 0, 0, 0, 
0, 0, 0, 0, 0, 0, 0, 0, 0, 0, 
0, 0, 0, 0, 0, 0, 0, 0, 0, 0, 
;===========Speed = 70============
0, 0, 0, 0, 0, 0, 0, 0, 0, 0, 
0, 0, 0, 0, 0, 0, 0, 0, 0, 0, 
0, 0, 0, 0, 0, 0, 0, 0, 0, 0, 
0, 0, 0, 0, 0, 0, 0, 0, 0, 0, 
0, 0, 0, 0, 0, 0, 0, 0, 0, 0, 
0, 0, 0, 0, 0, 0, 0, 0, 0, 0, 
0, 0, 0, 0, 0, 0, 0, 0, 0, 0, 
0, 0, 0, 0, 0, 0, 0, 0, 0, 0, 
0, 0, 0, 0, 0, 0, 0, 0, 0, 0, 
0, 0, 0, 0, 0, 0, 0, 0, 0, 0, 
;===========Speed = 40============
0, 0, 0, 0, 0, 0, 0, 0, 0, 0, 
0, 0, 0, 0, 0, 0, 0, 0, 0, 0, 
0, 0, 0, 0, 0, 0, 0, 0, 0, 0, 
0, 0, 0, 0, 0, 0, 0, 0, 0, 0, 
0, 0, 0, 0, 0, 0, 0, 0, 0, 0, 
0, 0, 0, 0, 0, 0, 0, 0, 0, 0, 
0, 0, 0, 0, 0, 0, 0, 0, 0, 0, 
0, 0, 0, 0, 0, 0, 0, 0, 0, 0, 
0, 0, 0, 0, 0, 0, 0, 0, 0, 0, 
0, 0, 0, 0, 0, 0, 0, 0, 0, 0, 
;===========Speed = 60============
0, 0, 0, 0, 0, 0, 0, 0, 0, 0, 
0, 0, 0, 0, 0, 0, 0, 0, 0, 0, 
0, 0, 0, 0, 0, 0, 0, 0, 0, 0, 
0, 0, 0, 0, 0, 0, 0, 0, 0, 0, 
0, 0, 0, 0, 0, 0, 0, 0, 0, 0, 
0, 0, 0, 0, 0, 0, 0, 0, 0, 0, 
0, 0, 0, 0, 0, 0, 0, 0, 0, 0, 
0, 0, 0, 0, 0, 0, 0, 0, 0, 0, 
0, 0, 0, 0, 0, 0, 0, 0, 0, 0, 
0, 0, 0, 0, 0, 0, 0, 0, 0, 0, 
;===========Sensor = 3============
;===========Speed = 80============
867, 867, 867, 867, 867, 867, 867, 867, 867, 867, 
867, 867, 867, 867, 867, 867, 867, 867, 867, 867, 
867, 867, 867, 867, 867, 867, 867, 867, 867, 867, 
867, 867, 867, 867, 867, 867, 867, 867, 867, 867, 
867, 867, 867, 867, 852, 846, 840, 834, 828, 821, 
815, 809, 803, 797, 791, 785, 779, 773, 766, 760, 
754, 748, 742, 736, 730, 724, 717, 683, 654, 654, 
654, 654, 654, 654, 654, 654, 654, 654, 654, 654, 
654, 654, 654, 654, 654, 654, 654, 654, 654, 654, 
654, 654, 654, 654, 654, 654, 654, 654, 654, 654, 
;===========Speed = 50============
867, 867, 867, 867, 867, 867, 867, 867, 867, 867, 
867, 867, 867, 867, 867, 867, 867, 867, 867, 867, 
867, 867, 867, 867, 867, 867, 867, 867, 867, 867, 
867, 867, 867, 867, 867, 867, 867, 867, 867, 867, 
867, 867, 867, 867, 852, 846, 840, 834, 828, 821, 
815, 809, 803, 797, 791, 785, 779, 773, 766, 760, 
754, 748, 742, 736, 730, 724, 717, 683, 654, 654, 
654, 654, 654, 654, 654, 654, 654, 654, 654, 654, 
654, 654, 654, 654, 654, 654, 654, 654, 654, 654, 
654, 654, 654, 654, 654, 654, 654, 654, 654, 654, 
;===========Speed = 70============
867, 867, 867, 867, 867, 867, 867, 867, 867, 867, 
867, 867, 867, 867, 867, 867, 867, 867, 867, 867, 
867, 867, 867, 867, 867, 867, 867, 867, 867, 867, 
867, 867, 867, 867, 867, 867, 867, 867, 867, 867, 
867, 867, 867, 867, 852, 846, 840, 834, 828, 821, 
815, 809, 803, 797, 791, 785, 779, 773, 766, 760, 
754, 748, 742, 736, 730, 724, 717, 683, 654, 654, 
654, 654, 654, 654, 654, 654, 654, 654, 654, 654, 
654, 654, 654, 654, 654, 654, 654, 654, 654, 654, 
654, 654, 654, 654, 654, 654, 654, 654, 654, 654, 
;===========Speed = 40============
867, 867, 867, 867, 867, 867, 867, 867, 867, 867, 
867, 867, 867, 867, 867, 867, 867, 867, 867, 867, 
867, 867, 867, 867, 867, 867, 867, 867, 867, 867, 
867, 867, 867, 867, 867, 867, 867, 867, 867, 867, 
867, 867, 867, 867, 852, 846, 840, 834, 828, 821, 
815, 809, 803, 797, 791, 785, 779, 773, 766, 760, 
754, 748, 742, 736, 730, 724, 717, 683, 654, 654, 
654, 654, 654, 654, 654, 654, 654, 654, 654, 654, 
654, 654, 654, 654, 654, 654, 654, 654, 654, 654, 
654, 654, 654, 654, 654, 654, 654, 654, 654, 654, 
;===========Speed = 60============
867, 867, 867, 867, 867, 867, 867, 867, 867, 867, 
867, 867, 867, 867, 867, 867, 867, 867, 867, 867, 
867, 867, 867, 867, 867, 867, 867, 867, 867, 867, 
867, 867, 867, 867, 867, 867, 867, 867, 867, 867, 
867, 867, 867, 867, 852, 846, 840, 834, 828, 821, 
815, 809, 803, 797, 791, 785, 779, 773, 766, 760, 
754, 748, 742, 736, 730, 724, 717, 683, 654, 654, 
654, 654, 654, 654, 654, 654, 654, 654, 654, 654, 
654, 654, 654, 654, 654, 654, 654, 654, 654, 654, 
654, 654, 654, 654, 654, 654, 654, 654, 654, 654, 
